File verbosity level: 9
date       time         ( uptime  ) [ thread name/id ]                   file:line     v| 
2024-06-01 18:03:50.361 (   0.001s) [        10A83630]             loguru.cpp:841   INFO| Logging to 'client5.log', mode: 'w', verbosity: 9
2024-06-01 18:03:50.363 (   0.002s) [        10A83630]             socket.cpp:21    INFO| Socket init for 5
2024-06-01 18:03:50.364 (   0.004s) [        10A83630]             client.cpp:21    INFO| Client 5 init
2024-06-01 18:03:50.365 (   0.004s) [        10A83630]             client.cpp:328   INFO| Client 5 thread start working
2024-06-01 18:04:20.395 (  30.034s) [        10A83630]             client.cpp:202   INFO| Client 5 power on
2024-06-01 18:04:21.684 (  31.324s) [        B27C231D]             client.cpp:33    INFO| Client 5 request status from server
2024-06-01 18:04:22.694 (  32.333s) [        B27C231D]             client.cpp:33    INFO| Client 5 request status from server
2024-06-01 18:04:22.694 (  32.334s) [        B27C231D]             client.cpp:171   INFO| Client 5 status changed to 0
2024-06-01 18:04:23.702 (  33.341s) [        B27C231D]             client.cpp:33    INFO| Client 5 request status from server
2024-06-01 18:04:23.702 (  33.341s) [        B27C231D]             client.cpp:171   INFO| Client 5 status changed to 0
2024-06-01 18:04:24.711 (  34.351s) [        B27C231D]             client.cpp:33    INFO| Client 5 request status from server
2024-06-01 18:04:24.712 (  34.351s) [        B27C231D]             client.cpp:171   INFO| Client 5 status changed to 0
2024-06-01 18:04:25.719 (  35.359s) [        B27C231D]             client.cpp:33    INFO| Client 5 request status from server
2024-06-01 18:04:25.719 (  35.359s) [        B27C231D]             client.cpp:171   INFO| Client 5 status changed to 0
2024-06-01 18:04:26.732 (  36.372s) [        B27C231D]             client.cpp:33    INFO| Client 5 request status from server
2024-06-01 18:04:26.732 (  36.372s) [        B27C231D]             client.cpp:171   INFO| Client 5 status changed to 1
2024-06-01 18:04:26.732 (  36.372s) [        A98C6B0B]             client.cpp:109   INFO| Client 5 cur temp changed to 14.500000
2024-06-01 18:04:27.740 (  37.380s) [        B27C231D]             client.cpp:33    INFO| Client 5 request status from server
2024-06-01 18:04:27.741 (  37.380s) [        B27C231D]             client.cpp:171   INFO| Client 5 status changed to 1
2024-06-01 18:04:28.748 (  38.388s) [        B27C231D]             client.cpp:33    INFO| Client 5 request status from server
2024-06-01 18:04:28.748 (  38.388s) [        B27C231D]             client.cpp:171   INFO| Client 5 status changed to 1
2024-06-01 18:04:29.754 (  39.394s) [        B27C231D]             client.cpp:33    INFO| Client 5 request status from server
2024-06-01 18:04:29.755 (  39.394s) [        B27C231D]             client.cpp:171   INFO| Client 5 status changed to 1
2024-06-01 18:04:30.404 (  40.044s) [        10A83630]             client.cpp:145   INFO| Client 5 wind speed changed to 3
2024-06-01 18:04:30.763 (  40.403s) [        B27C231D]             client.cpp:33    INFO| Client 5 request status from server
2024-06-01 18:04:30.763 (  40.403s) [        B27C231D]             client.cpp:171   INFO| Client 5 status changed to 1
2024-06-01 18:04:31.773 (  41.413s) [        B27C231D]             client.cpp:33    INFO| Client 5 request status from server
2024-06-01 18:04:31.774 (  41.413s) [        B27C231D]             client.cpp:171   INFO| Client 5 status changed to 1
2024-06-01 18:04:32.784 (  42.423s) [        B27C231D]             client.cpp:33    INFO| Client 5 request status from server
2024-06-01 18:04:32.784 (  42.423s) [        B27C231D]             client.cpp:171   INFO| Client 5 status changed to 1
2024-06-01 18:04:33.790 (  43.430s) [        B27C231D]             client.cpp:33    INFO| Client 5 request status from server
2024-06-01 18:04:33.790 (  43.430s) [        B27C231D]             client.cpp:171   INFO| Client 5 status changed to 1
2024-06-01 18:04:34.801 (  44.440s) [        B27C231D]             client.cpp:33    INFO| Client 5 request status from server
2024-06-01 18:04:34.801 (  44.440s) [        B27C231D]             client.cpp:171   INFO| Client 5 status changed to 1
2024-06-01 18:04:35.810 (  45.449s) [        B27C231D]             client.cpp:33    INFO| Client 5 request status from server
2024-06-01 18:04:35.810 (  45.449s) [        B27C231D]             client.cpp:171   INFO| Client 5 status changed to 1
2024-06-01 18:04:36.742 (  46.382s) [        A98C6B0B]             client.cpp:109   INFO| Client 5 cur temp changed to 15.500000
2024-06-01 18:04:36.820 (  46.460s) [        B27C231D]             client.cpp:33    INFO| Client 5 request status from server
2024-06-01 18:04:36.821 (  46.460s) [        B27C231D]             client.cpp:171   INFO| Client 5 status changed to 1
2024-06-01 18:04:37.829 (  47.469s) [        B27C231D]             client.cpp:33    INFO| Client 5 request status from server
2024-06-01 18:04:37.830 (  47.469s) [        B27C231D]             client.cpp:171   INFO| Client 5 status changed to 1
2024-06-01 18:04:38.832 (  48.471s) [        B27C231D]             client.cpp:33    INFO| Client 5 request status from server
2024-06-01 18:04:38.832 (  48.472s) [        B27C231D]             client.cpp:171   INFO| Client 5 status changed to 1
2024-06-01 18:04:39.843 (  49.482s) [        B27C231D]             client.cpp:33    INFO| Client 5 request status from server
2024-06-01 18:04:39.843 (  49.483s) [        B27C231D]             client.cpp:171   INFO| Client 5 status changed to 1
2024-06-01 18:04:40.850 (  50.490s) [        B27C231D]             client.cpp:33    INFO| Client 5 request status from server
2024-06-01 18:04:40.850 (  50.490s) [        B27C231D]             client.cpp:171   INFO| Client 5 status changed to 1
2024-06-01 18:04:41.856 (  51.496s) [        B27C231D]             client.cpp:33    INFO| Client 5 request status from server
2024-06-01 18:04:41.857 (  51.496s) [        B27C231D]             client.cpp:171   INFO| Client 5 status changed to 1
2024-06-01 18:04:42.866 (  52.505s) [        B27C231D]             client.cpp:33    INFO| Client 5 request status from server
2024-06-01 18:04:42.866 (  52.506s) [        B27C231D]             client.cpp:171   INFO| Client 5 status changed to 1
2024-06-01 18:04:43.873 (  53.513s) [        B27C231D]             client.cpp:33    INFO| Client 5 request status from server
2024-06-01 18:04:43.874 (  53.513s) [        B27C231D]             client.cpp:171   INFO| Client 5 status changed to 1
2024-06-01 18:04:44.885 (  54.525s) [        B27C231D]             client.cpp:33    INFO| Client 5 request status from server
2024-06-01 18:04:44.886 (  54.525s) [        B27C231D]             client.cpp:171   INFO| Client 5 status changed to 1
2024-06-01 18:04:45.898 (  55.537s) [        B27C231D]             client.cpp:33    INFO| Client 5 request status from server
2024-06-01 18:04:45.898 (  55.538s) [        B27C231D]             client.cpp:171   INFO| Client 5 status changed to 1
2024-06-01 18:04:46.750 (  56.390s) [        A98C6B0B]             client.cpp:109   INFO| Client 5 cur temp changed to 16.500000
2024-06-01 18:04:46.907 (  56.546s) [        B27C231D]             client.cpp:33    INFO| Client 5 request status from server
2024-06-01 18:04:46.907 (  56.547s) [        B27C231D]             client.cpp:171   INFO| Client 5 status changed to 1
2024-06-01 18:04:47.919 (  57.559s) [        B27C231D]             client.cpp:33    INFO| Client 5 request status from server
2024-06-01 18:04:47.920 (  57.559s) [        B27C231D]             client.cpp:171   INFO| Client 5 status changed to 1
2024-06-01 18:04:48.925 (  58.565s) [        B27C231D]             client.cpp:33    INFO| Client 5 request status from server
2024-06-01 18:04:48.926 (  58.565s) [        B27C231D]             client.cpp:171   INFO| Client 5 status changed to 1
2024-06-01 18:04:49.936 (  59.575s) [        B27C231D]             client.cpp:33    INFO| Client 5 request status from server
2024-06-01 18:04:49.936 (  59.575s) [        B27C231D]             client.cpp:171   INFO| Client 5 status changed to 1
2024-06-01 18:04:50.946 (  60.585s) [        B27C231D]             client.cpp:33    INFO| Client 5 request status from server
2024-06-01 18:04:50.946 (  60.585s) [        B27C231D]             client.cpp:171   INFO| Client 5 status changed to 1
2024-06-01 18:04:51.950 (  61.590s) [        B27C231D]             client.cpp:33    INFO| Client 5 request status from server
2024-06-01 18:04:51.950 (  61.590s) [        B27C231D]             client.cpp:171   INFO| Client 5 status changed to 1
2024-06-01 18:04:52.953 (  62.593s) [        B27C231D]             client.cpp:33    INFO| Client 5 request status from server
2024-06-01 18:04:52.954 (  62.593s) [        B27C231D]             client.cpp:171   INFO| Client 5 status changed to 1
2024-06-01 18:04:53.966 (  63.605s) [        B27C231D]             client.cpp:33    INFO| Client 5 request status from server
2024-06-01 18:04:53.966 (  63.606s) [        B27C231D]             client.cpp:171   INFO| Client 5 status changed to 1
2024-06-01 18:04:54.972 (  64.611s) [        B27C231D]             client.cpp:33    INFO| Client 5 request status from server
2024-06-01 18:04:54.972 (  64.611s) [        B27C231D]             client.cpp:171   INFO| Client 5 status changed to 1
2024-06-01 18:04:55.981 (  65.621s) [        B27C231D]             client.cpp:33    INFO| Client 5 request status from server
2024-06-01 18:04:55.982 (  65.621s) [        B27C231D]             client.cpp:171   INFO| Client 5 status changed to 1
2024-06-01 18:04:56.755 (  66.394s) [        A98C6B0B]             client.cpp:109   INFO| Client 5 cur temp changed to 17.500000
2024-06-01 18:04:56.988 (  66.627s) [        B27C231D]             client.cpp:33    INFO| Client 5 request status from server
2024-06-01 18:04:56.988 (  66.628s) [        B27C231D]             client.cpp:171   INFO| Client 5 status changed to 1
2024-06-01 18:04:57.999 (  67.639s) [        B27C231D]             client.cpp:33    INFO| Client 5 request status from server
2024-06-01 18:04:57.999 (  67.639s) [        B27C231D]             client.cpp:171   INFO| Client 5 status changed to 1
2024-06-01 18:04:59.003 (  68.642s) [        B27C231D]             client.cpp:33    INFO| Client 5 request status from server
2024-06-01 18:04:59.003 (  68.642s) [        B27C231D]             client.cpp:171   INFO| Client 5 status changed to 1
2024-06-01 18:05:00.014 (  69.654s) [        B27C231D]             client.cpp:33    INFO| Client 5 request status from server
2024-06-01 18:05:00.015 (  69.654s) [        B27C231D]             client.cpp:171   INFO| Client 5 status changed to 1
2024-06-01 18:05:00.437 (  70.076s) [        10A83630]             client.cpp:160   INFO| Client 5 target temp changed to 24.000000
2024-06-01 18:05:01.027 (  70.666s) [        B27C231D]             client.cpp:33    INFO| Client 5 request status from server
2024-06-01 18:05:01.027 (  70.667s) [        B27C231D]             client.cpp:171   INFO| Client 5 status changed to 1
2024-06-01 18:05:02.035 (  71.675s) [        B27C231D]             client.cpp:33    INFO| Client 5 request status from server
2024-06-01 18:05:02.036 (  71.675s) [        B27C231D]             client.cpp:171   INFO| Client 5 status changed to 1
2024-06-01 18:05:03.044 (  72.683s) [        B27C231D]             client.cpp:33    INFO| Client 5 request status from server
2024-06-01 18:05:03.044 (  72.683s) [        B27C231D]             client.cpp:171   INFO| Client 5 status changed to 1
2024-06-01 18:05:04.051 (  73.691s) [        B27C231D]             client.cpp:33    INFO| Client 5 request status from server
2024-06-01 18:05:04.052 (  73.691s) [        B27C231D]             client.cpp:171   INFO| Client 5 status changed to 1
2024-06-01 18:05:05.060 (  74.700s) [        B27C231D]             client.cpp:33    INFO| Client 5 request status from server
2024-06-01 18:05:05.061 (  74.700s) [        B27C231D]             client.cpp:171   INFO| Client 5 status changed to 1
2024-06-01 18:05:06.071 (  75.710s) [        B27C231D]             client.cpp:33    INFO| Client 5 request status from server
2024-06-01 18:05:06.071 (  75.711s) [        B27C231D]             client.cpp:171   INFO| Client 5 status changed to 1
2024-06-01 18:05:06.756 (  76.395s) [        A98C6B0B]             client.cpp:109   INFO| Client 5 cur temp changed to 18.500000
2024-06-01 18:05:07.082 (  76.721s) [        B27C231D]             client.cpp:33    INFO| Client 5 request status from server
2024-06-01 18:05:07.082 (  76.721s) [        B27C231D]             client.cpp:171   INFO| Client 5 status changed to 1
2024-06-01 18:05:08.091 (  77.731s) [        B27C231D]             client.cpp:33    INFO| Client 5 request status from server
2024-06-01 18:05:08.092 (  77.731s) [        B27C231D]             client.cpp:171   INFO| Client 5 status changed to 1
2024-06-01 18:05:09.101 (  78.740s) [        B27C231D]             client.cpp:33    INFO| Client 5 request status from server
2024-06-01 18:05:09.101 (  78.740s) [        B27C231D]             client.cpp:171   INFO| Client 5 status changed to 1
2024-06-01 18:05:10.106 (  79.746s) [        B27C231D]             client.cpp:33    INFO| Client 5 request status from server
2024-06-01 18:05:10.107 (  79.746s) [        B27C231D]             client.cpp:171   INFO| Client 5 status changed to 1
2024-06-01 18:05:11.114 (  80.753s) [        B27C231D]             client.cpp:33    INFO| Client 5 request status from server
2024-06-01 18:05:11.114 (  80.754s) [        B27C231D]             client.cpp:171   INFO| Client 5 status changed to 1
2024-06-01 18:05:12.119 (  81.759s) [        B27C231D]             client.cpp:33    INFO| Client 5 request status from server
2024-06-01 18:05:12.120 (  81.759s) [        B27C231D]             client.cpp:171   INFO| Client 5 status changed to 1
2024-06-01 18:05:13.128 (  82.768s) [        B27C231D]             client.cpp:33    INFO| Client 5 request status from server
2024-06-01 18:05:13.129 (  82.768s) [        B27C231D]             client.cpp:171   INFO| Client 5 status changed to 1
2024-06-01 18:05:14.133 (  83.772s) [        B27C231D]             client.cpp:33    INFO| Client 5 request status from server
2024-06-01 18:05:14.133 (  83.773s) [        B27C231D]             client.cpp:171   INFO| Client 5 status changed to 1
2024-06-01 18:05:15.144 (  84.783s) [        B27C231D]             client.cpp:33    INFO| Client 5 request status from server
2024-06-01 18:05:15.144 (  84.784s) [        B27C231D]             client.cpp:171   INFO| Client 5 status changed to 1
2024-06-01 18:05:16.154 (  85.794s) [        B27C231D]             client.cpp:33    INFO| Client 5 request status from server
2024-06-01 18:05:16.155 (  85.794s) [        B27C231D]             client.cpp:171   INFO| Client 5 status changed to 1
2024-06-01 18:05:16.758 (  86.398s) [        A98C6B0B]             client.cpp:109   INFO| Client 5 cur temp changed to 19.500000
2024-06-01 18:05:17.164 (  86.804s) [        B27C231D]             client.cpp:33    INFO| Client 5 request status from server
2024-06-01 18:05:17.165 (  86.804s) [        B27C231D]             client.cpp:171   INFO| Client 5 status changed to 1
2024-06-01 18:05:18.166 (  87.805s) [        B27C231D]             client.cpp:33    INFO| Client 5 request status from server
2024-06-01 18:05:18.166 (  87.806s) [        B27C231D]             client.cpp:171   INFO| Client 5 status changed to 1
2024-06-01 18:05:19.176 (  88.815s) [        B27C231D]             client.cpp:33    INFO| Client 5 request status from server
2024-06-01 18:05:19.176 (  88.816s) [        B27C231D]             client.cpp:171   INFO| Client 5 status changed to 1
2024-06-01 18:05:20.184 (  89.824s) [        B27C231D]             client.cpp:33    INFO| Client 5 request status from server
2024-06-01 18:05:20.185 (  89.824s) [        B27C231D]             client.cpp:171   INFO| Client 5 status changed to 1
2024-06-01 18:05:21.187 (  90.826s) [        B27C231D]             client.cpp:33    INFO| Client 5 request status from server
2024-06-01 18:05:21.187 (  90.827s) [        B27C231D]             client.cpp:171   INFO| Client 5 status changed to 1
2024-06-01 18:05:22.195 (  91.834s) [        B27C231D]             client.cpp:33    INFO| Client 5 request status from server
2024-06-01 18:05:22.195 (  91.835s) [        B27C231D]             client.cpp:171   INFO| Client 5 status changed to 1
2024-06-01 18:05:23.205 (  92.844s) [        B27C231D]             client.cpp:33    INFO| Client 5 request status from server
2024-06-01 18:05:23.205 (  92.845s) [        B27C231D]             client.cpp:171   INFO| Client 5 status changed to 1
2024-06-01 18:05:24.211 (  93.851s) [        B27C231D]             client.cpp:33    INFO| Client 5 request status from server
2024-06-01 18:05:24.212 (  93.851s) [        B27C231D]             client.cpp:171   INFO| Client 5 status changed to 1
2024-06-01 18:05:25.216 (  94.856s) [        B27C231D]             client.cpp:33    INFO| Client 5 request status from server
2024-06-01 18:05:25.217 (  94.856s) [        B27C231D]             client.cpp:171   INFO| Client 5 status changed to 1
2024-06-01 18:05:26.224 (  95.863s) [        B27C231D]             client.cpp:33    INFO| Client 5 request status from server
2024-06-01 18:05:26.224 (  95.864s) [        B27C231D]             client.cpp:171   INFO| Client 5 status changed to 1
2024-06-01 18:05:26.766 (  96.405s) [        A98C6B0B]             client.cpp:109   INFO| Client 5 cur temp changed to 20.500000
2024-06-01 18:05:27.230 (  96.870s) [        B27C231D]             client.cpp:33    INFO| Client 5 request status from server
2024-06-01 18:05:27.231 (  96.870s) [        B27C231D]             client.cpp:171   INFO| Client 5 status changed to 1
2024-06-01 18:05:28.240 (  97.880s) [        B27C231D]             client.cpp:33    INFO| Client 5 request status from server
2024-06-01 18:05:28.241 (  97.880s) [        B27C231D]             client.cpp:171   INFO| Client 5 status changed to 1
2024-06-01 18:05:29.246 (  98.886s) [        B27C231D]             client.cpp:33    INFO| Client 5 request status from server
2024-06-01 18:05:29.247 (  98.886s) [        B27C231D]             client.cpp:171   INFO| Client 5 status changed to 1
2024-06-01 18:05:30.261 (  99.901s) [        B27C231D]             client.cpp:33    INFO| Client 5 request status from server
2024-06-01 18:05:30.262 (  99.901s) [        B27C231D]             client.cpp:171   INFO| Client 5 status changed to 1
2024-06-01 18:05:31.269 ( 100.909s) [        B27C231D]             client.cpp:33    INFO| Client 5 request status from server
2024-06-01 18:05:31.270 ( 100.909s) [        B27C231D]             client.cpp:171   INFO| Client 5 status changed to 1
2024-06-01 18:05:32.278 ( 101.918s) [        B27C231D]             client.cpp:33    INFO| Client 5 request status from server
2024-06-01 18:05:32.279 ( 101.918s) [        B27C231D]             client.cpp:171   INFO| Client 5 status changed to 1
2024-06-01 18:05:33.286 ( 102.926s) [        B27C231D]             client.cpp:33    INFO| Client 5 request status from server
2024-06-01 18:05:33.287 ( 102.926s) [        B27C231D]             client.cpp:171   INFO| Client 5 status changed to 1
2024-06-01 18:05:34.300 ( 103.939s) [        B27C231D]             client.cpp:33    INFO| Client 5 request status from server
2024-06-01 18:05:34.300 ( 103.940s) [        B27C231D]             client.cpp:171   INFO| Client 5 status changed to 1
2024-06-01 18:05:35.311 ( 104.951s) [        B27C231D]             client.cpp:33    INFO| Client 5 request status from server
2024-06-01 18:05:35.312 ( 104.951s) [        B27C231D]             client.cpp:171   INFO| Client 5 status changed to 1
2024-06-01 18:05:36.322 ( 105.961s) [        B27C231D]             client.cpp:33    INFO| Client 5 request status from server
2024-06-01 18:05:36.322 ( 105.962s) [        B27C231D]             client.cpp:171   INFO| Client 5 status changed to 1
2024-06-01 18:05:36.771 ( 106.410s) [        A98C6B0B]             client.cpp:109   INFO| Client 5 cur temp changed to 21.500000
2024-06-01 18:05:37.328 ( 106.968s) [        B27C231D]             client.cpp:33    INFO| Client 5 request status from server
2024-06-01 18:05:37.329 ( 106.968s) [        B27C231D]             client.cpp:171   INFO| Client 5 status changed to 1
2024-06-01 18:05:38.335 ( 107.974s) [        B27C231D]             client.cpp:33    INFO| Client 5 request status from server
2024-06-01 18:05:38.335 ( 107.975s) [        B27C231D]             client.cpp:171   INFO| Client 5 status changed to 1
2024-06-01 18:05:39.341 ( 108.981s) [        B27C231D]             client.cpp:33    INFO| Client 5 request status from server
2024-06-01 18:05:39.342 ( 108.981s) [        B27C231D]             client.cpp:171   INFO| Client 5 status changed to 1
2024-06-01 18:05:40.349 ( 109.988s) [        B27C231D]             client.cpp:33    INFO| Client 5 request status from server
2024-06-01 18:05:40.349 ( 109.989s) [        B27C231D]             client.cpp:171   INFO| Client 5 status changed to 1
2024-06-01 18:05:40.457 ( 110.097s) [        10A83630]             client.cpp:145   INFO| Client 5 wind speed changed to 2
2024-06-01 18:05:41.354 ( 110.994s) [        B27C231D]             client.cpp:33    INFO| Client 5 request status from server
2024-06-01 18:05:41.355 ( 110.994s) [        B27C231D]             client.cpp:171   INFO| Client 5 status changed to 1
2024-06-01 18:05:42.367 ( 112.006s) [        B27C231D]             client.cpp:33    INFO| Client 5 request status from server
2024-06-01 18:05:42.367 ( 112.007s) [        B27C231D]             client.cpp:171   INFO| Client 5 status changed to 1
2024-06-01 18:05:43.377 ( 113.016s) [        B27C231D]             client.cpp:33    INFO| Client 5 request status from server
2024-06-01 18:05:43.377 ( 113.016s) [        B27C231D]             client.cpp:171   INFO| Client 5 status changed to 1
2024-06-01 18:05:44.385 ( 114.025s) [        B27C231D]             client.cpp:33    INFO| Client 5 request status from server
2024-06-01 18:05:44.385 ( 114.025s) [        B27C231D]             client.cpp:171   INFO| Client 5 status changed to 1
2024-06-01 18:05:45.392 ( 115.031s) [        B27C231D]             client.cpp:33    INFO| Client 5 request status from server
2024-06-01 18:05:45.392 ( 115.031s) [        B27C231D]             client.cpp:171   INFO| Client 5 status changed to 1
2024-06-01 18:05:46.401 ( 116.040s) [        B27C231D]             client.cpp:33    INFO| Client 5 request status from server
2024-06-01 18:05:46.401 ( 116.041s) [        B27C231D]             client.cpp:171   INFO| Client 5 status changed to 1
2024-06-01 18:05:46.771 ( 116.411s) [        A98C6B0B]             client.cpp:109   INFO| Client 5 cur temp changed to 22.000000
2024-06-01 18:05:47.411 ( 117.051s) [        B27C231D]             client.cpp:33    INFO| Client 5 request status from server
2024-06-01 18:05:47.412 ( 117.051s) [        B27C231D]             client.cpp:171   INFO| Client 5 status changed to 0
2024-06-01 18:05:48.419 ( 118.058s) [        B27C231D]             client.cpp:33    INFO| Client 5 request status from server
2024-06-01 18:05:48.419 ( 118.059s) [        B27C231D]             client.cpp:171   INFO| Client 5 status changed to 0
2024-06-01 18:05:49.432 ( 119.072s) [        B27C231D]             client.cpp:33    INFO| Client 5 request status from server
2024-06-01 18:05:49.433 ( 119.072s) [        B27C231D]             client.cpp:171   INFO| Client 5 status changed to 0
2024-06-01 18:05:50.445 ( 120.084s) [        B27C231D]             client.cpp:33    INFO| Client 5 request status from server
2024-06-01 18:05:50.445 ( 120.085s) [        B27C231D]             client.cpp:171   INFO| Client 5 status changed to 0
2024-06-01 18:05:51.453 ( 121.093s) [        B27C231D]             client.cpp:33    INFO| Client 5 request status from server
2024-06-01 18:05:51.454 ( 121.094s) [        B27C231D]             client.cpp:171   INFO| Client 5 status changed to 0
2024-06-01 18:05:52.461 ( 122.100s) [        B27C231D]             client.cpp:33    INFO| Client 5 request status from server
2024-06-01 18:05:52.461 ( 122.100s) [        B27C231D]             client.cpp:171   INFO| Client 5 status changed to 0
2024-06-01 18:05:53.475 ( 123.114s) [        B27C231D]             client.cpp:33    INFO| Client 5 request status from server
2024-06-01 18:05:53.475 ( 123.114s) [        B27C231D]             client.cpp:171   INFO| Client 5 status changed to 0
2024-06-01 18:05:54.488 ( 124.128s) [        B27C231D]             client.cpp:33    INFO| Client 5 request status from server
2024-06-01 18:05:54.489 ( 124.128s) [        B27C231D]             client.cpp:171   INFO| Client 5 status changed to 0
2024-06-01 18:05:55.496 ( 125.135s) [        B27C231D]             client.cpp:33    INFO| Client 5 request status from server
2024-06-01 18:05:55.496 ( 125.136s) [        B27C231D]             client.cpp:171   INFO| Client 5 status changed to 0
2024-06-01 18:05:56.507 ( 126.147s) [        B27C231D]             client.cpp:33    INFO| Client 5 request status from server
2024-06-01 18:05:56.508 ( 126.147s) [        B27C231D]             client.cpp:171   INFO| Client 5 status changed to 0
2024-06-01 18:05:56.787 ( 126.426s) [        A98C6B0B]             client.cpp:109   INFO| Client 5 cur temp changed to 21.500000
2024-06-01 18:05:57.520 ( 127.160s) [        B27C231D]             client.cpp:33    INFO| Client 5 request status from server
2024-06-01 18:05:57.520 ( 127.160s) [        B27C231D]             client.cpp:171   INFO| Client 5 status changed to 0
2024-06-01 18:05:58.527 ( 128.166s) [        B27C231D]             client.cpp:33    INFO| Client 5 request status from server
2024-06-01 18:05:58.527 ( 128.167s) [        B27C231D]             client.cpp:171   INFO| Client 5 status changed to 0
2024-06-01 18:05:59.536 ( 129.176s) [        B27C231D]             client.cpp:33    INFO| Client 5 request status from server
2024-06-01 18:05:59.537 ( 129.176s) [        B27C231D]             client.cpp:171   INFO| Client 5 status changed to 0
2024-06-01 18:06:00.549 ( 130.188s) [        B27C231D]             client.cpp:33    INFO| Client 5 request status from server
2024-06-01 18:06:00.549 ( 130.189s) [        B27C231D]             client.cpp:171   INFO| Client 5 status changed to 0
2024-06-01 18:06:01.556 ( 131.196s) [        B27C231D]             client.cpp:33    INFO| Client 5 request status from server
2024-06-01 18:06:01.557 ( 131.196s) [        B27C231D]             client.cpp:171   INFO| Client 5 status changed to 0
2024-06-01 18:06:02.563 ( 132.203s) [        B27C231D]             client.cpp:33    INFO| Client 5 request status from server
2024-06-01 18:06:02.564 ( 132.203s) [        B27C231D]             client.cpp:171   INFO| Client 5 status changed to 0
2024-06-01 18:06:03.574 ( 133.213s) [        B27C231D]             client.cpp:33    INFO| Client 5 request status from server
2024-06-01 18:06:03.574 ( 133.213s) [        B27C231D]             client.cpp:171   INFO| Client 5 status changed to 0
2024-06-01 18:06:04.580 ( 134.220s) [        B27C231D]             client.cpp:33    INFO| Client 5 request status from server
2024-06-01 18:06:04.581 ( 134.220s) [        B27C231D]             client.cpp:171   INFO| Client 5 status changed to 0
2024-06-01 18:06:05.589 ( 135.228s) [        B27C231D]             client.cpp:33    INFO| Client 5 request status from server
2024-06-01 18:06:05.589 ( 135.228s) [        B27C231D]             client.cpp:171   INFO| Client 5 status changed to 0
2024-06-01 18:06:06.595 ( 136.235s) [        B27C231D]             client.cpp:33    INFO| Client 5 request status from server
2024-06-01 18:06:06.596 ( 136.235s) [        B27C231D]             client.cpp:171   INFO| Client 5 status changed to 0
2024-06-01 18:06:06.796 ( 136.435s) [        A98C6B0B]             client.cpp:109   INFO| Client 5 cur temp changed to 21.000000
2024-06-01 18:06:07.601 ( 137.240s) [        B27C231D]             client.cpp:33    INFO| Client 5 request status from server
2024-06-01 18:06:07.601 ( 137.241s) [        B27C231D]             client.cpp:171   INFO| Client 5 status changed to 0
2024-06-01 18:06:08.612 ( 138.251s) [        B27C231D]             client.cpp:33    INFO| Client 5 request status from server
2024-06-01 18:06:08.612 ( 138.251s) [        B27C231D]             client.cpp:171   INFO| Client 5 status changed to 0
2024-06-01 18:06:09.622 ( 139.262s) [        B27C231D]             client.cpp:33    INFO| Client 5 request status from server
2024-06-01 18:06:09.623 ( 139.262s) [        B27C231D]             client.cpp:171   INFO| Client 5 status changed to 1
2024-06-01 18:06:10.632 ( 140.272s) [        B27C231D]             client.cpp:33    INFO| Client 5 request status from server
2024-06-01 18:06:10.633 ( 140.272s) [        B27C231D]             client.cpp:171   INFO| Client 5 status changed to 1
2024-06-01 18:06:11.647 ( 141.286s) [        B27C231D]             client.cpp:33    INFO| Client 5 request status from server
2024-06-01 18:06:11.647 ( 141.286s) [        B27C231D]             client.cpp:171   INFO| Client 5 status changed to 1
2024-06-01 18:06:12.655 ( 142.295s) [        B27C231D]             client.cpp:33    INFO| Client 5 request status from server
2024-06-01 18:06:12.656 ( 142.295s) [        B27C231D]             client.cpp:171   INFO| Client 5 status changed to 1
2024-06-01 18:06:13.665 ( 143.304s) [        B27C231D]             client.cpp:33    INFO| Client 5 request status from server
2024-06-01 18:06:13.665 ( 143.304s) [        B27C231D]             client.cpp:171   INFO| Client 5 status changed to 1
2024-06-01 18:06:14.680 ( 144.320s) [        B27C231D]             client.cpp:33    INFO| Client 5 request status from server
2024-06-01 18:06:14.681 ( 144.320s) [        B27C231D]             client.cpp:171   INFO| Client 5 status changed to 1
2024-06-01 18:06:15.689 ( 145.328s) [        B27C231D]             client.cpp:33    INFO| Client 5 request status from server
2024-06-01 18:06:15.689 ( 145.329s) [        B27C231D]             client.cpp:171   INFO| Client 5 status changed to 1
2024-06-01 18:06:16.693 ( 146.333s) [        B27C231D]             client.cpp:33    INFO| Client 5 request status from server
2024-06-01 18:06:16.694 ( 146.333s) [        B27C231D]             client.cpp:171   INFO| Client 5 status changed to 1
2024-06-01 18:06:16.803 ( 146.442s) [        A98C6B0B]             client.cpp:109   INFO| Client 5 cur temp changed to 21.500000
2024-06-01 18:06:17.707 ( 147.346s) [        B27C231D]             client.cpp:33    INFO| Client 5 request status from server
2024-06-01 18:06:17.707 ( 147.347s) [        B27C231D]             client.cpp:171   INFO| Client 5 status changed to 1
2024-06-01 18:06:18.714 ( 148.353s) [        B27C231D]             client.cpp:33    INFO| Client 5 request status from server
2024-06-01 18:06:18.714 ( 148.354s) [        B27C231D]             client.cpp:171   INFO| Client 5 status changed to 1
2024-06-01 18:06:19.724 ( 149.363s) [        B27C231D]             client.cpp:33    INFO| Client 5 request status from server
2024-06-01 18:06:19.724 ( 149.364s) [        B27C231D]             client.cpp:171   INFO| Client 5 status changed to 1
2024-06-01 18:06:20.733 ( 150.373s) [        B27C231D]             client.cpp:33    INFO| Client 5 request status from server
2024-06-01 18:06:20.733 ( 150.373s) [        B27C231D]             client.cpp:171   INFO| Client 5 status changed to 1
2024-06-01 18:06:21.743 ( 151.382s) [        B27C231D]             client.cpp:33    INFO| Client 5 request status from server
2024-06-01 18:06:21.744 ( 151.383s) [        B27C231D]             client.cpp:171   INFO| Client 5 status changed to 1
2024-06-01 18:06:22.753 ( 152.392s) [        B27C231D]             client.cpp:33    INFO| Client 5 request status from server
2024-06-01 18:06:22.753 ( 152.393s) [        B27C231D]             client.cpp:171   INFO| Client 5 status changed to 1
2024-06-01 18:06:23.760 ( 153.399s) [        B27C231D]             client.cpp:33    INFO| Client 5 request status from server
2024-06-01 18:06:23.760 ( 153.400s) [        B27C231D]             client.cpp:171   INFO| Client 5 status changed to 1
2024-06-01 18:06:24.768 ( 154.408s) [        B27C231D]             client.cpp:33    INFO| Client 5 request status from server
2024-06-01 18:06:24.769 ( 154.408s) [        B27C231D]             client.cpp:171   INFO| Client 5 status changed to 1
2024-06-01 18:06:25.780 ( 155.420s) [        B27C231D]             client.cpp:33    INFO| Client 5 request status from server
2024-06-01 18:06:25.780 ( 155.420s) [        B27C231D]             client.cpp:171   INFO| Client 5 status changed to 1
2024-06-01 18:06:26.785 ( 156.425s) [        B27C231D]             client.cpp:33    INFO| Client 5 request status from server
2024-06-01 18:06:26.786 ( 156.425s) [        B27C231D]             client.cpp:171   INFO| Client 5 status changed to 1
2024-06-01 18:06:26.816 ( 156.456s) [        A98C6B0B]             client.cpp:109   INFO| Client 5 cur temp changed to 22.000000
2024-06-01 18:06:27.795 ( 157.435s) [        B27C231D]             client.cpp:33    INFO| Client 5 request status from server
2024-06-01 18:06:27.796 ( 157.435s) [        B27C231D]             client.cpp:171   INFO| Client 5 status changed to 1
2024-06-01 18:06:28.807 ( 158.446s) [        B27C231D]             client.cpp:33    INFO| Client 5 request status from server
2024-06-01 18:06:28.807 ( 158.447s) [        B27C231D]             client.cpp:171   INFO| Client 5 status changed to 1
2024-06-01 18:06:29.822 ( 159.462s) [        B27C231D]             client.cpp:33    INFO| Client 5 request status from server
2024-06-01 18:06:29.822 ( 159.462s) [        B27C231D]             client.cpp:171   INFO| Client 5 status changed to 1
2024-06-01 18:06:30.492 ( 160.131s) [        10A83630]             client.cpp:213   INFO| Client 5 power off
2024-06-01 18:06:30.833 ( 160.473s) [        B27C231D]             client.cpp:33    INFO| Client 5 request status from server
2024-06-01 18:06:30.834 ( 160.473s) [        B27C231D]             client.cpp:171   INFO| Client 5 status changed to 1
2024-06-01 18:06:36.825 ( 166.465s) [        A98C6B0B]             client.cpp:109   INFO| Client 5 cur temp changed to 21.500000
2024-06-01 18:06:46.835 ( 176.475s) [        A98C6B0B]             client.cpp:109   INFO| Client 5 cur temp changed to 21.000000
2024-06-01 18:06:56.839 ( 186.479s) [        A98C6B0B]             client.cpp:109   INFO| Client 5 cur temp changed to 20.500000
2024-06-01 18:07:06.841 ( 196.480s) [        A98C6B0B]             client.cpp:109   INFO| Client 5 cur temp changed to 20.000000
2024-06-01 18:07:10.517 ( 200.156s) [        10A83630]             client.cpp:202   INFO| Client 5 power on
2024-06-01 18:07:12.176 ( 201.816s) [        B27C231D]             client.cpp:33    INFO| Client 5 request status from server
2024-06-01 18:07:13.182 ( 202.822s) [        B27C231D]             client.cpp:33    INFO| Client 5 request status from server
2024-06-01 18:07:13.183 ( 202.822s) [        B27C231D]             client.cpp:171   INFO| Client 5 status changed to 0
2024-06-01 18:07:14.189 ( 203.829s) [        B27C231D]             client.cpp:33    INFO| Client 5 request status from server
2024-06-01 18:07:14.190 ( 203.829s) [        B27C231D]             client.cpp:171   INFO| Client 5 status changed to 0
2024-06-01 18:07:15.195 ( 204.835s) [        B27C231D]             client.cpp:33    INFO| Client 5 request status from server
2024-06-01 18:07:15.196 ( 204.835s) [        B27C231D]             client.cpp:171   INFO| Client 5 status changed to 0
2024-06-01 18:07:16.208 ( 205.847s) [        B27C231D]             client.cpp:33    INFO| Client 5 request status from server
2024-06-01 18:07:16.208 ( 205.847s) [        B27C231D]             client.cpp:171   INFO| Client 5 status changed to 0
2024-06-01 18:07:16.845 ( 206.485s) [        A98C6B0B]             client.cpp:109   INFO| Client 5 cur temp changed to 19.500000
2024-06-01 18:07:17.220 ( 206.860s) [        B27C231D]             client.cpp:33    INFO| Client 5 request status from server
2024-06-01 18:07:17.220 ( 206.860s) [        B27C231D]             client.cpp:171   INFO| Client 5 status changed to 0
2024-06-01 18:07:18.233 ( 207.873s) [        B27C231D]             client.cpp:33    INFO| Client 5 request status from server
2024-06-01 18:07:18.233 ( 207.873s) [        B27C231D]             client.cpp:171   INFO| Client 5 status changed to 0
2024-06-01 18:07:19.239 ( 208.878s) [        B27C231D]             client.cpp:33    INFO| Client 5 request status from server
2024-06-01 18:07:19.239 ( 208.878s) [        B27C231D]             client.cpp:171   INFO| Client 5 status changed to 0
2024-06-01 18:07:20.247 ( 209.886s) [        B27C231D]             client.cpp:33    INFO| Client 5 request status from server
2024-06-01 18:07:20.247 ( 209.887s) [        B27C231D]             client.cpp:171   INFO| Client 5 status changed to 0
2024-06-01 18:07:21.254 ( 210.894s) [        B27C231D]             client.cpp:33    INFO| Client 5 request status from server
2024-06-01 18:07:21.254 ( 210.894s) [        B27C231D]             client.cpp:171   INFO| Client 5 status changed to 0
2024-06-01 18:07:22.263 ( 211.903s) [        B27C231D]             client.cpp:33    INFO| Client 5 request status from server
2024-06-01 18:07:22.264 ( 211.903s) [        B27C231D]             client.cpp:171   INFO| Client 5 status changed to 0
2024-06-01 18:07:23.273 ( 212.913s) [        B27C231D]             client.cpp:33    INFO| Client 5 request status from server
2024-06-01 18:07:23.273 ( 212.913s) [        B27C231D]             client.cpp:171   INFO| Client 5 status changed to 0
2024-06-01 18:07:24.282 ( 213.922s) [        B27C231D]             client.cpp:33    INFO| Client 5 request status from server
2024-06-01 18:07:24.282 ( 213.922s) [        B27C231D]             client.cpp:171   INFO| Client 5 status changed to 0
2024-06-01 18:07:25.294 ( 214.933s) [        B27C231D]             client.cpp:33    INFO| Client 5 request status from server
2024-06-01 18:07:25.294 ( 214.934s) [        B27C231D]             client.cpp:171   INFO| Client 5 status changed to 0
2024-06-01 18:07:26.303 ( 215.942s) [        B27C231D]             client.cpp:33    INFO| Client 5 request status from server
2024-06-01 18:07:26.303 ( 215.943s) [        B27C231D]             client.cpp:171   INFO| Client 5 status changed to 0
2024-06-01 18:07:26.860 ( 216.500s) [        A98C6B0B]             client.cpp:109   INFO| Client 5 cur temp changed to 19.000000
2024-06-01 18:07:27.310 ( 216.950s) [        B27C231D]             client.cpp:33    INFO| Client 5 request status from server
2024-06-01 18:07:27.310 ( 216.950s) [        B27C231D]             client.cpp:171   INFO| Client 5 status changed to 1
2024-06-01 18:07:28.320 ( 217.959s) [        B27C231D]             client.cpp:33    INFO| Client 5 request status from server
2024-06-01 18:07:28.321 ( 217.960s) [        B27C231D]             client.cpp:171   INFO| Client 5 status changed to 1
2024-06-01 18:07:29.329 ( 218.968s) [        B27C231D]             client.cpp:33    INFO| Client 5 request status from server
2024-06-01 18:07:29.329 ( 218.968s) [        B27C231D]             client.cpp:171   INFO| Client 5 status changed to 1
2024-06-01 18:07:30.339 ( 219.979s) [        B27C231D]             client.cpp:33    INFO| Client 5 request status from server
2024-06-01 18:07:30.339 ( 219.979s) [        B27C231D]             client.cpp:171   INFO| Client 5 status changed to 1
2024-06-01 18:07:31.350 ( 220.989s) [        B27C231D]             client.cpp:33    INFO| Client 5 request status from server
2024-06-01 18:07:31.350 ( 220.989s) [        B27C231D]             client.cpp:171   INFO| Client 5 status changed to 1
2024-06-01 18:07:32.359 ( 221.998s) [        B27C231D]             client.cpp:33    INFO| Client 5 request status from server
2024-06-01 18:07:32.359 ( 221.999s) [        B27C231D]             client.cpp:171   INFO| Client 5 status changed to 1
2024-06-01 18:07:33.365 ( 223.004s) [        B27C231D]             client.cpp:33    INFO| Client 5 request status from server
2024-06-01 18:07:33.365 ( 223.004s) [        B27C231D]             client.cpp:171   INFO| Client 5 status changed to 1
2024-06-01 18:07:34.367 ( 224.007s) [        B27C231D]             client.cpp:33    INFO| Client 5 request status from server
2024-06-01 18:07:34.367 ( 224.007s) [        B27C231D]             client.cpp:171   INFO| Client 5 status changed to 1
2024-06-01 18:07:35.379 ( 225.018s) [        B27C231D]             client.cpp:33    INFO| Client 5 request status from server
2024-06-01 18:07:35.379 ( 225.018s) [        B27C231D]             client.cpp:171   INFO| Client 5 status changed to 1
2024-06-01 18:07:36.385 ( 226.025s) [        B27C231D]             client.cpp:33    INFO| Client 5 request status from server
2024-06-01 18:07:36.386 ( 226.025s) [        B27C231D]             client.cpp:171   INFO| Client 5 status changed to 1
2024-06-01 18:07:36.868 ( 226.508s) [        A98C6B0B]             client.cpp:109   INFO| Client 5 cur temp changed to 19.500000
2024-06-01 18:07:37.397 ( 227.037s) [        B27C231D]             client.cpp:33    INFO| Client 5 request status from server
2024-06-01 18:07:37.398 ( 227.037s) [        B27C231D]             client.cpp:171   INFO| Client 5 status changed to 1
2024-06-01 18:07:38.412 ( 228.052s) [        B27C231D]             client.cpp:33    INFO| Client 5 request status from server
2024-06-01 18:07:38.412 ( 228.052s) [        B27C231D]             client.cpp:171   INFO| Client 5 status changed to 1
2024-06-01 18:07:39.417 ( 229.056s) [        B27C231D]             client.cpp:33    INFO| Client 5 request status from server
2024-06-01 18:07:39.417 ( 229.057s) [        B27C231D]             client.cpp:171   INFO| Client 5 status changed to 1
2024-06-01 18:07:40.428 ( 230.067s) [        B27C231D]             client.cpp:33    INFO| Client 5 request status from server
2024-06-01 18:07:40.428 ( 230.068s) [        B27C231D]             client.cpp:171   INFO| Client 5 status changed to 1
2024-06-01 18:07:41.436 ( 231.075s) [        B27C231D]             client.cpp:33    INFO| Client 5 request status from server
2024-06-01 18:07:41.436 ( 231.076s) [        B27C231D]             client.cpp:171   INFO| Client 5 status changed to 1
2024-06-01 18:07:42.444 ( 232.084s) [        B27C231D]             client.cpp:33    INFO| Client 5 request status from server
2024-06-01 18:07:42.445 ( 232.084s) [        B27C231D]             client.cpp:171   INFO| Client 5 status changed to 1
2024-06-01 18:07:43.452 ( 233.092s) [        B27C231D]             client.cpp:33    INFO| Client 5 request status from server
2024-06-01 18:07:43.453 ( 233.092s) [        B27C231D]             client.cpp:171   INFO| Client 5 status changed to 1
2024-06-01 18:07:44.459 ( 234.098s) [        B27C231D]             client.cpp:33    INFO| Client 5 request status from server
2024-06-01 18:07:44.459 ( 234.098s) [        B27C231D]             client.cpp:171   INFO| Client 5 status changed to 1
2024-06-01 18:07:45.467 ( 235.107s) [        B27C231D]             client.cpp:33    INFO| Client 5 request status from server
2024-06-01 18:07:45.468 ( 235.107s) [        B27C231D]             client.cpp:171   INFO| Client 5 status changed to 1
2024-06-01 18:07:46.477 ( 236.117s) [        B27C231D]             client.cpp:33    INFO| Client 5 request status from server
2024-06-01 18:07:46.477 ( 236.117s) [        B27C231D]             client.cpp:171   INFO| Client 5 status changed to 1
2024-06-01 18:07:46.883 ( 236.522s) [        A98C6B0B]             client.cpp:109   INFO| Client 5 cur temp changed to 20.000000
2024-06-01 18:07:47.492 ( 237.131s) [        B27C231D]             client.cpp:33    INFO| Client 5 request status from server
2024-06-01 18:07:47.492 ( 237.131s) [        B27C231D]             client.cpp:171   INFO| Client 5 status changed to 0
2024-06-01 18:07:48.501 ( 238.141s) [        B27C231D]             client.cpp:33    INFO| Client 5 request status from server
2024-06-01 18:07:48.502 ( 238.141s) [        B27C231D]             client.cpp:171   INFO| Client 5 status changed to 0
2024-06-01 18:07:49.510 ( 239.150s) [        B27C231D]             client.cpp:33    INFO| Client 5 request status from server
2024-06-01 18:07:49.510 ( 239.150s) [        B27C231D]             client.cpp:171   INFO| Client 5 status changed to 0
2024-06-01 18:07:50.520 ( 240.159s) [        B27C231D]             client.cpp:33    INFO| Client 5 request status from server
2024-06-01 18:07:50.520 ( 240.160s) [        B27C231D]             client.cpp:171   INFO| Client 5 status changed to 1
2024-06-01 18:07:50.552 ( 240.191s) [        10A83630]             client.cpp:213   INFO| Client 5 power off
2024-06-01 18:07:51.528 ( 241.167s) [        B27C231D]             client.cpp:33    INFO| Client 5 request status from server
2024-06-01 18:07:51.528 ( 241.167s) [        B27C231D]             client.cpp:171   INFO| Client 5 status changed to 1
2024-06-01 18:07:56.890 ( 246.529s) [        A98C6B0B]             client.cpp:109   INFO| Client 5 cur temp changed to 19.500000
2024-06-01 18:08:06.901 ( 256.540s) [        A98C6B0B]             client.cpp:109   INFO| Client 5 cur temp changed to 19.000000
