File verbosity level: 9
date       time         ( uptime  ) [ thread name/id ]                   file:line     v| 
2024-06-01 18:03:49.339 (   0.002s) [        E43BC286]             loguru.cpp:841   INFO| Logging to 'client3.log', mode: 'w', verbosity: 9
2024-06-01 18:03:49.342 (   0.003s) [        E43BC286]             socket.cpp:21    INFO| Socket init for 3
2024-06-01 18:03:49.344 (   0.005s) [        E43BC286]             client.cpp:21    INFO| Client 3 init
2024-06-01 18:03:49.344 (   0.005s) [        E43BC286]             client.cpp:328   INFO| Client 3 thread start working
2024-06-01 18:04:09.354 (  20.015s) [        E43BC286]             client.cpp:202   INFO| Client 3 power on
2024-06-01 18:04:10.546 (  21.207s) [        8B3C2DC5]             client.cpp:33    INFO| Client 3 request status from server
2024-06-01 18:04:11.558 (  22.219s) [        8B3C2DC5]             client.cpp:33    INFO| Client 3 request status from server
2024-06-01 18:04:11.558 (  22.219s) [        8B3C2DC5]             client.cpp:171   INFO| Client 3 status changed to 0
2024-06-01 18:04:12.564 (  23.225s) [        8B3C2DC5]             client.cpp:33    INFO| Client 3 request status from server
2024-06-01 18:04:12.564 (  23.225s) [        8B3C2DC5]             client.cpp:171   INFO| Client 3 status changed to 0
2024-06-01 18:04:13.568 (  24.229s) [        8B3C2DC5]             client.cpp:33    INFO| Client 3 request status from server
2024-06-01 18:04:13.569 (  24.230s) [        8B3C2DC5]             client.cpp:171   INFO| Client 3 status changed to 0
2024-06-01 18:04:14.580 (  25.241s) [        8B3C2DC5]             client.cpp:33    INFO| Client 3 request status from server
2024-06-01 18:04:14.580 (  25.241s) [        8B3C2DC5]             client.cpp:171   INFO| Client 3 status changed to 0
2024-06-01 18:04:15.587 (  26.248s) [        8B3C2DC5]             client.cpp:33    INFO| Client 3 request status from server
2024-06-01 18:04:15.587 (  26.248s) [        8B3C2DC5]             client.cpp:171   INFO| Client 3 status changed to 0
2024-06-01 18:04:16.597 (  27.258s) [        8B3C2DC5]             client.cpp:33    INFO| Client 3 request status from server
2024-06-01 18:04:16.597 (  27.259s) [        8B3C2DC5]             client.cpp:171   INFO| Client 3 status changed to 0
2024-06-01 18:04:17.609 (  28.270s) [        8B3C2DC5]             client.cpp:33    INFO| Client 3 request status from server
2024-06-01 18:04:17.609 (  28.270s) [        8B3C2DC5]             client.cpp:171   INFO| Client 3 status changed to 0
2024-06-01 18:04:18.621 (  29.282s) [        8B3C2DC5]             client.cpp:33    INFO| Client 3 request status from server
2024-06-01 18:04:18.622 (  29.283s) [        8B3C2DC5]             client.cpp:171   INFO| Client 3 status changed to 0
2024-06-01 18:04:19.633 (  30.294s) [        8B3C2DC5]             client.cpp:33    INFO| Client 3 request status from server
2024-06-01 18:04:19.633 (  30.294s) [        8B3C2DC5]             client.cpp:171   INFO| Client 3 status changed to 0
2024-06-01 18:04:20.643 (  31.304s) [        8B3C2DC5]             client.cpp:33    INFO| Client 3 request status from server
2024-06-01 18:04:20.643 (  31.304s) [        8B3C2DC5]             client.cpp:171   INFO| Client 3 status changed to 0
2024-06-01 18:04:21.654 (  32.315s) [        8B3C2DC5]             client.cpp:33    INFO| Client 3 request status from server
2024-06-01 18:04:21.654 (  32.315s) [        8B3C2DC5]             client.cpp:171   INFO| Client 3 status changed to 0
2024-06-01 18:04:22.664 (  33.325s) [        8B3C2DC5]             client.cpp:33    INFO| Client 3 request status from server
2024-06-01 18:04:22.664 (  33.325s) [        8B3C2DC5]             client.cpp:171   INFO| Client 3 status changed to 0
2024-06-01 18:04:23.672 (  34.333s) [        8B3C2DC5]             client.cpp:33    INFO| Client 3 request status from server
2024-06-01 18:04:23.672 (  34.333s) [        8B3C2DC5]             client.cpp:171   INFO| Client 3 status changed to 0
2024-06-01 18:04:24.681 (  35.342s) [        8B3C2DC5]             client.cpp:33    INFO| Client 3 request status from server
2024-06-01 18:04:24.681 (  35.343s) [        8B3C2DC5]             client.cpp:171   INFO| Client 3 status changed to 0
2024-06-01 18:04:25.688 (  36.349s) [        8B3C2DC5]             client.cpp:33    INFO| Client 3 request status from server
2024-06-01 18:04:25.689 (  36.350s) [        8B3C2DC5]             client.cpp:171   INFO| Client 3 status changed to 0
2024-06-01 18:04:26.700 (  37.361s) [        8B3C2DC5]             client.cpp:33    INFO| Client 3 request status from server
2024-06-01 18:04:26.700 (  37.361s) [        8B3C2DC5]             client.cpp:171   INFO| Client 3 status changed to 1
2024-06-01 18:04:26.700 (  37.361s) [        834568E9]             client.cpp:109   INFO| Client 3 cur temp changed to 18.500000
2024-06-01 18:04:27.710 (  38.371s) [        8B3C2DC5]             client.cpp:33    INFO| Client 3 request status from server
2024-06-01 18:04:27.710 (  38.371s) [        8B3C2DC5]             client.cpp:171   INFO| Client 3 status changed to 1
2024-06-01 18:04:28.717 (  39.378s) [        8B3C2DC5]             client.cpp:33    INFO| Client 3 request status from server
2024-06-01 18:04:28.717 (  39.378s) [        8B3C2DC5]             client.cpp:171   INFO| Client 3 status changed to 1
2024-06-01 18:04:29.382 (  40.043s) [        E43BC286]             client.cpp:160   INFO| Client 3 target temp changed to 27.000000
2024-06-01 18:04:29.723 (  40.385s) [        8B3C2DC5]             client.cpp:33    INFO| Client 3 request status from server
2024-06-01 18:04:29.724 (  40.385s) [        8B3C2DC5]             client.cpp:171   INFO| Client 3 status changed to 1
2024-06-01 18:04:30.733 (  41.394s) [        8B3C2DC5]             client.cpp:33    INFO| Client 3 request status from server
2024-06-01 18:04:30.733 (  41.394s) [        8B3C2DC5]             client.cpp:171   INFO| Client 3 status changed to 1
2024-06-01 18:04:31.742 (  42.404s) [        8B3C2DC5]             client.cpp:33    INFO| Client 3 request status from server
2024-06-01 18:04:31.743 (  42.404s) [        8B3C2DC5]             client.cpp:171   INFO| Client 3 status changed to 1
2024-06-01 18:04:32.752 (  43.413s) [        8B3C2DC5]             client.cpp:33    INFO| Client 3 request status from server
2024-06-01 18:04:32.752 (  43.414s) [        8B3C2DC5]             client.cpp:171   INFO| Client 3 status changed to 1
2024-06-01 18:04:33.759 (  44.420s) [        8B3C2DC5]             client.cpp:33    INFO| Client 3 request status from server
2024-06-01 18:04:33.759 (  44.420s) [        8B3C2DC5]             client.cpp:171   INFO| Client 3 status changed to 1
2024-06-01 18:04:34.770 (  45.431s) [        8B3C2DC5]             client.cpp:33    INFO| Client 3 request status from server
2024-06-01 18:04:34.770 (  45.431s) [        8B3C2DC5]             client.cpp:171   INFO| Client 3 status changed to 1
2024-06-01 18:04:35.780 (  46.441s) [        8B3C2DC5]             client.cpp:33    INFO| Client 3 request status from server
2024-06-01 18:04:35.780 (  46.441s) [        8B3C2DC5]             client.cpp:171   INFO| Client 3 status changed to 1
2024-06-01 18:04:36.711 (  47.372s) [        834568E9]             client.cpp:109   INFO| Client 3 cur temp changed to 19.000000
2024-06-01 18:04:36.790 (  47.451s) [        8B3C2DC5]             client.cpp:33    INFO| Client 3 request status from server
2024-06-01 18:04:36.790 (  47.451s) [        8B3C2DC5]             client.cpp:171   INFO| Client 3 status changed to 1
2024-06-01 18:04:37.798 (  48.459s) [        8B3C2DC5]             client.cpp:33    INFO| Client 3 request status from server
2024-06-01 18:04:37.798 (  48.459s) [        8B3C2DC5]             client.cpp:171   INFO| Client 3 status changed to 1
2024-06-01 18:04:38.801 (  49.462s) [        8B3C2DC5]             client.cpp:33    INFO| Client 3 request status from server
2024-06-01 18:04:38.801 (  49.462s) [        8B3C2DC5]             client.cpp:171   INFO| Client 3 status changed to 1
2024-06-01 18:04:39.812 (  50.473s) [        8B3C2DC5]             client.cpp:33    INFO| Client 3 request status from server
2024-06-01 18:04:39.812 (  50.473s) [        8B3C2DC5]             client.cpp:171   INFO| Client 3 status changed to 1
2024-06-01 18:04:40.820 (  51.481s) [        8B3C2DC5]             client.cpp:33    INFO| Client 3 request status from server
2024-06-01 18:04:40.820 (  51.481s) [        8B3C2DC5]             client.cpp:171   INFO| Client 3 status changed to 1
2024-06-01 18:04:41.826 (  52.487s) [        8B3C2DC5]             client.cpp:33    INFO| Client 3 request status from server
2024-06-01 18:04:41.826 (  52.487s) [        8B3C2DC5]             client.cpp:171   INFO| Client 3 status changed to 1
2024-06-01 18:04:42.834 (  53.495s) [        8B3C2DC5]             client.cpp:33    INFO| Client 3 request status from server
2024-06-01 18:04:42.835 (  53.496s) [        8B3C2DC5]             client.cpp:171   INFO| Client 3 status changed to 1
2024-06-01 18:04:43.841 (  54.502s) [        8B3C2DC5]             client.cpp:33    INFO| Client 3 request status from server
2024-06-01 18:04:43.842 (  54.503s) [        8B3C2DC5]             client.cpp:171   INFO| Client 3 status changed to 1
2024-06-01 18:04:44.855 (  55.516s) [        8B3C2DC5]             client.cpp:33    INFO| Client 3 request status from server
2024-06-01 18:04:44.855 (  55.516s) [        8B3C2DC5]             client.cpp:171   INFO| Client 3 status changed to 1
2024-06-01 18:04:45.866 (  56.528s) [        8B3C2DC5]             client.cpp:33    INFO| Client 3 request status from server
2024-06-01 18:04:45.867 (  56.528s) [        8B3C2DC5]             client.cpp:171   INFO| Client 3 status changed to 1
2024-06-01 18:04:46.720 (  57.381s) [        834568E9]             client.cpp:109   INFO| Client 3 cur temp changed to 19.500000
2024-06-01 18:04:46.876 (  57.537s) [        8B3C2DC5]             client.cpp:33    INFO| Client 3 request status from server
2024-06-01 18:04:46.876 (  57.537s) [        8B3C2DC5]             client.cpp:171   INFO| Client 3 status changed to 0
2024-06-01 18:04:47.888 (  58.549s) [        8B3C2DC5]             client.cpp:33    INFO| Client 3 request status from server
2024-06-01 18:04:47.889 (  58.550s) [        8B3C2DC5]             client.cpp:171   INFO| Client 3 status changed to 0
2024-06-01 18:04:48.893 (  59.554s) [        8B3C2DC5]             client.cpp:33    INFO| Client 3 request status from server
2024-06-01 18:04:48.894 (  59.555s) [        8B3C2DC5]             client.cpp:171   INFO| Client 3 status changed to 0
2024-06-01 18:04:49.905 (  60.566s) [        8B3C2DC5]             client.cpp:33    INFO| Client 3 request status from server
2024-06-01 18:04:49.906 (  60.567s) [        8B3C2DC5]             client.cpp:171   INFO| Client 3 status changed to 0
2024-06-01 18:04:50.915 (  61.577s) [        8B3C2DC5]             client.cpp:33    INFO| Client 3 request status from server
2024-06-01 18:04:50.916 (  61.577s) [        8B3C2DC5]             client.cpp:171   INFO| Client 3 status changed to 0
2024-06-01 18:04:51.919 (  62.580s) [        8B3C2DC5]             client.cpp:33    INFO| Client 3 request status from server
2024-06-01 18:04:51.920 (  62.581s) [        8B3C2DC5]             client.cpp:171   INFO| Client 3 status changed to 0
2024-06-01 18:04:52.923 (  63.584s) [        8B3C2DC5]             client.cpp:33    INFO| Client 3 request status from server
2024-06-01 18:04:52.923 (  63.584s) [        8B3C2DC5]             client.cpp:171   INFO| Client 3 status changed to 0
2024-06-01 18:04:53.935 (  64.596s) [        8B3C2DC5]             client.cpp:33    INFO| Client 3 request status from server
2024-06-01 18:04:53.936 (  64.597s) [        8B3C2DC5]             client.cpp:171   INFO| Client 3 status changed to 0
2024-06-01 18:04:54.940 (  65.601s) [        8B3C2DC5]             client.cpp:33    INFO| Client 3 request status from server
2024-06-01 18:04:54.940 (  65.602s) [        8B3C2DC5]             client.cpp:171   INFO| Client 3 status changed to 0
2024-06-01 18:04:55.951 (  66.612s) [        8B3C2DC5]             client.cpp:33    INFO| Client 3 request status from server
2024-06-01 18:04:55.951 (  66.612s) [        8B3C2DC5]             client.cpp:171   INFO| Client 3 status changed to 0
2024-06-01 18:04:56.724 (  67.385s) [        834568E9]             client.cpp:109   INFO| Client 3 cur temp changed to 19.000000
2024-06-01 18:04:56.957 (  67.618s) [        8B3C2DC5]             client.cpp:33    INFO| Client 3 request status from server
2024-06-01 18:04:56.958 (  67.619s) [        8B3C2DC5]             client.cpp:171   INFO| Client 3 status changed to 0
2024-06-01 18:04:57.968 (  68.629s) [        8B3C2DC5]             client.cpp:33    INFO| Client 3 request status from server
2024-06-01 18:04:57.969 (  68.630s) [        8B3C2DC5]             client.cpp:171   INFO| Client 3 status changed to 0
2024-06-01 18:04:58.973 (  69.634s) [        8B3C2DC5]             client.cpp:33    INFO| Client 3 request status from server
2024-06-01 18:04:58.973 (  69.634s) [        8B3C2DC5]             client.cpp:171   INFO| Client 3 status changed to 0
2024-06-01 18:04:59.984 (  70.645s) [        8B3C2DC5]             client.cpp:33    INFO| Client 3 request status from server
2024-06-01 18:04:59.984 (  70.645s) [        8B3C2DC5]             client.cpp:171   INFO| Client 3 status changed to 0
2024-06-01 18:05:00.995 (  71.656s) [        8B3C2DC5]             client.cpp:33    INFO| Client 3 request status from server
2024-06-01 18:05:00.995 (  71.657s) [        8B3C2DC5]             client.cpp:171   INFO| Client 3 status changed to 0
2024-06-01 18:05:02.004 (  72.665s) [        8B3C2DC5]             client.cpp:33    INFO| Client 3 request status from server
2024-06-01 18:05:02.005 (  72.666s) [        8B3C2DC5]             client.cpp:171   INFO| Client 3 status changed to 0
2024-06-01 18:05:03.012 (  73.673s) [        8B3C2DC5]             client.cpp:33    INFO| Client 3 request status from server
2024-06-01 18:05:03.012 (  73.673s) [        8B3C2DC5]             client.cpp:171   INFO| Client 3 status changed to 0
2024-06-01 18:05:04.020 (  74.681s) [        8B3C2DC5]             client.cpp:33    INFO| Client 3 request status from server
2024-06-01 18:05:04.020 (  74.682s) [        8B3C2DC5]             client.cpp:171   INFO| Client 3 status changed to 0
2024-06-01 18:05:05.029 (  75.690s) [        8B3C2DC5]             client.cpp:33    INFO| Client 3 request status from server
2024-06-01 18:05:05.030 (  75.691s) [        8B3C2DC5]             client.cpp:171   INFO| Client 3 status changed to 0
2024-06-01 18:05:06.040 (  76.701s) [        8B3C2DC5]             client.cpp:33    INFO| Client 3 request status from server
2024-06-01 18:05:06.041 (  76.702s) [        8B3C2DC5]             client.cpp:171   INFO| Client 3 status changed to 0
2024-06-01 18:05:06.725 (  77.386s) [        834568E9]             client.cpp:109   INFO| Client 3 cur temp changed to 18.500000
2024-06-01 18:05:07.051 (  77.712s) [        8B3C2DC5]             client.cpp:33    INFO| Client 3 request status from server
2024-06-01 18:05:07.051 (  77.712s) [        8B3C2DC5]             client.cpp:171   INFO| Client 3 status changed to 1
2024-06-01 18:05:08.061 (  78.722s) [        8B3C2DC5]             client.cpp:33    INFO| Client 3 request status from server
2024-06-01 18:05:08.061 (  78.722s) [        8B3C2DC5]             client.cpp:171   INFO| Client 3 status changed to 1
2024-06-01 18:05:09.069 (  79.730s) [        8B3C2DC5]             client.cpp:33    INFO| Client 3 request status from server
2024-06-01 18:05:09.070 (  79.731s) [        8B3C2DC5]             client.cpp:171   INFO| Client 3 status changed to 1
2024-06-01 18:05:10.076 (  80.737s) [        8B3C2DC5]             client.cpp:33    INFO| Client 3 request status from server
2024-06-01 18:05:10.076 (  80.737s) [        8B3C2DC5]             client.cpp:171   INFO| Client 3 status changed to 1
2024-06-01 18:05:11.082 (  81.743s) [        8B3C2DC5]             client.cpp:33    INFO| Client 3 request status from server
2024-06-01 18:05:11.083 (  81.744s) [        8B3C2DC5]             client.cpp:171   INFO| Client 3 status changed to 1
2024-06-01 18:05:12.089 (  82.750s) [        8B3C2DC5]             client.cpp:33    INFO| Client 3 request status from server
2024-06-01 18:05:12.089 (  82.751s) [        8B3C2DC5]             client.cpp:171   INFO| Client 3 status changed to 1
2024-06-01 18:05:13.096 (  83.758s) [        8B3C2DC5]             client.cpp:33    INFO| Client 3 request status from server
2024-06-01 18:05:13.097 (  83.758s) [        8B3C2DC5]             client.cpp:171   INFO| Client 3 status changed to 1
2024-06-01 18:05:14.102 (  84.763s) [        8B3C2DC5]             client.cpp:33    INFO| Client 3 request status from server
2024-06-01 18:05:14.102 (  84.763s) [        8B3C2DC5]             client.cpp:171   INFO| Client 3 status changed to 1
2024-06-01 18:05:15.114 (  85.775s) [        8B3C2DC5]             client.cpp:33    INFO| Client 3 request status from server
2024-06-01 18:05:15.114 (  85.775s) [        8B3C2DC5]             client.cpp:171   INFO| Client 3 status changed to 1
2024-06-01 18:05:16.123 (  86.784s) [        8B3C2DC5]             client.cpp:33    INFO| Client 3 request status from server
2024-06-01 18:05:16.123 (  86.784s) [        8B3C2DC5]             client.cpp:171   INFO| Client 3 status changed to 1
2024-06-01 18:05:16.727 (  87.389s) [        834568E9]             client.cpp:109   INFO| Client 3 cur temp changed to 19.000000
2024-06-01 18:05:17.133 (  87.794s) [        8B3C2DC5]             client.cpp:33    INFO| Client 3 request status from server
2024-06-01 18:05:17.133 (  87.794s) [        8B3C2DC5]             client.cpp:171   INFO| Client 3 status changed to 1
2024-06-01 18:05:18.136 (  88.797s) [        8B3C2DC5]             client.cpp:33    INFO| Client 3 request status from server
2024-06-01 18:05:18.137 (  88.798s) [        8B3C2DC5]             client.cpp:171   INFO| Client 3 status changed to 1
2024-06-01 18:05:19.145 (  89.806s) [        8B3C2DC5]             client.cpp:33    INFO| Client 3 request status from server
2024-06-01 18:05:19.146 (  89.807s) [        8B3C2DC5]             client.cpp:171   INFO| Client 3 status changed to 1
2024-06-01 18:05:20.153 (  90.814s) [        8B3C2DC5]             client.cpp:33    INFO| Client 3 request status from server
2024-06-01 18:05:20.154 (  90.815s) [        8B3C2DC5]             client.cpp:171   INFO| Client 3 status changed to 1
2024-06-01 18:05:21.157 (  91.818s) [        8B3C2DC5]             client.cpp:33    INFO| Client 3 request status from server
2024-06-01 18:05:21.157 (  91.818s) [        8B3C2DC5]             client.cpp:171   INFO| Client 3 status changed to 1
2024-06-01 18:05:22.164 (  92.825s) [        8B3C2DC5]             client.cpp:33    INFO| Client 3 request status from server
2024-06-01 18:05:22.165 (  92.826s) [        8B3C2DC5]             client.cpp:171   INFO| Client 3 status changed to 1
2024-06-01 18:05:23.174 (  93.835s) [        8B3C2DC5]             client.cpp:33    INFO| Client 3 request status from server
2024-06-01 18:05:23.174 (  93.836s) [        8B3C2DC5]             client.cpp:171   INFO| Client 3 status changed to 1
2024-06-01 18:05:24.180 (  94.841s) [        8B3C2DC5]             client.cpp:33    INFO| Client 3 request status from server
2024-06-01 18:05:24.180 (  94.842s) [        8B3C2DC5]             client.cpp:171   INFO| Client 3 status changed to 1
2024-06-01 18:05:25.185 (  95.846s) [        8B3C2DC5]             client.cpp:33    INFO| Client 3 request status from server
2024-06-01 18:05:25.186 (  95.847s) [        8B3C2DC5]             client.cpp:171   INFO| Client 3 status changed to 1
2024-06-01 18:05:26.193 (  96.854s) [        8B3C2DC5]             client.cpp:33    INFO| Client 3 request status from server
2024-06-01 18:05:26.193 (  96.854s) [        8B3C2DC5]             client.cpp:171   INFO| Client 3 status changed to 1
2024-06-01 18:05:26.735 (  97.396s) [        834568E9]             client.cpp:109   INFO| Client 3 cur temp changed to 19.500000
2024-06-01 18:05:27.199 (  97.860s) [        8B3C2DC5]             client.cpp:33    INFO| Client 3 request status from server
2024-06-01 18:05:27.199 (  97.860s) [        8B3C2DC5]             client.cpp:171   INFO| Client 3 status changed to 0
2024-06-01 18:05:28.209 (  98.870s) [        8B3C2DC5]             client.cpp:33    INFO| Client 3 request status from server
2024-06-01 18:05:28.210 (  98.871s) [        8B3C2DC5]             client.cpp:171   INFO| Client 3 status changed to 0
2024-06-01 18:05:29.215 (  99.876s) [        8B3C2DC5]             client.cpp:33    INFO| Client 3 request status from server
2024-06-01 18:05:29.215 (  99.876s) [        8B3C2DC5]             client.cpp:171   INFO| Client 3 status changed to 0
2024-06-01 18:05:30.230 ( 100.891s) [        8B3C2DC5]             client.cpp:33    INFO| Client 3 request status from server
2024-06-01 18:05:30.231 ( 100.892s) [        8B3C2DC5]             client.cpp:171   INFO| Client 3 status changed to 0
2024-06-01 18:05:31.238 ( 101.899s) [        8B3C2DC5]             client.cpp:33    INFO| Client 3 request status from server
2024-06-01 18:05:31.239 ( 101.900s) [        8B3C2DC5]             client.cpp:171   INFO| Client 3 status changed to 0
2024-06-01 18:05:32.247 ( 102.908s) [        8B3C2DC5]             client.cpp:33    INFO| Client 3 request status from server
2024-06-01 18:05:32.247 ( 102.908s) [        8B3C2DC5]             client.cpp:171   INFO| Client 3 status changed to 0
2024-06-01 18:05:33.256 ( 103.917s) [        8B3C2DC5]             client.cpp:33    INFO| Client 3 request status from server
2024-06-01 18:05:33.257 ( 103.918s) [        8B3C2DC5]             client.cpp:171   INFO| Client 3 status changed to 0
2024-06-01 18:05:34.269 ( 104.930s) [        8B3C2DC5]             client.cpp:33    INFO| Client 3 request status from server
2024-06-01 18:05:34.269 ( 104.930s) [        8B3C2DC5]             client.cpp:171   INFO| Client 3 status changed to 0
2024-06-01 18:05:35.281 ( 105.942s) [        8B3C2DC5]             client.cpp:33    INFO| Client 3 request status from server
2024-06-01 18:05:35.281 ( 105.942s) [        8B3C2DC5]             client.cpp:171   INFO| Client 3 status changed to 0
2024-06-01 18:05:36.290 ( 106.952s) [        8B3C2DC5]             client.cpp:33    INFO| Client 3 request status from server
2024-06-01 18:05:36.291 ( 106.952s) [        8B3C2DC5]             client.cpp:171   INFO| Client 3 status changed to 0
2024-06-01 18:05:36.740 ( 107.401s) [        834568E9]             client.cpp:109   INFO| Client 3 cur temp changed to 19.000000
2024-06-01 18:05:37.298 ( 107.959s) [        8B3C2DC5]             client.cpp:33    INFO| Client 3 request status from server
2024-06-01 18:05:37.299 ( 107.960s) [        8B3C2DC5]             client.cpp:171   INFO| Client 3 status changed to 0
2024-06-01 18:05:38.303 ( 108.964s) [        8B3C2DC5]             client.cpp:33    INFO| Client 3 request status from server
2024-06-01 18:05:38.304 ( 108.965s) [        8B3C2DC5]             client.cpp:171   INFO| Client 3 status changed to 0
2024-06-01 18:05:39.311 ( 109.972s) [        8B3C2DC5]             client.cpp:33    INFO| Client 3 request status from server
2024-06-01 18:05:39.311 ( 109.972s) [        8B3C2DC5]             client.cpp:171   INFO| Client 3 status changed to 0
2024-06-01 18:05:40.318 ( 110.979s) [        8B3C2DC5]             client.cpp:33    INFO| Client 3 request status from server
2024-06-01 18:05:40.318 ( 110.980s) [        8B3C2DC5]             client.cpp:171   INFO| Client 3 status changed to 0
2024-06-01 18:05:41.324 ( 111.985s) [        8B3C2DC5]             client.cpp:33    INFO| Client 3 request status from server
2024-06-01 18:05:41.324 ( 111.985s) [        8B3C2DC5]             client.cpp:171   INFO| Client 3 status changed to 0
2024-06-01 18:05:42.335 ( 112.996s) [        8B3C2DC5]             client.cpp:33    INFO| Client 3 request status from server
2024-06-01 18:05:42.335 ( 112.996s) [        8B3C2DC5]             client.cpp:171   INFO| Client 3 status changed to 0
2024-06-01 18:05:43.346 ( 114.007s) [        8B3C2DC5]             client.cpp:33    INFO| Client 3 request status from server
2024-06-01 18:05:43.346 ( 114.007s) [        8B3C2DC5]             client.cpp:171   INFO| Client 3 status changed to 0
2024-06-01 18:05:44.354 ( 115.015s) [        8B3C2DC5]             client.cpp:33    INFO| Client 3 request status from server
2024-06-01 18:05:44.355 ( 115.016s) [        8B3C2DC5]             client.cpp:171   INFO| Client 3 status changed to 0
2024-06-01 18:05:45.361 ( 116.022s) [        8B3C2DC5]             client.cpp:33    INFO| Client 3 request status from server
2024-06-01 18:05:45.361 ( 116.022s) [        8B3C2DC5]             client.cpp:171   INFO| Client 3 status changed to 0
2024-06-01 18:05:46.370 ( 117.031s) [        8B3C2DC5]             client.cpp:33    INFO| Client 3 request status from server
2024-06-01 18:05:46.370 ( 117.031s) [        8B3C2DC5]             client.cpp:171   INFO| Client 3 status changed to 0
2024-06-01 18:05:46.741 ( 117.402s) [        834568E9]             client.cpp:109   INFO| Client 3 cur temp changed to 18.500000
2024-06-01 18:05:47.380 ( 118.041s) [        8B3C2DC5]             client.cpp:33    INFO| Client 3 request status from server
2024-06-01 18:05:47.380 ( 118.041s) [        8B3C2DC5]             client.cpp:171   INFO| Client 3 status changed to 1
2024-06-01 18:05:48.388 ( 119.049s) [        8B3C2DC5]             client.cpp:33    INFO| Client 3 request status from server
2024-06-01 18:05:48.388 ( 119.049s) [        8B3C2DC5]             client.cpp:171   INFO| Client 3 status changed to 1
2024-06-01 18:05:49.401 ( 120.062s) [        8B3C2DC5]             client.cpp:33    INFO| Client 3 request status from server
2024-06-01 18:05:49.401 ( 120.062s) [        8B3C2DC5]             client.cpp:171   INFO| Client 3 status changed to 1
2024-06-01 18:05:50.413 ( 121.074s) [        8B3C2DC5]             client.cpp:33    INFO| Client 3 request status from server
2024-06-01 18:05:50.413 ( 121.075s) [        8B3C2DC5]             client.cpp:171   INFO| Client 3 status changed to 1
2024-06-01 18:05:51.420 ( 122.081s) [        8B3C2DC5]             client.cpp:33    INFO| Client 3 request status from server
2024-06-01 18:05:51.420 ( 122.082s) [        8B3C2DC5]             client.cpp:171   INFO| Client 3 status changed to 1
2024-06-01 18:05:52.429 ( 123.090s) [        8B3C2DC5]             client.cpp:33    INFO| Client 3 request status from server
2024-06-01 18:05:52.429 ( 123.090s) [        8B3C2DC5]             client.cpp:171   INFO| Client 3 status changed to 1
2024-06-01 18:05:53.444 ( 124.105s) [        8B3C2DC5]             client.cpp:33    INFO| Client 3 request status from server
2024-06-01 18:05:53.444 ( 124.105s) [        8B3C2DC5]             client.cpp:171   INFO| Client 3 status changed to 1
2024-06-01 18:05:54.457 ( 125.118s) [        8B3C2DC5]             client.cpp:33    INFO| Client 3 request status from server
2024-06-01 18:05:54.457 ( 125.118s) [        8B3C2DC5]             client.cpp:171   INFO| Client 3 status changed to 1
2024-06-01 18:05:55.466 ( 126.127s) [        8B3C2DC5]             client.cpp:33    INFO| Client 3 request status from server
2024-06-01 18:05:55.466 ( 126.127s) [        8B3C2DC5]             client.cpp:171   INFO| Client 3 status changed to 1
2024-06-01 18:05:56.477 ( 127.138s) [        8B3C2DC5]             client.cpp:33    INFO| Client 3 request status from server
2024-06-01 18:05:56.477 ( 127.138s) [        8B3C2DC5]             client.cpp:171   INFO| Client 3 status changed to 1
2024-06-01 18:05:56.756 ( 127.418s) [        834568E9]             client.cpp:109   INFO| Client 3 cur temp changed to 19.000000
2024-06-01 18:05:57.489 ( 128.150s) [        8B3C2DC5]             client.cpp:33    INFO| Client 3 request status from server
2024-06-01 18:05:57.489 ( 128.150s) [        8B3C2DC5]             client.cpp:171   INFO| Client 3 status changed to 1
2024-06-01 18:05:58.497 ( 129.158s) [        8B3C2DC5]             client.cpp:33    INFO| Client 3 request status from server
2024-06-01 18:05:58.498 ( 129.159s) [        8B3C2DC5]             client.cpp:171   INFO| Client 3 status changed to 1
2024-06-01 18:05:59.505 ( 130.167s) [        8B3C2DC5]             client.cpp:33    INFO| Client 3 request status from server
2024-06-01 18:05:59.506 ( 130.167s) [        8B3C2DC5]             client.cpp:171   INFO| Client 3 status changed to 1
2024-06-01 18:06:00.518 ( 131.179s) [        8B3C2DC5]             client.cpp:33    INFO| Client 3 request status from server
2024-06-01 18:06:00.518 ( 131.179s) [        8B3C2DC5]             client.cpp:171   INFO| Client 3 status changed to 1
2024-06-01 18:06:01.526 ( 132.187s) [        8B3C2DC5]             client.cpp:33    INFO| Client 3 request status from server
2024-06-01 18:06:01.526 ( 132.187s) [        8B3C2DC5]             client.cpp:171   INFO| Client 3 status changed to 1
2024-06-01 18:06:02.532 ( 133.193s) [        8B3C2DC5]             client.cpp:33    INFO| Client 3 request status from server
2024-06-01 18:06:02.532 ( 133.193s) [        8B3C2DC5]             client.cpp:171   INFO| Client 3 status changed to 1
2024-06-01 18:06:03.543 ( 134.204s) [        8B3C2DC5]             client.cpp:33    INFO| Client 3 request status from server
2024-06-01 18:06:03.543 ( 134.204s) [        8B3C2DC5]             client.cpp:171   INFO| Client 3 status changed to 1
2024-06-01 18:06:04.549 ( 135.210s) [        8B3C2DC5]             client.cpp:33    INFO| Client 3 request status from server
2024-06-01 18:06:04.549 ( 135.210s) [        8B3C2DC5]             client.cpp:171   INFO| Client 3 status changed to 1
2024-06-01 18:06:05.558 ( 136.219s) [        8B3C2DC5]             client.cpp:33    INFO| Client 3 request status from server
2024-06-01 18:06:05.558 ( 136.219s) [        8B3C2DC5]             client.cpp:171   INFO| Client 3 status changed to 1
2024-06-01 18:06:06.565 ( 137.226s) [        8B3C2DC5]             client.cpp:33    INFO| Client 3 request status from server
2024-06-01 18:06:06.565 ( 137.226s) [        8B3C2DC5]             client.cpp:171   INFO| Client 3 status changed to 0
2024-06-01 18:06:06.765 ( 137.426s) [        834568E9]             client.cpp:109   INFO| Client 3 cur temp changed to 18.500000
2024-06-01 18:06:07.569 ( 138.230s) [        8B3C2DC5]             client.cpp:33    INFO| Client 3 request status from server
2024-06-01 18:06:07.569 ( 138.231s) [        8B3C2DC5]             client.cpp:171   INFO| Client 3 status changed to 0
2024-06-01 18:06:08.581 ( 139.242s) [        8B3C2DC5]             client.cpp:33    INFO| Client 3 request status from server
2024-06-01 18:06:08.581 ( 139.242s) [        8B3C2DC5]             client.cpp:171   INFO| Client 3 status changed to 0
2024-06-01 18:06:09.467 ( 140.128s) [        E43BC286]             client.cpp:145   INFO| Client 3 wind speed changed to 1
2024-06-01 18:06:09.592 ( 140.253s) [        8B3C2DC5]             client.cpp:33    INFO| Client 3 request status from server
2024-06-01 18:06:09.592 ( 140.253s) [        8B3C2DC5]             client.cpp:171   INFO| Client 3 status changed to 0
2024-06-01 18:06:10.601 ( 141.262s) [        8B3C2DC5]             client.cpp:33    INFO| Client 3 request status from server
2024-06-01 18:06:10.602 ( 141.263s) [        8B3C2DC5]             client.cpp:171   INFO| Client 3 status changed to 0
2024-06-01 18:06:11.616 ( 142.277s) [        8B3C2DC5]             client.cpp:33    INFO| Client 3 request status from server
2024-06-01 18:06:11.616 ( 142.277s) [        8B3C2DC5]             client.cpp:171   INFO| Client 3 status changed to 0
2024-06-01 18:06:12.625 ( 143.286s) [        8B3C2DC5]             client.cpp:33    INFO| Client 3 request status from server
2024-06-01 18:06:12.625 ( 143.286s) [        8B3C2DC5]             client.cpp:171   INFO| Client 3 status changed to 0
2024-06-01 18:06:13.634 ( 144.295s) [        8B3C2DC5]             client.cpp:33    INFO| Client 3 request status from server
2024-06-01 18:06:13.634 ( 144.295s) [        8B3C2DC5]             client.cpp:171   INFO| Client 3 status changed to 0
2024-06-01 18:06:14.649 ( 145.310s) [        8B3C2DC5]             client.cpp:33    INFO| Client 3 request status from server
2024-06-01 18:06:14.649 ( 145.310s) [        8B3C2DC5]             client.cpp:171   INFO| Client 3 status changed to 0
2024-06-01 18:06:15.658 ( 146.319s) [        8B3C2DC5]             client.cpp:33    INFO| Client 3 request status from server
2024-06-01 18:06:15.658 ( 146.319s) [        8B3C2DC5]             client.cpp:171   INFO| Client 3 status changed to 0
2024-06-01 18:06:16.663 ( 147.324s) [        8B3C2DC5]             client.cpp:33    INFO| Client 3 request status from server
2024-06-01 18:06:16.663 ( 147.324s) [        8B3C2DC5]             client.cpp:171   INFO| Client 3 status changed to 0
2024-06-01 18:06:16.771 ( 147.432s) [        834568E9]             client.cpp:109   INFO| Client 3 cur temp changed to 18.000000
2024-06-01 18:06:17.676 ( 148.337s) [        8B3C2DC5]             client.cpp:33    INFO| Client 3 request status from server
2024-06-01 18:06:17.676 ( 148.337s) [        8B3C2DC5]             client.cpp:171   INFO| Client 3 status changed to 0
2024-06-01 18:06:18.683 ( 149.344s) [        8B3C2DC5]             client.cpp:33    INFO| Client 3 request status from server
2024-06-01 18:06:18.683 ( 149.344s) [        8B3C2DC5]             client.cpp:171   INFO| Client 3 status changed to 0
2024-06-01 18:06:19.693 ( 150.354s) [        8B3C2DC5]             client.cpp:33    INFO| Client 3 request status from server
2024-06-01 18:06:19.693 ( 150.354s) [        8B3C2DC5]             client.cpp:171   INFO| Client 3 status changed to 0
2024-06-01 18:06:20.702 ( 151.363s) [        8B3C2DC5]             client.cpp:33    INFO| Client 3 request status from server
2024-06-01 18:06:20.702 ( 151.363s) [        8B3C2DC5]             client.cpp:171   INFO| Client 3 status changed to 0
2024-06-01 18:06:21.711 ( 152.373s) [        8B3C2DC5]             client.cpp:33    INFO| Client 3 request status from server
2024-06-01 18:06:21.712 ( 152.373s) [        8B3C2DC5]             client.cpp:171   INFO| Client 3 status changed to 0
2024-06-01 18:06:22.722 ( 153.383s) [        8B3C2DC5]             client.cpp:33    INFO| Client 3 request status from server
2024-06-01 18:06:22.723 ( 153.384s) [        8B3C2DC5]             client.cpp:171   INFO| Client 3 status changed to 0
2024-06-01 18:06:23.728 ( 154.389s) [        8B3C2DC5]             client.cpp:33    INFO| Client 3 request status from server
2024-06-01 18:06:23.729 ( 154.390s) [        8B3C2DC5]             client.cpp:171   INFO| Client 3 status changed to 0
2024-06-01 18:06:24.737 ( 155.399s) [        8B3C2DC5]             client.cpp:33    INFO| Client 3 request status from server
2024-06-01 18:06:24.738 ( 155.399s) [        8B3C2DC5]             client.cpp:171   INFO| Client 3 status changed to 0
2024-06-01 18:06:25.749 ( 156.410s) [        8B3C2DC5]             client.cpp:33    INFO| Client 3 request status from server
2024-06-01 18:06:25.750 ( 156.411s) [        8B3C2DC5]             client.cpp:171   INFO| Client 3 status changed to 0
2024-06-01 18:06:26.754 ( 157.415s) [        8B3C2DC5]             client.cpp:33    INFO| Client 3 request status from server
2024-06-01 18:06:26.755 ( 157.416s) [        8B3C2DC5]             client.cpp:171   INFO| Client 3 status changed to 0
2024-06-01 18:06:27.765 ( 158.426s) [        8B3C2DC5]             client.cpp:33    INFO| Client 3 request status from server
2024-06-01 18:06:27.765 ( 158.426s) [        8B3C2DC5]             client.cpp:171   INFO| Client 3 status changed to 0
2024-06-01 18:06:28.776 ( 159.437s) [        8B3C2DC5]             client.cpp:33    INFO| Client 3 request status from server
2024-06-01 18:06:28.776 ( 159.437s) [        8B3C2DC5]             client.cpp:171   INFO| Client 3 status changed to 0
2024-06-01 18:06:29.791 ( 160.452s) [        8B3C2DC5]             client.cpp:33    INFO| Client 3 request status from server
2024-06-01 18:06:29.791 ( 160.453s) [        8B3C2DC5]             client.cpp:171   INFO| Client 3 status changed to 0
2024-06-01 18:06:30.803 ( 161.464s) [        8B3C2DC5]             client.cpp:33    INFO| Client 3 request status from server
2024-06-01 18:06:30.803 ( 161.464s) [        8B3C2DC5]             client.cpp:171   INFO| Client 3 status changed to 0
2024-06-01 18:06:31.813 ( 162.474s) [        8B3C2DC5]             client.cpp:33    INFO| Client 3 request status from server
2024-06-01 18:06:31.813 ( 162.474s) [        8B3C2DC5]             client.cpp:171   INFO| Client 3 status changed to 1
2024-06-01 18:06:31.813 ( 162.474s) [        834568E9]             client.cpp:109   INFO| Client 3 cur temp changed to 18.330000
2024-06-01 18:06:32.820 ( 163.481s) [        8B3C2DC5]             client.cpp:33    INFO| Client 3 request status from server
2024-06-01 18:06:32.820 ( 163.482s) [        8B3C2DC5]             client.cpp:171   INFO| Client 3 status changed to 1
2024-06-01 18:06:33.825 ( 164.486s) [        8B3C2DC5]             client.cpp:33    INFO| Client 3 request status from server
2024-06-01 18:06:33.826 ( 164.487s) [        8B3C2DC5]             client.cpp:171   INFO| Client 3 status changed to 1
2024-06-01 18:06:34.839 ( 165.500s) [        8B3C2DC5]             client.cpp:33    INFO| Client 3 request status from server
2024-06-01 18:06:34.839 ( 165.501s) [        8B3C2DC5]             client.cpp:171   INFO| Client 3 status changed to 1
2024-06-01 18:06:35.849 ( 166.510s) [        8B3C2DC5]             client.cpp:33    INFO| Client 3 request status from server
2024-06-01 18:06:35.849 ( 166.510s) [        8B3C2DC5]             client.cpp:171   INFO| Client 3 status changed to 1
2024-06-01 18:06:36.857 ( 167.518s) [        8B3C2DC5]             client.cpp:33    INFO| Client 3 request status from server
2024-06-01 18:06:36.857 ( 167.518s) [        8B3C2DC5]             client.cpp:171   INFO| Client 3 status changed to 1
2024-06-01 18:06:37.866 ( 168.527s) [        8B3C2DC5]             client.cpp:33    INFO| Client 3 request status from server
2024-06-01 18:06:37.866 ( 168.527s) [        8B3C2DC5]             client.cpp:171   INFO| Client 3 status changed to 1
2024-06-01 18:06:38.877 ( 169.538s) [        8B3C2DC5]             client.cpp:33    INFO| Client 3 request status from server
2024-06-01 18:06:38.878 ( 169.539s) [        8B3C2DC5]             client.cpp:171   INFO| Client 3 status changed to 1
2024-06-01 18:06:39.483 ( 170.145s) [        E43BC286]             client.cpp:145   INFO| Client 3 wind speed changed to 3
2024-06-01 18:06:39.884 ( 170.546s) [        8B3C2DC5]             client.cpp:33    INFO| Client 3 request status from server
2024-06-01 18:06:39.885 ( 170.546s) [        8B3C2DC5]             client.cpp:171   INFO| Client 3 status changed to 1
2024-06-01 18:06:40.895 ( 171.556s) [        8B3C2DC5]             client.cpp:33    INFO| Client 3 request status from server
2024-06-01 18:06:40.895 ( 171.557s) [        8B3C2DC5]             client.cpp:171   INFO| Client 3 status changed to 1
2024-06-01 18:06:41.827 ( 172.488s) [        834568E9]             client.cpp:109   INFO| Client 3 cur temp changed to 19.330000
2024-06-01 18:06:41.904 ( 172.565s) [        8B3C2DC5]             client.cpp:33    INFO| Client 3 request status from server
2024-06-01 18:06:41.905 ( 172.566s) [        8B3C2DC5]             client.cpp:171   INFO| Client 3 status changed to 1
2024-06-01 18:06:42.917 ( 173.578s) [        8B3C2DC5]             client.cpp:33    INFO| Client 3 request status from server
2024-06-01 18:06:42.917 ( 173.578s) [        8B3C2DC5]             client.cpp:171   INFO| Client 3 status changed to 1
2024-06-01 18:06:43.928 ( 174.589s) [        8B3C2DC5]             client.cpp:33    INFO| Client 3 request status from server
2024-06-01 18:06:43.928 ( 174.589s) [        8B3C2DC5]             client.cpp:171   INFO| Client 3 status changed to 1
2024-06-01 18:06:44.937 ( 175.599s) [        8B3C2DC5]             client.cpp:33    INFO| Client 3 request status from server
2024-06-01 18:06:44.938 ( 175.599s) [        8B3C2DC5]             client.cpp:171   INFO| Client 3 status changed to 1
2024-06-01 18:06:45.949 ( 176.610s) [        8B3C2DC5]             client.cpp:33    INFO| Client 3 request status from server
2024-06-01 18:06:45.949 ( 176.610s) [        8B3C2DC5]             client.cpp:171   INFO| Client 3 status changed to 1
2024-06-01 18:06:46.959 ( 177.620s) [        8B3C2DC5]             client.cpp:33    INFO| Client 3 request status from server
2024-06-01 18:06:46.959 ( 177.620s) [        8B3C2DC5]             client.cpp:171   INFO| Client 3 status changed to 1
2024-06-01 18:06:47.966 ( 178.627s) [        8B3C2DC5]             client.cpp:33    INFO| Client 3 request status from server
2024-06-01 18:06:47.966 ( 178.627s) [        8B3C2DC5]             client.cpp:171   INFO| Client 3 status changed to 1
2024-06-01 18:06:48.976 ( 179.637s) [        8B3C2DC5]             client.cpp:33    INFO| Client 3 request status from server
2024-06-01 18:06:48.976 ( 179.637s) [        8B3C2DC5]             client.cpp:171   INFO| Client 3 status changed to 1
2024-06-01 18:06:49.983 ( 180.644s) [        8B3C2DC5]             client.cpp:33    INFO| Client 3 request status from server
2024-06-01 18:06:49.983 ( 180.644s) [        8B3C2DC5]             client.cpp:171   INFO| Client 3 status changed to 1
2024-06-01 18:06:50.988 ( 181.649s) [        8B3C2DC5]             client.cpp:33    INFO| Client 3 request status from server
2024-06-01 18:06:50.988 ( 181.649s) [        8B3C2DC5]             client.cpp:171   INFO| Client 3 status changed to 1
2024-06-01 18:06:51.838 ( 182.499s) [        834568E9]             client.cpp:109   INFO| Client 3 cur temp changed to 20.330000
2024-06-01 18:06:51.995 ( 182.656s) [        8B3C2DC5]             client.cpp:33    INFO| Client 3 request status from server
2024-06-01 18:06:51.995 ( 182.656s) [        8B3C2DC5]             client.cpp:171   INFO| Client 3 status changed to 1
2024-06-01 18:06:53.009 ( 183.670s) [        8B3C2DC5]             client.cpp:33    INFO| Client 3 request status from server
2024-06-01 18:06:53.010 ( 183.671s) [        8B3C2DC5]             client.cpp:171   INFO| Client 3 status changed to 1
2024-06-01 18:06:54.016 ( 184.678s) [        8B3C2DC5]             client.cpp:33    INFO| Client 3 request status from server
2024-06-01 18:06:54.017 ( 184.678s) [        8B3C2DC5]             client.cpp:171   INFO| Client 3 status changed to 1
2024-06-01 18:06:55.028 ( 185.690s) [        8B3C2DC5]             client.cpp:33    INFO| Client 3 request status from server
2024-06-01 18:06:55.029 ( 185.690s) [        8B3C2DC5]             client.cpp:171   INFO| Client 3 status changed to 1
2024-06-01 18:06:56.034 ( 186.695s) [        8B3C2DC5]             client.cpp:33    INFO| Client 3 request status from server
2024-06-01 18:06:56.034 ( 186.695s) [        8B3C2DC5]             client.cpp:171   INFO| Client 3 status changed to 1
2024-06-01 18:06:57.039 ( 187.700s) [        8B3C2DC5]             client.cpp:33    INFO| Client 3 request status from server
2024-06-01 18:06:57.039 ( 187.700s) [        8B3C2DC5]             client.cpp:171   INFO| Client 3 status changed to 1
2024-06-01 18:06:58.045 ( 188.706s) [        8B3C2DC5]             client.cpp:33    INFO| Client 3 request status from server
2024-06-01 18:06:58.045 ( 188.706s) [        8B3C2DC5]             client.cpp:171   INFO| Client 3 status changed to 1
2024-06-01 18:06:59.051 ( 189.712s) [        8B3C2DC5]             client.cpp:33    INFO| Client 3 request status from server
2024-06-01 18:06:59.051 ( 189.713s) [        8B3C2DC5]             client.cpp:171   INFO| Client 3 status changed to 1
2024-06-01 18:07:00.060 ( 190.721s) [        8B3C2DC5]             client.cpp:33    INFO| Client 3 request status from server
2024-06-01 18:07:00.060 ( 190.721s) [        8B3C2DC5]             client.cpp:171   INFO| Client 3 status changed to 1
2024-06-01 18:07:01.070 ( 191.731s) [        8B3C2DC5]             client.cpp:33    INFO| Client 3 request status from server
2024-06-01 18:07:01.070 ( 191.731s) [        8B3C2DC5]             client.cpp:171   INFO| Client 3 status changed to 1
2024-06-01 18:07:01.846 ( 192.507s) [        834568E9]             client.cpp:109   INFO| Client 3 cur temp changed to 21.330000
2024-06-01 18:07:02.080 ( 192.741s) [        8B3C2DC5]             client.cpp:33    INFO| Client 3 request status from server
2024-06-01 18:07:02.081 ( 192.742s) [        8B3C2DC5]             client.cpp:171   INFO| Client 3 status changed to 1
2024-06-01 18:07:03.090 ( 193.751s) [        8B3C2DC5]             client.cpp:33    INFO| Client 3 request status from server
2024-06-01 18:07:03.090 ( 193.751s) [        8B3C2DC5]             client.cpp:171   INFO| Client 3 status changed to 1
2024-06-01 18:07:04.100 ( 194.761s) [        8B3C2DC5]             client.cpp:33    INFO| Client 3 request status from server
2024-06-01 18:07:04.100 ( 194.761s) [        8B3C2DC5]             client.cpp:171   INFO| Client 3 status changed to 1
2024-06-01 18:07:05.105 ( 195.766s) [        8B3C2DC5]             client.cpp:33    INFO| Client 3 request status from server
2024-06-01 18:07:05.105 ( 195.766s) [        8B3C2DC5]             client.cpp:171   INFO| Client 3 status changed to 1
2024-06-01 18:07:06.113 ( 196.774s) [        8B3C2DC5]             client.cpp:33    INFO| Client 3 request status from server
2024-06-01 18:07:06.113 ( 196.774s) [        8B3C2DC5]             client.cpp:171   INFO| Client 3 status changed to 1
2024-06-01 18:07:07.120 ( 197.781s) [        8B3C2DC5]             client.cpp:33    INFO| Client 3 request status from server
2024-06-01 18:07:07.120 ( 197.781s) [        8B3C2DC5]             client.cpp:171   INFO| Client 3 status changed to 1
2024-06-01 18:07:08.124 ( 198.785s) [        8B3C2DC5]             client.cpp:33    INFO| Client 3 request status from server
2024-06-01 18:07:08.124 ( 198.785s) [        8B3C2DC5]             client.cpp:171   INFO| Client 3 status changed to 1
2024-06-01 18:07:09.134 ( 199.795s) [        8B3C2DC5]             client.cpp:33    INFO| Client 3 request status from server
2024-06-01 18:07:09.134 ( 199.795s) [        8B3C2DC5]             client.cpp:171   INFO| Client 3 status changed to 1
2024-06-01 18:07:10.142 ( 200.803s) [        8B3C2DC5]             client.cpp:33    INFO| Client 3 request status from server
2024-06-01 18:07:10.142 ( 200.803s) [        8B3C2DC5]             client.cpp:171   INFO| Client 3 status changed to 1
2024-06-01 18:07:11.153 ( 201.814s) [        8B3C2DC5]             client.cpp:33    INFO| Client 3 request status from server
2024-06-01 18:07:11.153 ( 201.814s) [        8B3C2DC5]             client.cpp:171   INFO| Client 3 status changed to 1
2024-06-01 18:07:11.850 ( 202.511s) [        834568E9]             client.cpp:109   INFO| Client 3 cur temp changed to 22.330000
2024-06-01 18:07:12.161 ( 202.822s) [        8B3C2DC5]             client.cpp:33    INFO| Client 3 request status from server
2024-06-01 18:07:12.161 ( 202.822s) [        8B3C2DC5]             client.cpp:171   INFO| Client 3 status changed to 1
2024-06-01 18:07:13.167 ( 203.828s) [        8B3C2DC5]             client.cpp:33    INFO| Client 3 request status from server
2024-06-01 18:07:13.168 ( 203.829s) [        8B3C2DC5]             client.cpp:171   INFO| Client 3 status changed to 1
2024-06-01 18:07:14.174 ( 204.835s) [        8B3C2DC5]             client.cpp:33    INFO| Client 3 request status from server
2024-06-01 18:07:14.174 ( 204.835s) [        8B3C2DC5]             client.cpp:171   INFO| Client 3 status changed to 1
2024-06-01 18:07:15.180 ( 205.841s) [        8B3C2DC5]             client.cpp:33    INFO| Client 3 request status from server
2024-06-01 18:07:15.180 ( 205.841s) [        8B3C2DC5]             client.cpp:171   INFO| Client 3 status changed to 1
2024-06-01 18:07:16.192 ( 206.853s) [        8B3C2DC5]             client.cpp:33    INFO| Client 3 request status from server
2024-06-01 18:07:16.192 ( 206.853s) [        8B3C2DC5]             client.cpp:171   INFO| Client 3 status changed to 1
2024-06-01 18:07:17.204 ( 207.865s) [        8B3C2DC5]             client.cpp:33    INFO| Client 3 request status from server
2024-06-01 18:07:17.204 ( 207.865s) [        8B3C2DC5]             client.cpp:171   INFO| Client 3 status changed to 1
2024-06-01 18:07:18.218 ( 208.879s) [        8B3C2DC5]             client.cpp:33    INFO| Client 3 request status from server
2024-06-01 18:07:18.218 ( 208.879s) [        8B3C2DC5]             client.cpp:171   INFO| Client 3 status changed to 1
2024-06-01 18:07:19.223 ( 209.884s) [        8B3C2DC5]             client.cpp:33    INFO| Client 3 request status from server
2024-06-01 18:07:19.224 ( 209.885s) [        8B3C2DC5]             client.cpp:171   INFO| Client 3 status changed to 1
2024-06-01 18:07:20.231 ( 210.892s) [        8B3C2DC5]             client.cpp:33    INFO| Client 3 request status from server
2024-06-01 18:07:20.231 ( 210.892s) [        8B3C2DC5]             client.cpp:171   INFO| Client 3 status changed to 1
2024-06-01 18:07:21.238 ( 211.899s) [        8B3C2DC5]             client.cpp:33    INFO| Client 3 request status from server
2024-06-01 18:07:21.238 ( 211.900s) [        8B3C2DC5]             client.cpp:171   INFO| Client 3 status changed to 1
2024-06-01 18:07:21.859 ( 212.520s) [        834568E9]             client.cpp:109   INFO| Client 3 cur temp changed to 23.330000
2024-06-01 18:07:22.247 ( 212.909s) [        8B3C2DC5]             client.cpp:33    INFO| Client 3 request status from server
2024-06-01 18:07:22.248 ( 212.909s) [        8B3C2DC5]             client.cpp:171   INFO| Client 3 status changed to 1
2024-06-01 18:07:23.257 ( 213.918s) [        8B3C2DC5]             client.cpp:33    INFO| Client 3 request status from server
2024-06-01 18:07:23.258 ( 213.919s) [        8B3C2DC5]             client.cpp:171   INFO| Client 3 status changed to 1
2024-06-01 18:07:24.267 ( 214.928s) [        8B3C2DC5]             client.cpp:33    INFO| Client 3 request status from server
2024-06-01 18:07:24.267 ( 214.928s) [        8B3C2DC5]             client.cpp:171   INFO| Client 3 status changed to 1
2024-06-01 18:07:25.278 ( 215.939s) [        8B3C2DC5]             client.cpp:33    INFO| Client 3 request status from server
2024-06-01 18:07:25.278 ( 215.939s) [        8B3C2DC5]             client.cpp:171   INFO| Client 3 status changed to 1
2024-06-01 18:07:26.287 ( 216.948s) [        8B3C2DC5]             client.cpp:33    INFO| Client 3 request status from server
2024-06-01 18:07:26.287 ( 216.948s) [        8B3C2DC5]             client.cpp:171   INFO| Client 3 status changed to 1
2024-06-01 18:07:27.295 ( 217.956s) [        8B3C2DC5]             client.cpp:33    INFO| Client 3 request status from server
2024-06-01 18:07:27.295 ( 217.956s) [        8B3C2DC5]             client.cpp:171   INFO| Client 3 status changed to 1
2024-06-01 18:07:28.305 ( 218.966s) [        8B3C2DC5]             client.cpp:33    INFO| Client 3 request status from server
2024-06-01 18:07:28.305 ( 218.966s) [        8B3C2DC5]             client.cpp:171   INFO| Client 3 status changed to 1
2024-06-01 18:07:29.313 ( 219.974s) [        8B3C2DC5]             client.cpp:33    INFO| Client 3 request status from server
2024-06-01 18:07:29.314 ( 219.975s) [        8B3C2DC5]             client.cpp:171   INFO| Client 3 status changed to 1
2024-06-01 18:07:30.324 ( 220.985s) [        8B3C2DC5]             client.cpp:33    INFO| Client 3 request status from server
2024-06-01 18:07:30.324 ( 220.985s) [        8B3C2DC5]             client.cpp:171   INFO| Client 3 status changed to 1
2024-06-01 18:07:31.334 ( 221.995s) [        8B3C2DC5]             client.cpp:33    INFO| Client 3 request status from server
2024-06-01 18:07:31.335 ( 221.996s) [        8B3C2DC5]             client.cpp:171   INFO| Client 3 status changed to 1
2024-06-01 18:07:31.863 ( 222.524s) [        834568E9]             client.cpp:109   INFO| Client 3 cur temp changed to 24.330000
2024-06-01 18:07:32.344 ( 223.005s) [        8B3C2DC5]             client.cpp:33    INFO| Client 3 request status from server
2024-06-01 18:07:32.344 ( 223.005s) [        8B3C2DC5]             client.cpp:171   INFO| Client 3 status changed to 1
2024-06-01 18:07:33.349 ( 224.010s) [        8B3C2DC5]             client.cpp:33    INFO| Client 3 request status from server
2024-06-01 18:07:33.350 ( 224.011s) [        8B3C2DC5]             client.cpp:171   INFO| Client 3 status changed to 1
2024-06-01 18:07:34.352 ( 225.013s) [        8B3C2DC5]             client.cpp:33    INFO| Client 3 request status from server
2024-06-01 18:07:34.352 ( 225.013s) [        8B3C2DC5]             client.cpp:171   INFO| Client 3 status changed to 1
2024-06-01 18:07:35.363 ( 226.024s) [        8B3C2DC5]             client.cpp:33    INFO| Client 3 request status from server
2024-06-01 18:07:35.364 ( 226.025s) [        8B3C2DC5]             client.cpp:171   INFO| Client 3 status changed to 1
2024-06-01 18:07:36.370 ( 227.031s) [        8B3C2DC5]             client.cpp:33    INFO| Client 3 request status from server
2024-06-01 18:07:36.370 ( 227.031s) [        8B3C2DC5]             client.cpp:171   INFO| Client 3 status changed to 1
2024-06-01 18:07:37.382 ( 228.043s) [        8B3C2DC5]             client.cpp:33    INFO| Client 3 request status from server
2024-06-01 18:07:37.382 ( 228.043s) [        8B3C2DC5]             client.cpp:171   INFO| Client 3 status changed to 1
2024-06-01 18:07:38.396 ( 229.057s) [        8B3C2DC5]             client.cpp:33    INFO| Client 3 request status from server
2024-06-01 18:07:38.397 ( 229.058s) [        8B3C2DC5]             client.cpp:171   INFO| Client 3 status changed to 1
2024-06-01 18:07:39.402 ( 230.063s) [        8B3C2DC5]             client.cpp:33    INFO| Client 3 request status from server
2024-06-01 18:07:39.402 ( 230.063s) [        8B3C2DC5]             client.cpp:171   INFO| Client 3 status changed to 1
2024-06-01 18:07:40.413 ( 231.074s) [        8B3C2DC5]             client.cpp:33    INFO| Client 3 request status from server
2024-06-01 18:07:40.414 ( 231.075s) [        8B3C2DC5]             client.cpp:171   INFO| Client 3 status changed to 1
2024-06-01 18:07:41.421 ( 232.082s) [        8B3C2DC5]             client.cpp:33    INFO| Client 3 request status from server
2024-06-01 18:07:41.421 ( 232.082s) [        8B3C2DC5]             client.cpp:171   INFO| Client 3 status changed to 1
2024-06-01 18:07:41.869 ( 232.530s) [        834568E9]             client.cpp:109   INFO| Client 3 cur temp changed to 25.330000
2024-06-01 18:07:42.429 ( 233.090s) [        8B3C2DC5]             client.cpp:33    INFO| Client 3 request status from server
2024-06-01 18:07:42.429 ( 233.090s) [        8B3C2DC5]             client.cpp:171   INFO| Client 3 status changed to 1
2024-06-01 18:07:43.437 ( 234.098s) [        8B3C2DC5]             client.cpp:33    INFO| Client 3 request status from server
2024-06-01 18:07:43.437 ( 234.099s) [        8B3C2DC5]             client.cpp:171   INFO| Client 3 status changed to 1
2024-06-01 18:07:44.443 ( 235.104s) [        8B3C2DC5]             client.cpp:33    INFO| Client 3 request status from server
2024-06-01 18:07:44.443 ( 235.105s) [        8B3C2DC5]             client.cpp:171   INFO| Client 3 status changed to 1
2024-06-01 18:07:45.452 ( 236.113s) [        8B3C2DC5]             client.cpp:33    INFO| Client 3 request status from server
2024-06-01 18:07:45.452 ( 236.113s) [        8B3C2DC5]             client.cpp:171   INFO| Client 3 status changed to 1
2024-06-01 18:07:46.462 ( 237.123s) [        8B3C2DC5]             client.cpp:33    INFO| Client 3 request status from server
2024-06-01 18:07:46.462 ( 237.123s) [        8B3C2DC5]             client.cpp:171   INFO| Client 3 status changed to 1
2024-06-01 18:07:47.476 ( 238.137s) [        8B3C2DC5]             client.cpp:33    INFO| Client 3 request status from server
2024-06-01 18:07:47.476 ( 238.137s) [        8B3C2DC5]             client.cpp:171   INFO| Client 3 status changed to 1
2024-06-01 18:07:48.486 ( 239.147s) [        8B3C2DC5]             client.cpp:33    INFO| Client 3 request status from server
2024-06-01 18:07:48.486 ( 239.147s) [        8B3C2DC5]             client.cpp:171   INFO| Client 3 status changed to 1
2024-06-01 18:07:49.495 ( 240.156s) [        8B3C2DC5]             client.cpp:33    INFO| Client 3 request status from server
2024-06-01 18:07:49.495 ( 240.156s) [        8B3C2DC5]             client.cpp:171   INFO| Client 3 status changed to 1
2024-06-01 18:07:49.556 ( 240.217s) [        E43BC286]             client.cpp:213   INFO| Client 3 power off
2024-06-01 18:07:50.504 ( 241.165s) [        8B3C2DC5]             client.cpp:33    INFO| Client 3 request status from server
2024-06-01 18:07:50.504 ( 241.165s) [        8B3C2DC5]             client.cpp:171   INFO| Client 3 status changed to 1
2024-06-01 18:07:51.885 ( 242.546s) [        834568E9]             client.cpp:109   INFO| Client 3 cur temp changed to 24.830000
2024-06-01 18:08:01.895 ( 252.556s) [        834568E9]             client.cpp:109   INFO| Client 3 cur temp changed to 24.330000
