File verbosity level: 9
date       time         ( uptime  ) [ thread name/id ]                   file:line     v| 
2024-05-30 23:37:16.186 (   0.002s) [        E694DB00]             loguru.cpp:841   INFO| Logging to 'client4.log', mode: 'w', verbosity: 9
2024-05-30 23:37:16.188 (   0.003s) [        E694DB00]             socket.cpp:21    INFO| Socket init for 4
2024-05-30 23:37:16.190 (   0.004s) [        E694DB00]             client.cpp:21    INFO| Client 4 init
2024-05-30 23:37:16.190 (   0.005s) [        E694DB00]             client.cpp:328   INFO| Client 4 thread start working
2024-05-30 23:37:46.212 (  30.027s) [        E694DB00]             client.cpp:202   INFO| Client 4 power on
2024-05-30 23:37:47.471 (  31.285s) [        F09A37B3]             client.cpp:33    INFO| Client 4 request status from server
2024-05-30 23:37:48.476 (  32.290s) [        F09A37B3]             client.cpp:33    INFO| Client 4 request status from server
2024-05-30 23:37:48.476 (  32.290s) [        F09A37B3]             client.cpp:171   INFO| Client 4 status changed to 0
2024-05-30 23:37:49.486 (  33.301s) [        F09A37B3]             client.cpp:33    INFO| Client 4 request status from server
2024-05-30 23:37:49.486 (  33.301s) [        F09A37B3]             client.cpp:171   INFO| Client 4 status changed to 0
2024-05-30 23:37:50.498 (  34.313s) [        F09A37B3]             client.cpp:33    INFO| Client 4 request status from server
2024-05-30 23:37:50.499 (  34.313s) [        F09A37B3]             client.cpp:171   INFO| Client 4 status changed to 0
2024-05-30 23:37:51.507 (  35.322s) [        F09A37B3]             client.cpp:33    INFO| Client 4 request status from server
2024-05-30 23:37:51.508 (  35.322s) [        F09A37B3]             client.cpp:171   INFO| Client 4 status changed to 1
2024-05-30 23:37:51.508 (  35.322s) [        5BD7A459]             client.cpp:109   INFO| Client 4 cur temp changed to 12.500000
2024-05-30 23:37:52.511 (  36.326s) [        F09A37B3]             client.cpp:33    INFO| Client 4 request status from server
2024-05-30 23:37:52.512 (  36.326s) [        F09A37B3]             client.cpp:171   INFO| Client 4 status changed to 1
2024-05-30 23:37:53.521 (  37.335s) [        F09A37B3]             client.cpp:33    INFO| Client 4 request status from server
2024-05-30 23:37:53.521 (  37.336s) [        F09A37B3]             client.cpp:171   INFO| Client 4 status changed to 1
2024-05-30 23:37:54.526 (  38.340s) [        F09A37B3]             client.cpp:33    INFO| Client 4 request status from server
2024-05-30 23:37:54.526 (  38.340s) [        F09A37B3]             client.cpp:171   INFO| Client 4 status changed to 1
2024-05-30 23:37:55.536 (  39.350s) [        F09A37B3]             client.cpp:33    INFO| Client 4 request status from server
2024-05-30 23:37:55.536 (  39.350s) [        F09A37B3]             client.cpp:171   INFO| Client 4 status changed to 1
2024-05-30 23:37:56.547 (  40.361s) [        F09A37B3]             client.cpp:33    INFO| Client 4 request status from server
2024-05-30 23:37:56.547 (  40.361s) [        F09A37B3]             client.cpp:171   INFO| Client 4 status changed to 1
2024-05-30 23:37:57.550 (  41.365s) [        F09A37B3]             client.cpp:33    INFO| Client 4 request status from server
2024-05-30 23:37:57.551 (  41.365s) [        F09A37B3]             client.cpp:171   INFO| Client 4 status changed to 1
2024-05-30 23:37:58.553 (  42.367s) [        F09A37B3]             client.cpp:33    INFO| Client 4 request status from server
2024-05-30 23:37:58.554 (  42.368s) [        F09A37B3]             client.cpp:171   INFO| Client 4 status changed to 1
2024-05-30 23:37:59.561 (  43.376s) [        F09A37B3]             client.cpp:33    INFO| Client 4 request status from server
2024-05-30 23:37:59.562 (  43.376s) [        F09A37B3]             client.cpp:171   INFO| Client 4 status changed to 1
2024-05-30 23:38:00.565 (  44.380s) [        F09A37B3]             client.cpp:33    INFO| Client 4 request status from server
2024-05-30 23:38:00.566 (  44.380s) [        F09A37B3]             client.cpp:171   INFO| Client 4 status changed to 1
2024-05-30 23:38:01.523 (  45.337s) [        5BD7A459]             client.cpp:109   INFO| Client 4 cur temp changed to 13.000000
2024-05-30 23:38:01.569 (  45.383s) [        F09A37B3]             client.cpp:33    INFO| Client 4 request status from server
2024-05-30 23:38:01.569 (  45.383s) [        F09A37B3]             client.cpp:171   INFO| Client 4 status changed to 1
2024-05-30 23:38:02.576 (  46.391s) [        F09A37B3]             client.cpp:33    INFO| Client 4 request status from server
2024-05-30 23:38:02.577 (  46.391s) [        F09A37B3]             client.cpp:171   INFO| Client 4 status changed to 1
2024-05-30 23:38:03.578 (  47.393s) [        F09A37B3]             client.cpp:33    INFO| Client 4 request status from server
2024-05-30 23:38:03.579 (  47.393s) [        F09A37B3]             client.cpp:171   INFO| Client 4 status changed to 1
2024-05-30 23:38:04.589 (  48.403s) [        F09A37B3]             client.cpp:33    INFO| Client 4 request status from server
2024-05-30 23:38:04.590 (  48.404s) [        F09A37B3]             client.cpp:171   INFO| Client 4 status changed to 1
2024-05-30 23:38:05.597 (  49.412s) [        F09A37B3]             client.cpp:33    INFO| Client 4 request status from server
2024-05-30 23:38:05.598 (  49.412s) [        F09A37B3]             client.cpp:171   INFO| Client 4 status changed to 1
2024-05-30 23:38:06.606 (  50.421s) [        F09A37B3]             client.cpp:33    INFO| Client 4 request status from server
2024-05-30 23:38:06.607 (  50.421s) [        F09A37B3]             client.cpp:171   INFO| Client 4 status changed to 1
2024-05-30 23:38:07.611 (  51.425s) [        F09A37B3]             client.cpp:33    INFO| Client 4 request status from server
2024-05-30 23:38:07.611 (  51.426s) [        F09A37B3]             client.cpp:171   INFO| Client 4 status changed to 1
2024-05-30 23:38:08.619 (  52.433s) [        F09A37B3]             client.cpp:33    INFO| Client 4 request status from server
2024-05-30 23:38:08.619 (  52.434s) [        F09A37B3]             client.cpp:171   INFO| Client 4 status changed to 1
2024-05-30 23:38:09.629 (  53.443s) [        F09A37B3]             client.cpp:33    INFO| Client 4 request status from server
2024-05-30 23:38:09.629 (  53.444s) [        F09A37B3]             client.cpp:171   INFO| Client 4 status changed to 1
2024-05-30 23:38:10.636 (  54.451s) [        F09A37B3]             client.cpp:33    INFO| Client 4 request status from server
2024-05-30 23:38:10.637 (  54.451s) [        F09A37B3]             client.cpp:171   INFO| Client 4 status changed to 1
2024-05-30 23:38:11.536 (  55.350s) [        5BD7A459]             client.cpp:109   INFO| Client 4 cur temp changed to 13.500000
2024-05-30 23:38:11.644 (  55.458s) [        F09A37B3]             client.cpp:33    INFO| Client 4 request status from server
2024-05-30 23:38:11.644 (  55.459s) [        F09A37B3]             client.cpp:171   INFO| Client 4 status changed to 0
2024-05-30 23:38:12.653 (  56.468s) [        F09A37B3]             client.cpp:33    INFO| Client 4 request status from server
2024-05-30 23:38:12.654 (  56.468s) [        F09A37B3]             client.cpp:171   INFO| Client 4 status changed to 0
2024-05-30 23:38:13.655 (  57.469s) [        F09A37B3]             client.cpp:33    INFO| Client 4 request status from server
2024-05-30 23:38:13.655 (  57.469s) [        F09A37B3]             client.cpp:171   INFO| Client 4 status changed to 0
2024-05-30 23:38:14.658 (  58.472s) [        F09A37B3]             client.cpp:33    INFO| Client 4 request status from server
2024-05-30 23:38:14.658 (  58.473s) [        F09A37B3]             client.cpp:171   INFO| Client 4 status changed to 0
2024-05-30 23:38:15.665 (  59.479s) [        F09A37B3]             client.cpp:33    INFO| Client 4 request status from server
2024-05-30 23:38:15.665 (  59.479s) [        F09A37B3]             client.cpp:171   INFO| Client 4 status changed to 0
2024-05-30 23:38:16.669 (  60.483s) [        F09A37B3]             client.cpp:33    INFO| Client 4 request status from server
2024-05-30 23:38:16.670 (  60.484s) [        F09A37B3]             client.cpp:171   INFO| Client 4 status changed to 0
2024-05-30 23:38:17.677 (  61.491s) [        F09A37B3]             client.cpp:33    INFO| Client 4 request status from server
2024-05-30 23:38:17.677 (  61.492s) [        F09A37B3]             client.cpp:171   INFO| Client 4 status changed to 0
2024-05-30 23:38:18.684 (  62.498s) [        F09A37B3]             client.cpp:33    INFO| Client 4 request status from server
2024-05-30 23:38:18.685 (  62.499s) [        F09A37B3]             client.cpp:171   INFO| Client 4 status changed to 0
2024-05-30 23:38:19.694 (  63.509s) [        F09A37B3]             client.cpp:33    INFO| Client 4 request status from server
2024-05-30 23:38:19.695 (  63.509s) [        F09A37B3]             client.cpp:171   INFO| Client 4 status changed to 0
2024-05-30 23:38:20.700 (  64.514s) [        F09A37B3]             client.cpp:33    INFO| Client 4 request status from server
2024-05-30 23:38:20.700 (  64.514s) [        F09A37B3]             client.cpp:171   INFO| Client 4 status changed to 0
2024-05-30 23:38:21.542 (  65.357s) [        5BD7A459]             client.cpp:109   INFO| Client 4 cur temp changed to 13.000000
2024-05-30 23:38:21.710 (  65.524s) [        F09A37B3]             client.cpp:33    INFO| Client 4 request status from server
2024-05-30 23:38:21.710 (  65.525s) [        F09A37B3]             client.cpp:171   INFO| Client 4 status changed to 0
2024-05-30 23:38:22.718 (  66.533s) [        F09A37B3]             client.cpp:33    INFO| Client 4 request status from server
2024-05-30 23:38:22.719 (  66.533s) [        F09A37B3]             client.cpp:171   INFO| Client 4 status changed to 0
2024-05-30 23:38:23.726 (  67.541s) [        F09A37B3]             client.cpp:33    INFO| Client 4 request status from server
2024-05-30 23:38:23.727 (  67.541s) [        F09A37B3]             client.cpp:171   INFO| Client 4 status changed to 0
2024-05-30 23:38:24.732 (  68.546s) [        F09A37B3]             client.cpp:33    INFO| Client 4 request status from server
2024-05-30 23:38:24.732 (  68.547s) [        F09A37B3]             client.cpp:171   INFO| Client 4 status changed to 0
2024-05-30 23:38:25.741 (  69.555s) [        F09A37B3]             client.cpp:33    INFO| Client 4 request status from server
2024-05-30 23:38:25.741 (  69.555s) [        F09A37B3]             client.cpp:171   INFO| Client 4 status changed to 0
2024-05-30 23:38:26.756 (  70.570s) [        F09A37B3]             client.cpp:33    INFO| Client 4 request status from server
2024-05-30 23:38:26.756 (  70.571s) [        F09A37B3]             client.cpp:171   INFO| Client 4 status changed to 0
2024-05-30 23:38:27.766 (  71.580s) [        F09A37B3]             client.cpp:33    INFO| Client 4 request status from server
2024-05-30 23:38:27.766 (  71.581s) [        F09A37B3]             client.cpp:171   INFO| Client 4 status changed to 0
2024-05-30 23:38:28.772 (  72.586s) [        F09A37B3]             client.cpp:33    INFO| Client 4 request status from server
2024-05-30 23:38:28.772 (  72.587s) [        F09A37B3]             client.cpp:171   INFO| Client 4 status changed to 0
2024-05-30 23:38:29.781 (  73.595s) [        F09A37B3]             client.cpp:33    INFO| Client 4 request status from server
2024-05-30 23:38:29.781 (  73.596s) [        F09A37B3]             client.cpp:171   INFO| Client 4 status changed to 0
2024-05-30 23:38:30.784 (  74.598s) [        F09A37B3]             client.cpp:33    INFO| Client 4 request status from server
2024-05-30 23:38:30.784 (  74.598s) [        F09A37B3]             client.cpp:171   INFO| Client 4 status changed to 0
2024-05-30 23:38:31.545 (  75.359s) [        5BD7A459]             client.cpp:109   INFO| Client 4 cur temp changed to 12.500000
2024-05-30 23:38:31.790 (  75.605s) [        F09A37B3]             client.cpp:33    INFO| Client 4 request status from server
2024-05-30 23:38:31.791 (  75.605s) [        F09A37B3]             client.cpp:171   INFO| Client 4 status changed to 0
2024-05-30 23:38:32.797 (  76.611s) [        F09A37B3]             client.cpp:33    INFO| Client 4 request status from server
2024-05-30 23:38:32.807 (  76.622s) [        F09A37B3]             client.cpp:171   INFO| Client 4 status changed to 0
2024-05-30 23:38:33.815 (  77.629s) [        F09A37B3]             client.cpp:33    INFO| Client 4 request status from server
2024-05-30 23:38:33.815 (  77.629s) [        F09A37B3]             client.cpp:171   INFO| Client 4 status changed to 0
2024-05-30 23:38:34.822 (  78.636s) [        F09A37B3]             client.cpp:33    INFO| Client 4 request status from server
2024-05-30 23:38:34.823 (  78.637s) [        F09A37B3]             client.cpp:171   INFO| Client 4 status changed to 0
2024-05-30 23:38:35.827 (  79.641s) [        F09A37B3]             client.cpp:33    INFO| Client 4 request status from server
2024-05-30 23:38:35.827 (  79.641s) [        F09A37B3]             client.cpp:171   INFO| Client 4 status changed to 0
2024-05-30 23:38:36.834 (  80.649s) [        F09A37B3]             client.cpp:33    INFO| Client 4 request status from server
2024-05-30 23:38:36.835 (  80.649s) [        F09A37B3]             client.cpp:171   INFO| Client 4 status changed to 0
2024-05-30 23:38:37.838 (  81.652s) [        F09A37B3]             client.cpp:33    INFO| Client 4 request status from server
2024-05-30 23:38:37.838 (  81.652s) [        F09A37B3]             client.cpp:171   INFO| Client 4 status changed to 0
2024-05-30 23:38:38.844 (  82.659s) [        F09A37B3]             client.cpp:33    INFO| Client 4 request status from server
2024-05-30 23:38:38.845 (  82.659s) [        F09A37B3]             client.cpp:171   INFO| Client 4 status changed to 0
2024-05-30 23:38:39.859 (  83.673s) [        F09A37B3]             client.cpp:33    INFO| Client 4 request status from server
2024-05-30 23:38:39.859 (  83.674s) [        F09A37B3]             client.cpp:171   INFO| Client 4 status changed to 0
2024-05-30 23:38:40.866 (  84.680s) [        F09A37B3]             client.cpp:33    INFO| Client 4 request status from server
2024-05-30 23:38:40.866 (  84.680s) [        F09A37B3]             client.cpp:171   INFO| Client 4 status changed to 0
2024-05-30 23:38:41.551 (  85.365s) [        5BD7A459]             client.cpp:109   INFO| Client 4 cur temp changed to 12.000000
2024-05-30 23:38:41.875 (  85.689s) [        F09A37B3]             client.cpp:33    INFO| Client 4 request status from server
2024-05-30 23:38:41.875 (  85.689s) [        F09A37B3]             client.cpp:171   INFO| Client 4 status changed to 0
2024-05-30 23:38:42.883 (  86.697s) [        F09A37B3]             client.cpp:33    INFO| Client 4 request status from server
2024-05-30 23:38:42.883 (  86.698s) [        F09A37B3]             client.cpp:171   INFO| Client 4 status changed to 0
2024-05-30 23:38:43.893 (  87.707s) [        F09A37B3]             client.cpp:33    INFO| Client 4 request status from server
2024-05-30 23:38:43.893 (  87.708s) [        F09A37B3]             client.cpp:171   INFO| Client 4 status changed to 0
2024-05-30 23:38:44.900 (  88.714s) [        F09A37B3]             client.cpp:33    INFO| Client 4 request status from server
2024-05-30 23:38:44.900 (  88.714s) [        F09A37B3]             client.cpp:171   INFO| Client 4 status changed to 0
2024-05-30 23:38:45.905 (  89.719s) [        F09A37B3]             client.cpp:33    INFO| Client 4 request status from server
2024-05-30 23:38:45.905 (  89.720s) [        F09A37B3]             client.cpp:171   INFO| Client 4 status changed to 0
2024-05-30 23:38:46.247 (  90.061s) [        E694DB00]             client.cpp:145   INFO| Client 4 wind speed changed to 3
2024-05-30 23:38:46.248 (  90.062s) [        E694DB00]             client.cpp:160   INFO| Client 4 target temp changed to 28.000000
2024-05-30 23:38:46.914 (  90.728s) [        F09A37B3]             client.cpp:33    INFO| Client 4 request status from server
2024-05-30 23:38:46.914 (  90.728s) [        F09A37B3]             client.cpp:171   INFO| Client 4 status changed to 0
2024-05-30 23:38:47.918 (  91.732s) [        F09A37B3]             client.cpp:33    INFO| Client 4 request status from server
2024-05-30 23:38:47.918 (  91.732s) [        F09A37B3]             client.cpp:171   INFO| Client 4 status changed to 0
2024-05-30 23:38:48.924 (  92.738s) [        F09A37B3]             client.cpp:33    INFO| Client 4 request status from server
2024-05-30 23:38:48.924 (  92.739s) [        F09A37B3]             client.cpp:171   INFO| Client 4 status changed to 0
2024-05-30 23:38:49.936 (  93.750s) [        F09A37B3]             client.cpp:33    INFO| Client 4 request status from server
2024-05-30 23:38:49.936 (  93.751s) [        F09A37B3]             client.cpp:171   INFO| Client 4 status changed to 0
2024-05-30 23:38:50.946 (  94.761s) [        F09A37B3]             client.cpp:33    INFO| Client 4 request status from server
2024-05-30 23:38:50.947 (  94.761s) [        F09A37B3]             client.cpp:171   INFO| Client 4 status changed to 0
2024-05-30 23:38:51.956 (  95.771s) [        F09A37B3]             client.cpp:33    INFO| Client 4 request status from server
2024-05-30 23:38:51.957 (  95.771s) [        F09A37B3]             client.cpp:171   INFO| Client 4 status changed to 1
2024-05-30 23:38:51.957 (  95.771s) [        5BD7A459]             client.cpp:109   INFO| Client 4 cur temp changed to 13.000000
2024-05-30 23:38:52.965 (  96.780s) [        F09A37B3]             client.cpp:33    INFO| Client 4 request status from server
2024-05-30 23:38:52.966 (  96.780s) [        F09A37B3]             client.cpp:171   INFO| Client 4 status changed to 1
2024-05-30 23:38:53.981 (  97.795s) [        F09A37B3]             client.cpp:33    INFO| Client 4 request status from server
2024-05-30 23:38:53.981 (  97.795s) [        F09A37B3]             client.cpp:171   INFO| Client 4 status changed to 1
2024-05-30 23:38:54.991 (  98.806s) [        F09A37B3]             client.cpp:33    INFO| Client 4 request status from server
2024-05-30 23:38:54.992 (  98.806s) [        F09A37B3]             client.cpp:171   INFO| Client 4 status changed to 1
2024-05-30 23:38:55.993 (  99.808s) [        F09A37B3]             client.cpp:33    INFO| Client 4 request status from server
2024-05-30 23:38:55.994 (  99.808s) [        F09A37B3]             client.cpp:171   INFO| Client 4 status changed to 1
2024-05-30 23:38:57.002 ( 100.816s) [        F09A37B3]             client.cpp:33    INFO| Client 4 request status from server
2024-05-30 23:38:57.002 ( 100.816s) [        F09A37B3]             client.cpp:171   INFO| Client 4 status changed to 1
2024-05-30 23:38:58.008 ( 101.822s) [        F09A37B3]             client.cpp:33    INFO| Client 4 request status from server
2024-05-30 23:38:58.008 ( 101.823s) [        F09A37B3]             client.cpp:171   INFO| Client 4 status changed to 1
2024-05-30 23:38:59.013 ( 102.828s) [        F09A37B3]             client.cpp:33    INFO| Client 4 request status from server
2024-05-30 23:38:59.014 ( 102.828s) [        F09A37B3]             client.cpp:171   INFO| Client 4 status changed to 1
2024-05-30 23:39:00.019 ( 103.833s) [        F09A37B3]             client.cpp:33    INFO| Client 4 request status from server
2024-05-30 23:39:00.019 ( 103.833s) [        F09A37B3]             client.cpp:171   INFO| Client 4 status changed to 1
2024-05-30 23:39:01.023 ( 104.837s) [        F09A37B3]             client.cpp:33    INFO| Client 4 request status from server
2024-05-30 23:39:01.023 ( 104.837s) [        F09A37B3]             client.cpp:171   INFO| Client 4 status changed to 1
2024-05-30 23:39:01.966 ( 105.780s) [        5BD7A459]             client.cpp:109   INFO| Client 4 cur temp changed to 14.000000
2024-05-30 23:39:02.028 ( 105.842s) [        F09A37B3]             client.cpp:33    INFO| Client 4 request status from server
2024-05-30 23:39:02.028 ( 105.842s) [        F09A37B3]             client.cpp:171   INFO| Client 4 status changed to 1
2024-05-30 23:39:03.040 ( 106.854s) [        F09A37B3]             client.cpp:33    INFO| Client 4 request status from server
2024-05-30 23:39:03.041 ( 106.855s) [        F09A37B3]             client.cpp:171   INFO| Client 4 status changed to 1
2024-05-30 23:39:04.050 ( 107.864s) [        F09A37B3]             client.cpp:33    INFO| Client 4 request status from server
2024-05-30 23:39:04.050 ( 107.865s) [        F09A37B3]             client.cpp:171   INFO| Client 4 status changed to 1
2024-05-30 23:39:05.059 ( 108.873s) [        F09A37B3]             client.cpp:33    INFO| Client 4 request status from server
2024-05-30 23:39:05.060 ( 108.874s) [        F09A37B3]             client.cpp:171   INFO| Client 4 status changed to 1
2024-05-30 23:39:06.066 ( 109.880s) [        F09A37B3]             client.cpp:33    INFO| Client 4 request status from server
2024-05-30 23:39:06.066 ( 109.881s) [        F09A37B3]             client.cpp:171   INFO| Client 4 status changed to 1
2024-05-30 23:39:07.068 ( 110.882s) [        F09A37B3]             client.cpp:33    INFO| Client 4 request status from server
2024-05-30 23:39:07.069 ( 110.883s) [        F09A37B3]             client.cpp:171   INFO| Client 4 status changed to 1
2024-05-30 23:39:08.074 ( 111.889s) [        F09A37B3]             client.cpp:33    INFO| Client 4 request status from server
2024-05-30 23:39:08.075 ( 111.889s) [        F09A37B3]             client.cpp:171   INFO| Client 4 status changed to 1
2024-05-30 23:39:09.078 ( 112.892s) [        F09A37B3]             client.cpp:33    INFO| Client 4 request status from server
2024-05-30 23:39:09.078 ( 112.892s) [        F09A37B3]             client.cpp:171   INFO| Client 4 status changed to 1
2024-05-30 23:39:10.084 ( 113.899s) [        F09A37B3]             client.cpp:33    INFO| Client 4 request status from server
2024-05-30 23:39:10.085 ( 113.899s) [        F09A37B3]             client.cpp:171   INFO| Client 4 status changed to 1
2024-05-30 23:39:11.091 ( 114.906s) [        F09A37B3]             client.cpp:33    INFO| Client 4 request status from server
2024-05-30 23:39:11.092 ( 114.906s) [        F09A37B3]             client.cpp:171   INFO| Client 4 status changed to 1
2024-05-30 23:39:11.981 ( 115.795s) [        5BD7A459]             client.cpp:109   INFO| Client 4 cur temp changed to 15.000000
2024-05-30 23:39:12.107 ( 115.921s) [        F09A37B3]             client.cpp:33    INFO| Client 4 request status from server
2024-05-30 23:39:12.107 ( 115.922s) [        F09A37B3]             client.cpp:171   INFO| Client 4 status changed to 1
2024-05-30 23:39:13.115 ( 116.929s) [        F09A37B3]             client.cpp:33    INFO| Client 4 request status from server
2024-05-30 23:39:13.115 ( 116.929s) [        F09A37B3]             client.cpp:171   INFO| Client 4 status changed to 1
2024-05-30 23:39:14.118 ( 117.933s) [        F09A37B3]             client.cpp:33    INFO| Client 4 request status from server
2024-05-30 23:39:14.119 ( 117.933s) [        F09A37B3]             client.cpp:171   INFO| Client 4 status changed to 1
2024-05-30 23:39:15.126 ( 118.941s) [        F09A37B3]             client.cpp:33    INFO| Client 4 request status from server
2024-05-30 23:39:15.127 ( 118.941s) [        F09A37B3]             client.cpp:171   INFO| Client 4 status changed to 1
2024-05-30 23:39:16.137 ( 119.951s) [        F09A37B3]             client.cpp:33    INFO| Client 4 request status from server
2024-05-30 23:39:16.137 ( 119.951s) [        F09A37B3]             client.cpp:171   INFO| Client 4 status changed to 1
2024-05-30 23:39:17.147 ( 120.961s) [        F09A37B3]             client.cpp:33    INFO| Client 4 request status from server
2024-05-30 23:39:17.147 ( 120.961s) [        F09A37B3]             client.cpp:171   INFO| Client 4 status changed to 1
2024-05-30 23:39:18.155 ( 121.970s) [        F09A37B3]             client.cpp:33    INFO| Client 4 request status from server
2024-05-30 23:39:18.156 ( 121.970s) [        F09A37B3]             client.cpp:171   INFO| Client 4 status changed to 1
2024-05-30 23:39:19.166 ( 122.980s) [        F09A37B3]             client.cpp:33    INFO| Client 4 request status from server
2024-05-30 23:39:19.166 ( 122.980s) [        F09A37B3]             client.cpp:171   INFO| Client 4 status changed to 1
2024-05-30 23:39:20.174 ( 123.988s) [        F09A37B3]             client.cpp:33    INFO| Client 4 request status from server
2024-05-30 23:39:20.174 ( 123.989s) [        F09A37B3]             client.cpp:171   INFO| Client 4 status changed to 1
2024-05-30 23:39:21.176 ( 124.990s) [        F09A37B3]             client.cpp:33    INFO| Client 4 request status from server
2024-05-30 23:39:21.176 ( 124.990s) [        F09A37B3]             client.cpp:171   INFO| Client 4 status changed to 1
2024-05-30 23:39:21.983 ( 125.797s) [        5BD7A459]             client.cpp:109   INFO| Client 4 cur temp changed to 16.000000
2024-05-30 23:39:22.185 ( 126.000s) [        F09A37B3]             client.cpp:33    INFO| Client 4 request status from server
2024-05-30 23:39:22.186 ( 126.000s) [        F09A37B3]             client.cpp:171   INFO| Client 4 status changed to 1
2024-05-30 23:39:23.195 ( 127.009s) [        F09A37B3]             client.cpp:33    INFO| Client 4 request status from server
2024-05-30 23:39:23.195 ( 127.009s) [        F09A37B3]             client.cpp:171   INFO| Client 4 status changed to 1
2024-05-30 23:39:24.209 ( 128.024s) [        F09A37B3]             client.cpp:33    INFO| Client 4 request status from server
2024-05-30 23:39:24.210 ( 128.024s) [        F09A37B3]             client.cpp:171   INFO| Client 4 status changed to 1
2024-05-30 23:39:25.218 ( 129.032s) [        F09A37B3]             client.cpp:33    INFO| Client 4 request status from server
2024-05-30 23:39:25.218 ( 129.032s) [        F09A37B3]             client.cpp:171   INFO| Client 4 status changed to 1
2024-05-30 23:39:26.224 ( 130.039s) [        F09A37B3]             client.cpp:33    INFO| Client 4 request status from server
2024-05-30 23:39:26.225 ( 130.039s) [        F09A37B3]             client.cpp:171   INFO| Client 4 status changed to 1
2024-05-30 23:39:27.235 ( 131.049s) [        F09A37B3]             client.cpp:33    INFO| Client 4 request status from server
2024-05-30 23:39:27.235 ( 131.049s) [        F09A37B3]             client.cpp:171   INFO| Client 4 status changed to 1
2024-05-30 23:39:28.239 ( 132.053s) [        F09A37B3]             client.cpp:33    INFO| Client 4 request status from server
2024-05-30 23:39:28.239 ( 132.053s) [        F09A37B3]             client.cpp:171   INFO| Client 4 status changed to 1
2024-05-30 23:39:29.251 ( 133.065s) [        F09A37B3]             client.cpp:33    INFO| Client 4 request status from server
2024-05-30 23:39:29.251 ( 133.065s) [        F09A37B3]             client.cpp:171   INFO| Client 4 status changed to 1
2024-05-30 23:39:30.261 ( 134.076s) [        F09A37B3]             client.cpp:33    INFO| Client 4 request status from server
2024-05-30 23:39:30.261 ( 134.076s) [        F09A37B3]             client.cpp:171   INFO| Client 4 status changed to 1
2024-05-30 23:39:31.271 ( 135.086s) [        F09A37B3]             client.cpp:33    INFO| Client 4 request status from server
2024-05-30 23:39:31.272 ( 135.086s) [        F09A37B3]             client.cpp:171   INFO| Client 4 status changed to 1
2024-05-30 23:39:31.986 ( 135.801s) [        5BD7A459]             client.cpp:109   INFO| Client 4 cur temp changed to 17.000000
2024-05-30 23:39:32.281 ( 136.095s) [        F09A37B3]             client.cpp:33    INFO| Client 4 request status from server
2024-05-30 23:39:32.281 ( 136.096s) [        F09A37B3]             client.cpp:171   INFO| Client 4 status changed to 1
2024-05-30 23:39:33.293 ( 137.108s) [        F09A37B3]             client.cpp:33    INFO| Client 4 request status from server
2024-05-30 23:39:33.293 ( 137.108s) [        F09A37B3]             client.cpp:171   INFO| Client 4 status changed to 1
2024-05-30 23:39:34.301 ( 138.115s) [        F09A37B3]             client.cpp:33    INFO| Client 4 request status from server
2024-05-30 23:39:34.301 ( 138.115s) [        F09A37B3]             client.cpp:171   INFO| Client 4 status changed to 1
2024-05-30 23:39:35.309 ( 139.124s) [        F09A37B3]             client.cpp:33    INFO| Client 4 request status from server
2024-05-30 23:39:35.310 ( 139.124s) [        F09A37B3]             client.cpp:171   INFO| Client 4 status changed to 1
2024-05-30 23:39:36.314 ( 140.128s) [        F09A37B3]             client.cpp:33    INFO| Client 4 request status from server
2024-05-30 23:39:36.314 ( 140.128s) [        F09A37B3]             client.cpp:171   INFO| Client 4 status changed to 1
2024-05-30 23:39:37.324 ( 141.139s) [        F09A37B3]             client.cpp:33    INFO| Client 4 request status from server
2024-05-30 23:39:37.325 ( 141.139s) [        F09A37B3]             client.cpp:171   INFO| Client 4 status changed to 1
2024-05-30 23:39:38.332 ( 142.146s) [        F09A37B3]             client.cpp:33    INFO| Client 4 request status from server
2024-05-30 23:39:38.332 ( 142.146s) [        F09A37B3]             client.cpp:171   INFO| Client 4 status changed to 1
2024-05-30 23:39:39.341 ( 143.156s) [        F09A37B3]             client.cpp:33    INFO| Client 4 request status from server
2024-05-30 23:39:39.342 ( 143.156s) [        F09A37B3]             client.cpp:171   INFO| Client 4 status changed to 1
2024-05-30 23:39:40.350 ( 144.165s) [        F09A37B3]             client.cpp:33    INFO| Client 4 request status from server
2024-05-30 23:39:40.351 ( 144.165s) [        F09A37B3]             client.cpp:171   INFO| Client 4 status changed to 1
2024-05-30 23:39:41.353 ( 145.168s) [        F09A37B3]             client.cpp:33    INFO| Client 4 request status from server
2024-05-30 23:39:41.354 ( 145.168s) [        F09A37B3]             client.cpp:171   INFO| Client 4 status changed to 1
2024-05-30 23:39:41.991 ( 145.805s) [        5BD7A459]             client.cpp:109   INFO| Client 4 cur temp changed to 18.000000
2024-05-30 23:39:42.362 ( 146.177s) [        F09A37B3]             client.cpp:33    INFO| Client 4 request status from server
2024-05-30 23:39:42.363 ( 146.177s) [        F09A37B3]             client.cpp:171   INFO| Client 4 status changed to 1
2024-05-30 23:39:43.375 ( 147.189s) [        F09A37B3]             client.cpp:33    INFO| Client 4 request status from server
2024-05-30 23:39:43.375 ( 147.190s) [        F09A37B3]             client.cpp:171   INFO| Client 4 status changed to 1
2024-05-30 23:39:44.382 ( 148.196s) [        F09A37B3]             client.cpp:33    INFO| Client 4 request status from server
2024-05-30 23:39:44.382 ( 148.197s) [        F09A37B3]             client.cpp:171   INFO| Client 4 status changed to 1
2024-05-30 23:39:45.388 ( 149.202s) [        F09A37B3]             client.cpp:33    INFO| Client 4 request status from server
2024-05-30 23:39:45.388 ( 149.203s) [        F09A37B3]             client.cpp:171   INFO| Client 4 status changed to 1
2024-05-30 23:39:46.392 ( 150.206s) [        F09A37B3]             client.cpp:33    INFO| Client 4 request status from server
2024-05-30 23:39:46.392 ( 150.207s) [        F09A37B3]             client.cpp:171   INFO| Client 4 status changed to 1
2024-05-30 23:39:47.396 ( 151.210s) [        F09A37B3]             client.cpp:33    INFO| Client 4 request status from server
2024-05-30 23:39:47.396 ( 151.210s) [        F09A37B3]             client.cpp:171   INFO| Client 4 status changed to 1
2024-05-30 23:39:48.401 ( 152.216s) [        F09A37B3]             client.cpp:33    INFO| Client 4 request status from server
2024-05-30 23:39:48.402 ( 152.216s) [        F09A37B3]             client.cpp:171   INFO| Client 4 status changed to 1
2024-05-30 23:39:49.408 ( 153.223s) [        F09A37B3]             client.cpp:33    INFO| Client 4 request status from server
2024-05-30 23:39:49.409 ( 153.223s) [        F09A37B3]             client.cpp:171   INFO| Client 4 status changed to 1
2024-05-30 23:39:50.417 ( 154.231s) [        F09A37B3]             client.cpp:33    INFO| Client 4 request status from server
2024-05-30 23:39:50.418 ( 154.232s) [        F09A37B3]             client.cpp:171   INFO| Client 4 status changed to 1
2024-05-30 23:39:51.422 ( 155.236s) [        F09A37B3]             client.cpp:33    INFO| Client 4 request status from server
2024-05-30 23:39:51.423 ( 155.237s) [        F09A37B3]             client.cpp:171   INFO| Client 4 status changed to 1
2024-05-30 23:39:51.996 ( 155.810s) [        5BD7A459]             client.cpp:109   INFO| Client 4 cur temp changed to 19.000000
2024-05-30 23:39:52.428 ( 156.242s) [        F09A37B3]             client.cpp:33    INFO| Client 4 request status from server
2024-05-30 23:39:52.428 ( 156.243s) [        F09A37B3]             client.cpp:171   INFO| Client 4 status changed to 1
2024-05-30 23:39:53.439 ( 157.253s) [        F09A37B3]             client.cpp:33    INFO| Client 4 request status from server
2024-05-30 23:39:53.439 ( 157.253s) [        F09A37B3]             client.cpp:171   INFO| Client 4 status changed to 1
2024-05-30 23:39:54.447 ( 158.261s) [        F09A37B3]             client.cpp:33    INFO| Client 4 request status from server
2024-05-30 23:39:54.447 ( 158.261s) [        F09A37B3]             client.cpp:171   INFO| Client 4 status changed to 1
2024-05-30 23:39:55.453 ( 159.267s) [        F09A37B3]             client.cpp:33    INFO| Client 4 request status from server
2024-05-30 23:39:55.453 ( 159.268s) [        F09A37B3]             client.cpp:171   INFO| Client 4 status changed to 1
2024-05-30 23:39:56.458 ( 160.273s) [        F09A37B3]             client.cpp:33    INFO| Client 4 request status from server
2024-05-30 23:39:56.458 ( 160.273s) [        F09A37B3]             client.cpp:171   INFO| Client 4 status changed to 1
2024-05-30 23:39:57.467 ( 161.282s) [        F09A37B3]             client.cpp:33    INFO| Client 4 request status from server
2024-05-30 23:39:57.468 ( 161.282s) [        F09A37B3]             client.cpp:171   INFO| Client 4 status changed to 1
2024-05-30 23:39:58.476 ( 162.290s) [        F09A37B3]             client.cpp:33    INFO| Client 4 request status from server
2024-05-30 23:39:58.476 ( 162.291s) [        F09A37B3]             client.cpp:171   INFO| Client 4 status changed to 1
2024-05-30 23:39:59.483 ( 163.298s) [        F09A37B3]             client.cpp:33    INFO| Client 4 request status from server
2024-05-30 23:39:59.484 ( 163.298s) [        F09A37B3]             client.cpp:171   INFO| Client 4 status changed to 1
2024-05-30 23:40:00.488 ( 164.303s) [        F09A37B3]             client.cpp:33    INFO| Client 4 request status from server
2024-05-30 23:40:00.489 ( 164.303s) [        F09A37B3]             client.cpp:171   INFO| Client 4 status changed to 1
2024-05-30 23:40:01.494 ( 165.308s) [        F09A37B3]             client.cpp:33    INFO| Client 4 request status from server
2024-05-30 23:40:01.494 ( 165.309s) [        F09A37B3]             client.cpp:171   INFO| Client 4 status changed to 1
2024-05-30 23:40:02.006 ( 165.820s) [        5BD7A459]             client.cpp:109   INFO| Client 4 cur temp changed to 20.000000
2024-05-30 23:40:02.499 ( 166.313s) [        F09A37B3]             client.cpp:33    INFO| Client 4 request status from server
2024-05-30 23:40:02.499 ( 166.313s) [        F09A37B3]             client.cpp:171   INFO| Client 4 status changed to 1
2024-05-30 23:40:03.503 ( 167.317s) [        F09A37B3]             client.cpp:33    INFO| Client 4 request status from server
2024-05-30 23:40:03.503 ( 167.317s) [        F09A37B3]             client.cpp:171   INFO| Client 4 status changed to 1
2024-05-30 23:40:04.512 ( 168.326s) [        F09A37B3]             client.cpp:33    INFO| Client 4 request status from server
2024-05-30 23:40:04.512 ( 168.327s) [        F09A37B3]             client.cpp:171   INFO| Client 4 status changed to 1
2024-05-30 23:40:05.515 ( 169.330s) [        F09A37B3]             client.cpp:33    INFO| Client 4 request status from server
2024-05-30 23:40:05.516 ( 169.330s) [        F09A37B3]             client.cpp:171   INFO| Client 4 status changed to 1
2024-05-30 23:40:06.524 ( 170.338s) [        F09A37B3]             client.cpp:33    INFO| Client 4 request status from server
2024-05-30 23:40:06.524 ( 170.339s) [        F09A37B3]             client.cpp:171   INFO| Client 4 status changed to 1
2024-05-30 23:40:07.530 ( 171.344s) [        F09A37B3]             client.cpp:33    INFO| Client 4 request status from server
2024-05-30 23:40:07.530 ( 171.345s) [        F09A37B3]             client.cpp:171   INFO| Client 4 status changed to 1
2024-05-30 23:40:08.536 ( 172.351s) [        F09A37B3]             client.cpp:33    INFO| Client 4 request status from server
2024-05-30 23:40:08.537 ( 172.351s) [        F09A37B3]             client.cpp:171   INFO| Client 4 status changed to 1
2024-05-30 23:40:09.542 ( 173.356s) [        F09A37B3]             client.cpp:33    INFO| Client 4 request status from server
2024-05-30 23:40:09.543 ( 173.357s) [        F09A37B3]             client.cpp:171   INFO| Client 4 status changed to 1
2024-05-30 23:40:10.549 ( 174.363s) [        F09A37B3]             client.cpp:33    INFO| Client 4 request status from server
2024-05-30 23:40:10.549 ( 174.364s) [        F09A37B3]             client.cpp:171   INFO| Client 4 status changed to 1
2024-05-30 23:40:11.556 ( 175.371s) [        F09A37B3]             client.cpp:33    INFO| Client 4 request status from server
2024-05-30 23:40:11.557 ( 175.371s) [        F09A37B3]             client.cpp:171   INFO| Client 4 status changed to 1
2024-05-30 23:40:12.021 ( 175.835s) [        5BD7A459]             client.cpp:109   INFO| Client 4 cur temp changed to 21.000000
2024-05-30 23:40:12.567 ( 176.382s) [        F09A37B3]             client.cpp:33    INFO| Client 4 request status from server
2024-05-30 23:40:12.568 ( 176.382s) [        F09A37B3]             client.cpp:171   INFO| Client 4 status changed to 1
2024-05-30 23:40:13.575 ( 177.390s) [        F09A37B3]             client.cpp:33    INFO| Client 4 request status from server
2024-05-30 23:40:13.576 ( 177.390s) [        F09A37B3]             client.cpp:171   INFO| Client 4 status changed to 1
2024-05-30 23:40:14.581 ( 178.396s) [        F09A37B3]             client.cpp:33    INFO| Client 4 request status from server
2024-05-30 23:40:14.582 ( 178.396s) [        F09A37B3]             client.cpp:171   INFO| Client 4 status changed to 1
2024-05-30 23:40:15.589 ( 179.404s) [        F09A37B3]             client.cpp:33    INFO| Client 4 request status from server
2024-05-30 23:40:15.590 ( 179.404s) [        F09A37B3]             client.cpp:171   INFO| Client 4 status changed to 1
2024-05-30 23:40:16.322 ( 180.136s) [        E694DB00]             client.cpp:145   INFO| Client 4 wind speed changed to 2
2024-05-30 23:40:16.322 ( 180.136s) [        E694DB00]             client.cpp:160   INFO| Client 4 target temp changed to 25.000000
2024-05-30 23:40:16.601 ( 180.415s) [        F09A37B3]             client.cpp:33    INFO| Client 4 request status from server
2024-05-30 23:40:16.601 ( 180.415s) [        F09A37B3]             client.cpp:171   INFO| Client 4 status changed to 1
2024-05-30 23:40:17.611 ( 181.426s) [        F09A37B3]             client.cpp:33    INFO| Client 4 request status from server
2024-05-30 23:40:17.612 ( 181.426s) [        F09A37B3]             client.cpp:171   INFO| Client 4 status changed to 1
2024-05-30 23:40:18.619 ( 182.433s) [        F09A37B3]             client.cpp:33    INFO| Client 4 request status from server
2024-05-30 23:40:18.620 ( 182.434s) [        F09A37B3]             client.cpp:171   INFO| Client 4 status changed to 1
2024-05-30 23:40:19.626 ( 183.440s) [        F09A37B3]             client.cpp:33    INFO| Client 4 request status from server
2024-05-30 23:40:19.627 ( 183.441s) [        F09A37B3]             client.cpp:171   INFO| Client 4 status changed to 1
2024-05-30 23:40:20.629 ( 184.444s) [        F09A37B3]             client.cpp:33    INFO| Client 4 request status from server
2024-05-30 23:40:20.630 ( 184.444s) [        F09A37B3]             client.cpp:171   INFO| Client 4 status changed to 1
2024-05-30 23:40:21.642 ( 185.456s) [        F09A37B3]             client.cpp:33    INFO| Client 4 request status from server
2024-05-30 23:40:21.642 ( 185.456s) [        F09A37B3]             client.cpp:171   INFO| Client 4 status changed to 1
2024-05-30 23:40:22.027 ( 185.842s) [        5BD7A459]             client.cpp:109   INFO| Client 4 cur temp changed to 21.500000
2024-05-30 23:40:22.648 ( 186.463s) [        F09A37B3]             client.cpp:33    INFO| Client 4 request status from server
2024-05-30 23:40:22.649 ( 186.463s) [        F09A37B3]             client.cpp:171   INFO| Client 4 status changed to 1
2024-05-30 23:40:23.658 ( 187.473s) [        F09A37B3]             client.cpp:33    INFO| Client 4 request status from server
2024-05-30 23:40:23.658 ( 187.473s) [        F09A37B3]             client.cpp:171   INFO| Client 4 status changed to 1
2024-05-30 23:40:24.663 ( 188.477s) [        F09A37B3]             client.cpp:33    INFO| Client 4 request status from server
2024-05-30 23:40:24.663 ( 188.477s) [        F09A37B3]             client.cpp:171   INFO| Client 4 status changed to 1
2024-05-30 23:40:25.668 ( 189.482s) [        F09A37B3]             client.cpp:33    INFO| Client 4 request status from server
2024-05-30 23:40:25.669 ( 189.483s) [        F09A37B3]             client.cpp:171   INFO| Client 4 status changed to 1
2024-05-30 23:40:26.679 ( 190.493s) [        F09A37B3]             client.cpp:33    INFO| Client 4 request status from server
2024-05-30 23:40:26.679 ( 190.493s) [        F09A37B3]             client.cpp:171   INFO| Client 4 status changed to 1
2024-05-30 23:40:27.687 ( 191.502s) [        F09A37B3]             client.cpp:33    INFO| Client 4 request status from server
2024-05-30 23:40:27.688 ( 191.502s) [        F09A37B3]             client.cpp:171   INFO| Client 4 status changed to 1
2024-05-30 23:40:28.693 ( 192.507s) [        F09A37B3]             client.cpp:33    INFO| Client 4 request status from server
2024-05-30 23:40:28.693 ( 192.507s) [        F09A37B3]             client.cpp:171   INFO| Client 4 status changed to 1
2024-05-30 23:40:29.703 ( 193.517s) [        F09A37B3]             client.cpp:33    INFO| Client 4 request status from server
2024-05-30 23:40:29.703 ( 193.518s) [        F09A37B3]             client.cpp:171   INFO| Client 4 status changed to 1
2024-05-30 23:40:30.711 ( 194.525s) [        F09A37B3]             client.cpp:33    INFO| Client 4 request status from server
2024-05-30 23:40:30.711 ( 194.526s) [        F09A37B3]             client.cpp:171   INFO| Client 4 status changed to 1
2024-05-30 23:40:31.718 ( 195.533s) [        F09A37B3]             client.cpp:33    INFO| Client 4 request status from server
2024-05-30 23:40:31.719 ( 195.533s) [        F09A37B3]             client.cpp:171   INFO| Client 4 status changed to 0
2024-05-30 23:40:32.042 ( 195.856s) [        5BD7A459]             client.cpp:109   INFO| Client 4 cur temp changed to 21.000000
2024-05-30 23:40:32.723 ( 196.537s) [        F09A37B3]             client.cpp:33    INFO| Client 4 request status from server
2024-05-30 23:40:32.723 ( 196.538s) [        F09A37B3]             client.cpp:171   INFO| Client 4 status changed to 0
2024-05-30 23:40:33.732 ( 197.547s) [        F09A37B3]             client.cpp:33    INFO| Client 4 request status from server
2024-05-30 23:40:33.733 ( 197.547s) [        F09A37B3]             client.cpp:171   INFO| Client 4 status changed to 0
2024-05-30 23:40:34.737 ( 198.551s) [        F09A37B3]             client.cpp:33    INFO| Client 4 request status from server
2024-05-30 23:40:34.737 ( 198.552s) [        F09A37B3]             client.cpp:171   INFO| Client 4 status changed to 0
2024-05-30 23:40:35.747 ( 199.561s) [        F09A37B3]             client.cpp:33    INFO| Client 4 request status from server
2024-05-30 23:40:35.747 ( 199.562s) [        F09A37B3]             client.cpp:171   INFO| Client 4 status changed to 0
2024-05-30 23:40:36.752 ( 200.566s) [        F09A37B3]             client.cpp:33    INFO| Client 4 request status from server
2024-05-30 23:40:36.753 ( 200.567s) [        F09A37B3]             client.cpp:171   INFO| Client 4 status changed to 0
2024-05-30 23:40:37.764 ( 201.578s) [        F09A37B3]             client.cpp:33    INFO| Client 4 request status from server
2024-05-30 23:40:37.764 ( 201.578s) [        F09A37B3]             client.cpp:171   INFO| Client 4 status changed to 0
2024-05-30 23:40:38.768 ( 202.583s) [        F09A37B3]             client.cpp:33    INFO| Client 4 request status from server
2024-05-30 23:40:38.769 ( 202.583s) [        F09A37B3]             client.cpp:171   INFO| Client 4 status changed to 0
2024-05-30 23:40:39.769 ( 203.584s) [        F09A37B3]             client.cpp:33    INFO| Client 4 request status from server
2024-05-30 23:40:39.770 ( 203.584s) [        F09A37B3]             client.cpp:171   INFO| Client 4 status changed to 0
2024-05-30 23:40:40.778 ( 204.592s) [        F09A37B3]             client.cpp:33    INFO| Client 4 request status from server
2024-05-30 23:40:40.778 ( 204.592s) [        F09A37B3]             client.cpp:171   INFO| Client 4 status changed to 0
2024-05-30 23:40:41.783 ( 205.597s) [        F09A37B3]             client.cpp:33    INFO| Client 4 request status from server
2024-05-30 23:40:41.783 ( 205.597s) [        F09A37B3]             client.cpp:171   INFO| Client 4 status changed to 0
2024-05-30 23:40:42.047 ( 205.861s) [        5BD7A459]             client.cpp:109   INFO| Client 4 cur temp changed to 20.500000
2024-05-30 23:40:42.787 ( 206.602s) [        F09A37B3]             client.cpp:33    INFO| Client 4 request status from server
2024-05-30 23:40:42.788 ( 206.602s) [        F09A37B3]             client.cpp:171   INFO| Client 4 status changed to 0
2024-05-30 23:40:43.797 ( 207.611s) [        F09A37B3]             client.cpp:33    INFO| Client 4 request status from server
2024-05-30 23:40:43.797 ( 207.611s) [        F09A37B3]             client.cpp:171   INFO| Client 4 status changed to 0
2024-05-30 23:40:44.799 ( 208.613s) [        F09A37B3]             client.cpp:33    INFO| Client 4 request status from server
2024-05-30 23:40:44.799 ( 208.613s) [        F09A37B3]             client.cpp:171   INFO| Client 4 status changed to 0
2024-05-30 23:40:45.803 ( 209.618s) [        F09A37B3]             client.cpp:33    INFO| Client 4 request status from server
2024-05-30 23:40:45.804 ( 209.618s) [        F09A37B3]             client.cpp:171   INFO| Client 4 status changed to 0
2024-05-30 23:40:46.814 ( 210.629s) [        F09A37B3]             client.cpp:33    INFO| Client 4 request status from server
2024-05-30 23:40:46.815 ( 210.629s) [        F09A37B3]             client.cpp:171   INFO| Client 4 status changed to 0
2024-05-30 23:40:47.817 ( 211.631s) [        F09A37B3]             client.cpp:33    INFO| Client 4 request status from server
2024-05-30 23:40:47.817 ( 211.631s) [        F09A37B3]             client.cpp:171   INFO| Client 4 status changed to 0
2024-05-30 23:40:48.824 ( 212.638s) [        F09A37B3]             client.cpp:33    INFO| Client 4 request status from server
2024-05-30 23:40:48.824 ( 212.638s) [        F09A37B3]             client.cpp:171   INFO| Client 4 status changed to 0
2024-05-30 23:40:49.828 ( 213.642s) [        F09A37B3]             client.cpp:33    INFO| Client 4 request status from server
2024-05-30 23:40:49.828 ( 213.642s) [        F09A37B3]             client.cpp:171   INFO| Client 4 status changed to 0
2024-05-30 23:40:50.842 ( 214.656s) [        F09A37B3]             client.cpp:33    INFO| Client 4 request status from server
2024-05-30 23:40:50.842 ( 214.656s) [        F09A37B3]             client.cpp:171   INFO| Client 4 status changed to 0
2024-05-30 23:40:51.855 ( 215.669s) [        F09A37B3]             client.cpp:33    INFO| Client 4 request status from server
2024-05-30 23:40:51.856 ( 215.670s) [        F09A37B3]             client.cpp:171   INFO| Client 4 status changed to 1
2024-05-30 23:40:52.057 ( 215.871s) [        5BD7A459]             client.cpp:109   INFO| Client 4 cur temp changed to 21.000000
2024-05-30 23:40:52.858 ( 216.673s) [        F09A37B3]             client.cpp:33    INFO| Client 4 request status from server
2024-05-30 23:40:52.859 ( 216.673s) [        F09A37B3]             client.cpp:171   INFO| Client 4 status changed to 1
2024-05-30 23:40:53.866 ( 217.681s) [        F09A37B3]             client.cpp:33    INFO| Client 4 request status from server
2024-05-30 23:40:53.867 ( 217.681s) [        F09A37B3]             client.cpp:171   INFO| Client 4 status changed to 1
2024-05-30 23:40:54.878 ( 218.692s) [        F09A37B3]             client.cpp:33    INFO| Client 4 request status from server
2024-05-30 23:40:54.878 ( 218.693s) [        F09A37B3]             client.cpp:171   INFO| Client 4 status changed to 1
2024-05-30 23:40:55.887 ( 219.702s) [        F09A37B3]             client.cpp:33    INFO| Client 4 request status from server
2024-05-30 23:40:55.888 ( 219.702s) [        F09A37B3]             client.cpp:171   INFO| Client 4 status changed to 1
2024-05-30 23:40:56.897 ( 220.711s) [        F09A37B3]             client.cpp:33    INFO| Client 4 request status from server
2024-05-30 23:40:56.897 ( 220.712s) [        F09A37B3]             client.cpp:171   INFO| Client 4 status changed to 1
2024-05-30 23:40:57.905 ( 221.719s) [        F09A37B3]             client.cpp:33    INFO| Client 4 request status from server
2024-05-30 23:40:57.905 ( 221.719s) [        F09A37B3]             client.cpp:171   INFO| Client 4 status changed to 1
2024-05-30 23:40:58.914 ( 222.729s) [        F09A37B3]             client.cpp:33    INFO| Client 4 request status from server
2024-05-30 23:40:58.915 ( 222.729s) [        F09A37B3]             client.cpp:171   INFO| Client 4 status changed to 1
2024-05-30 23:40:59.925 ( 223.740s) [        F09A37B3]             client.cpp:33    INFO| Client 4 request status from server
2024-05-30 23:40:59.926 ( 223.740s) [        F09A37B3]             client.cpp:171   INFO| Client 4 status changed to 1
2024-05-30 23:41:00.927 ( 224.742s) [        F09A37B3]             client.cpp:33    INFO| Client 4 request status from server
2024-05-30 23:41:00.928 ( 224.742s) [        F09A37B3]             client.cpp:171   INFO| Client 4 status changed to 1
2024-05-30 23:41:01.937 ( 225.751s) [        F09A37B3]             client.cpp:33    INFO| Client 4 request status from server
2024-05-30 23:41:01.937 ( 225.752s) [        F09A37B3]             client.cpp:171   INFO| Client 4 status changed to 1
2024-05-30 23:41:02.060 ( 225.874s) [        5BD7A459]             client.cpp:109   INFO| Client 4 cur temp changed to 21.500000
2024-05-30 23:41:02.947 ( 226.761s) [        F09A37B3]             client.cpp:33    INFO| Client 4 request status from server
2024-05-30 23:41:02.947 ( 226.761s) [        F09A37B3]             client.cpp:171   INFO| Client 4 status changed to 1
2024-05-30 23:41:03.952 ( 227.767s) [        F09A37B3]             client.cpp:33    INFO| Client 4 request status from server
2024-05-30 23:41:03.953 ( 227.767s) [        F09A37B3]             client.cpp:171   INFO| Client 4 status changed to 1
2024-05-30 23:41:04.956 ( 228.771s) [        F09A37B3]             client.cpp:33    INFO| Client 4 request status from server
2024-05-30 23:41:04.957 ( 228.771s) [        F09A37B3]             client.cpp:171   INFO| Client 4 status changed to 1
2024-05-30 23:41:05.965 ( 229.779s) [        F09A37B3]             client.cpp:33    INFO| Client 4 request status from server
2024-05-30 23:41:05.965 ( 229.779s) [        F09A37B3]             client.cpp:171   INFO| Client 4 status changed to 1
2024-05-30 23:41:06.972 ( 230.786s) [        F09A37B3]             client.cpp:33    INFO| Client 4 request status from server
2024-05-30 23:41:06.972 ( 230.787s) [        F09A37B3]             client.cpp:171   INFO| Client 4 status changed to 1
2024-05-30 23:41:07.974 ( 231.789s) [        F09A37B3]             client.cpp:33    INFO| Client 4 request status from server
2024-05-30 23:41:07.975 ( 231.789s) [        F09A37B3]             client.cpp:171   INFO| Client 4 status changed to 1
2024-05-30 23:41:08.980 ( 232.794s) [        F09A37B3]             client.cpp:33    INFO| Client 4 request status from server
2024-05-30 23:41:08.980 ( 232.794s) [        F09A37B3]             client.cpp:171   INFO| Client 4 status changed to 1
2024-05-30 23:41:09.988 ( 233.802s) [        F09A37B3]             client.cpp:33    INFO| Client 4 request status from server
2024-05-30 23:41:09.988 ( 233.802s) [        F09A37B3]             client.cpp:171   INFO| Client 4 status changed to 1
2024-05-30 23:41:10.991 ( 234.806s) [        F09A37B3]             client.cpp:33    INFO| Client 4 request status from server
2024-05-30 23:41:10.992 ( 234.806s) [        F09A37B3]             client.cpp:171   INFO| Client 4 status changed to 1
2024-05-30 23:41:12.000 ( 235.814s) [        F09A37B3]             client.cpp:33    INFO| Client 4 request status from server
2024-05-30 23:41:12.000 ( 235.814s) [        F09A37B3]             client.cpp:171   INFO| Client 4 status changed to 0
2024-05-30 23:41:12.063 ( 235.877s) [        5BD7A459]             client.cpp:109   INFO| Client 4 cur temp changed to 21.000000
2024-05-30 23:41:13.006 ( 236.821s) [        F09A37B3]             client.cpp:33    INFO| Client 4 request status from server
2024-05-30 23:41:13.006 ( 236.821s) [        F09A37B3]             client.cpp:171   INFO| Client 4 status changed to 0
2024-05-30 23:41:14.012 ( 237.826s) [        F09A37B3]             client.cpp:33    INFO| Client 4 request status from server
2024-05-30 23:41:14.013 ( 237.827s) [        F09A37B3]             client.cpp:171   INFO| Client 4 status changed to 0
2024-05-30 23:41:15.025 ( 238.839s) [        F09A37B3]             client.cpp:33    INFO| Client 4 request status from server
2024-05-30 23:41:15.025 ( 238.839s) [        F09A37B3]             client.cpp:171   INFO| Client 4 status changed to 0
2024-05-30 23:41:16.036 ( 239.850s) [        F09A37B3]             client.cpp:33    INFO| Client 4 request status from server
2024-05-30 23:41:16.036 ( 239.851s) [        F09A37B3]             client.cpp:171   INFO| Client 4 status changed to 0
2024-05-30 23:41:17.050 ( 240.864s) [        F09A37B3]             client.cpp:33    INFO| Client 4 request status from server
2024-05-30 23:41:17.050 ( 240.864s) [        F09A37B3]             client.cpp:171   INFO| Client 4 status changed to 1
2024-05-30 23:41:18.059 ( 241.874s) [        F09A37B3]             client.cpp:33    INFO| Client 4 request status from server
2024-05-30 23:41:18.060 ( 241.874s) [        F09A37B3]             client.cpp:171   INFO| Client 4 status changed to 1
2024-05-30 23:41:19.067 ( 242.882s) [        F09A37B3]             client.cpp:33    INFO| Client 4 request status from server
2024-05-30 23:41:19.068 ( 242.882s) [        F09A37B3]             client.cpp:171   INFO| Client 4 status changed to 1
2024-05-30 23:41:20.072 ( 243.886s) [        F09A37B3]             client.cpp:33    INFO| Client 4 request status from server
2024-05-30 23:41:20.072 ( 243.886s) [        F09A37B3]             client.cpp:171   INFO| Client 4 status changed to 1
2024-05-30 23:41:21.073 ( 244.887s) [        F09A37B3]             client.cpp:33    INFO| Client 4 request status from server
2024-05-30 23:41:21.073 ( 244.888s) [        F09A37B3]             client.cpp:171   INFO| Client 4 status changed to 1
2024-05-30 23:41:22.068 ( 245.882s) [        5BD7A459]             client.cpp:109   INFO| Client 4 cur temp changed to 21.500000
2024-05-30 23:41:22.084 ( 245.898s) [        F09A37B3]             client.cpp:33    INFO| Client 4 request status from server
2024-05-30 23:41:22.084 ( 245.898s) [        F09A37B3]             client.cpp:171   INFO| Client 4 status changed to 1
2024-05-30 23:41:23.093 ( 246.907s) [        F09A37B3]             client.cpp:33    INFO| Client 4 request status from server
2024-05-30 23:41:23.093 ( 246.908s) [        F09A37B3]             client.cpp:171   INFO| Client 4 status changed to 1
2024-05-30 23:41:24.099 ( 247.914s) [        F09A37B3]             client.cpp:33    INFO| Client 4 request status from server
2024-05-30 23:41:24.099 ( 247.914s) [        F09A37B3]             client.cpp:171   INFO| Client 4 status changed to 1
2024-05-30 23:41:25.109 ( 248.924s) [        F09A37B3]             client.cpp:33    INFO| Client 4 request status from server
2024-05-30 23:41:25.110 ( 248.924s) [        F09A37B3]             client.cpp:171   INFO| Client 4 status changed to 1
2024-05-30 23:41:26.115 ( 249.929s) [        F09A37B3]             client.cpp:33    INFO| Client 4 request status from server
2024-05-30 23:41:26.115 ( 249.929s) [        F09A37B3]             client.cpp:171   INFO| Client 4 status changed to 1
2024-05-30 23:41:26.380 ( 250.194s) [        E694DB00]             client.cpp:213   INFO| Client 4 power off
2024-05-30 23:41:27.127 ( 250.942s) [        F09A37B3]             client.cpp:33    INFO| Client 4 request status from server
2024-05-30 23:41:27.128 ( 250.942s) [        F09A37B3]             client.cpp:171   INFO| Client 4 status changed to 1
2024-05-30 23:41:32.078 ( 255.893s) [        5BD7A459]             client.cpp:109   INFO| Client 4 cur temp changed to 21.000000
2024-05-30 23:41:42.080 ( 265.894s) [        5BD7A459]             client.cpp:109   INFO| Client 4 cur temp changed to 20.500000
