File verbosity level: 9
date       time         ( uptime  ) [ thread name/id ]                   file:line     v| 
2024-05-30 23:37:15.691 (   0.002s) [         969E85C]             loguru.cpp:841   INFO| Logging to 'client1.log', mode: 'w', verbosity: 9
2024-05-30 23:37:15.693 (   0.003s) [         969E85C]             socket.cpp:21    INFO| Socket init for 1
2024-05-30 23:37:15.695 (   0.005s) [         969E85C]             client.cpp:21    INFO| Client 1 init
2024-05-30 23:37:15.695 (   0.005s) [         969E85C]             client.cpp:328   INFO| Client 1 thread start working
2024-05-30 23:37:15.695 (   0.005s) [         969E85C]             client.cpp:202   INFO| Client 1 power on
2024-05-30 23:37:16.698 (   1.008s) [        91B681D9]             client.cpp:33    INFO| Client 1 request status from server
2024-05-30 23:37:17.710 (   2.020s) [        91B681D9]             client.cpp:33    INFO| Client 1 request status from server
2024-05-30 23:37:17.710 (   2.020s) [        91B681D9]             client.cpp:171   INFO| Client 1 status changed to 0
2024-05-30 23:37:18.716 (   3.026s) [        91B681D9]             client.cpp:33    INFO| Client 1 request status from server
2024-05-30 23:37:18.716 (   3.026s) [        91B681D9]             client.cpp:171   INFO| Client 1 status changed to 0
2024-05-30 23:37:19.728 (   4.038s) [        91B681D9]             client.cpp:33    INFO| Client 1 request status from server
2024-05-30 23:37:19.728 (   4.038s) [        91B681D9]             client.cpp:171   INFO| Client 1 status changed to 0
2024-05-30 23:37:20.741 (   5.051s) [        91B681D9]             client.cpp:33    INFO| Client 1 request status from server
2024-05-30 23:37:20.741 (   5.051s) [        91B681D9]             client.cpp:171   INFO| Client 1 status changed to 0
2024-05-30 23:37:21.751 (   6.061s) [        91B681D9]             client.cpp:33    INFO| Client 1 request status from server
2024-05-30 23:37:21.751 (   6.061s) [        91B681D9]             client.cpp:171   INFO| Client 1 status changed to 0
2024-05-30 23:37:22.759 (   7.069s) [        91B681D9]             client.cpp:33    INFO| Client 1 request status from server
2024-05-30 23:37:22.759 (   7.069s) [        91B681D9]             client.cpp:171   INFO| Client 1 status changed to 0
2024-05-30 23:37:23.774 (   8.084s) [        91B681D9]             client.cpp:33    INFO| Client 1 request status from server
2024-05-30 23:37:23.774 (   8.084s) [        91B681D9]             client.cpp:171   INFO| Client 1 status changed to 0
2024-05-30 23:37:24.782 (   9.092s) [        91B681D9]             client.cpp:33    INFO| Client 1 request status from server
2024-05-30 23:37:24.783 (   9.093s) [        91B681D9]             client.cpp:171   INFO| Client 1 status changed to 0
2024-05-30 23:37:25.706 (  10.016s) [         969E85C]             client.cpp:160   INFO| Client 1 target temp changed to 24.000000
2024-05-30 23:37:25.784 (  10.094s) [        91B681D9]             client.cpp:33    INFO| Client 1 request status from server
2024-05-30 23:37:25.784 (  10.094s) [        91B681D9]             client.cpp:171   INFO| Client 1 status changed to 0
2024-05-30 23:37:26.787 (  11.097s) [        91B681D9]             client.cpp:33    INFO| Client 1 request status from server
2024-05-30 23:37:26.788 (  11.098s) [        91B681D9]             client.cpp:171   INFO| Client 1 status changed to 0
2024-05-30 23:37:27.794 (  12.104s) [        91B681D9]             client.cpp:33    INFO| Client 1 request status from server
2024-05-30 23:37:27.795 (  12.105s) [        91B681D9]             client.cpp:171   INFO| Client 1 status changed to 0
2024-05-30 23:37:28.804 (  13.114s) [        91B681D9]             client.cpp:33    INFO| Client 1 request status from server
2024-05-30 23:37:28.804 (  13.114s) [        91B681D9]             client.cpp:171   INFO| Client 1 status changed to 0
2024-05-30 23:37:29.815 (  14.125s) [        91B681D9]             client.cpp:33    INFO| Client 1 request status from server
2024-05-30 23:37:29.815 (  14.125s) [        91B681D9]             client.cpp:171   INFO| Client 1 status changed to 0
2024-05-30 23:37:30.819 (  15.129s) [        91B681D9]             client.cpp:33    INFO| Client 1 request status from server
2024-05-30 23:37:30.819 (  15.129s) [        91B681D9]             client.cpp:171   INFO| Client 1 status changed to 0
2024-05-30 23:37:31.823 (  16.133s) [        91B681D9]             client.cpp:33    INFO| Client 1 request status from server
2024-05-30 23:37:31.824 (  16.134s) [        91B681D9]             client.cpp:171   INFO| Client 1 status changed to 1
2024-05-30 23:37:31.824 (  16.134s) [        F224FCF7]             client.cpp:109   INFO| Client 1 cur temp changed to 10.500000
2024-05-30 23:37:32.832 (  17.142s) [        91B681D9]             client.cpp:33    INFO| Client 1 request status from server
2024-05-30 23:37:32.832 (  17.142s) [        91B681D9]             client.cpp:171   INFO| Client 1 status changed to 1
2024-05-30 23:37:33.845 (  18.155s) [        91B681D9]             client.cpp:33    INFO| Client 1 request status from server
2024-05-30 23:37:33.845 (  18.155s) [        91B681D9]             client.cpp:171   INFO| Client 1 status changed to 1
2024-05-30 23:37:34.854 (  19.164s) [        91B681D9]             client.cpp:33    INFO| Client 1 request status from server
2024-05-30 23:37:34.855 (  19.165s) [        91B681D9]             client.cpp:171   INFO| Client 1 status changed to 1
2024-05-30 23:37:35.861 (  20.171s) [        91B681D9]             client.cpp:33    INFO| Client 1 request status from server
2024-05-30 23:37:35.862 (  20.172s) [        91B681D9]             client.cpp:171   INFO| Client 1 status changed to 1
2024-05-30 23:37:36.867 (  21.177s) [        91B681D9]             client.cpp:33    INFO| Client 1 request status from server
2024-05-30 23:37:36.867 (  21.177s) [        91B681D9]             client.cpp:171   INFO| Client 1 status changed to 1
2024-05-30 23:37:37.877 (  22.187s) [        91B681D9]             client.cpp:33    INFO| Client 1 request status from server
2024-05-30 23:37:37.877 (  22.187s) [        91B681D9]             client.cpp:171   INFO| Client 1 status changed to 1
2024-05-30 23:37:38.885 (  23.195s) [        91B681D9]             client.cpp:33    INFO| Client 1 request status from server
2024-05-30 23:37:38.886 (  23.196s) [        91B681D9]             client.cpp:171   INFO| Client 1 status changed to 1
2024-05-30 23:37:39.892 (  24.202s) [        91B681D9]             client.cpp:33    INFO| Client 1 request status from server
2024-05-30 23:37:39.892 (  24.202s) [        91B681D9]             client.cpp:171   INFO| Client 1 status changed to 1
2024-05-30 23:37:40.902 (  25.212s) [        91B681D9]             client.cpp:33    INFO| Client 1 request status from server
2024-05-30 23:37:40.903 (  25.213s) [        91B681D9]             client.cpp:171   INFO| Client 1 status changed to 1
2024-05-30 23:37:41.831 (  26.141s) [        F224FCF7]             client.cpp:109   INFO| Client 1 cur temp changed to 11.000000
2024-05-30 23:37:41.909 (  26.219s) [        91B681D9]             client.cpp:33    INFO| Client 1 request status from server
2024-05-30 23:37:41.909 (  26.219s) [        91B681D9]             client.cpp:171   INFO| Client 1 status changed to 1
2024-05-30 23:37:42.916 (  27.226s) [        91B681D9]             client.cpp:33    INFO| Client 1 request status from server
2024-05-30 23:37:42.916 (  27.226s) [        91B681D9]             client.cpp:171   INFO| Client 1 status changed to 1
2024-05-30 23:37:43.926 (  28.236s) [        91B681D9]             client.cpp:33    INFO| Client 1 request status from server
2024-05-30 23:37:43.926 (  28.236s) [        91B681D9]             client.cpp:171   INFO| Client 1 status changed to 1
2024-05-30 23:37:44.936 (  29.246s) [        91B681D9]             client.cpp:33    INFO| Client 1 request status from server
2024-05-30 23:37:44.936 (  29.246s) [        91B681D9]             client.cpp:171   INFO| Client 1 status changed to 1
2024-05-30 23:37:45.950 (  30.260s) [        91B681D9]             client.cpp:33    INFO| Client 1 request status from server
2024-05-30 23:37:45.950 (  30.260s) [        91B681D9]             client.cpp:171   INFO| Client 1 status changed to 1
2024-05-30 23:37:46.959 (  31.269s) [        91B681D9]             client.cpp:33    INFO| Client 1 request status from server
2024-05-30 23:37:46.960 (  31.270s) [        91B681D9]             client.cpp:171   INFO| Client 1 status changed to 1
2024-05-30 23:37:47.961 (  32.272s) [        91B681D9]             client.cpp:33    INFO| Client 1 request status from server
2024-05-30 23:37:47.962 (  32.272s) [        91B681D9]             client.cpp:171   INFO| Client 1 status changed to 1
2024-05-30 23:37:48.971 (  33.281s) [        91B681D9]             client.cpp:33    INFO| Client 1 request status from server
2024-05-30 23:37:48.972 (  33.282s) [        91B681D9]             client.cpp:171   INFO| Client 1 status changed to 1
2024-05-30 23:37:49.981 (  34.291s) [        91B681D9]             client.cpp:33    INFO| Client 1 request status from server
2024-05-30 23:37:49.982 (  34.292s) [        91B681D9]             client.cpp:171   INFO| Client 1 status changed to 1
2024-05-30 23:37:50.997 (  35.307s) [        91B681D9]             client.cpp:33    INFO| Client 1 request status from server
2024-05-30 23:37:50.997 (  35.307s) [        91B681D9]             client.cpp:171   INFO| Client 1 status changed to 1
2024-05-30 23:37:51.832 (  36.142s) [        F224FCF7]             client.cpp:109   INFO| Client 1 cur temp changed to 11.500000
2024-05-30 23:37:52.003 (  36.313s) [        91B681D9]             client.cpp:33    INFO| Client 1 request status from server
2024-05-30 23:37:52.003 (  36.313s) [        91B681D9]             client.cpp:171   INFO| Client 1 status changed to 0
2024-05-30 23:37:53.009 (  37.319s) [        91B681D9]             client.cpp:33    INFO| Client 1 request status from server
2024-05-30 23:37:53.009 (  37.319s) [        91B681D9]             client.cpp:171   INFO| Client 1 status changed to 0
2024-05-30 23:37:54.017 (  38.327s) [        91B681D9]             client.cpp:33    INFO| Client 1 request status from server
2024-05-30 23:37:54.018 (  38.328s) [        91B681D9]             client.cpp:171   INFO| Client 1 status changed to 0
2024-05-30 23:37:55.023 (  39.333s) [        91B681D9]             client.cpp:33    INFO| Client 1 request status from server
2024-05-30 23:37:55.024 (  39.334s) [        91B681D9]             client.cpp:171   INFO| Client 1 status changed to 0
2024-05-30 23:37:56.038 (  40.348s) [        91B681D9]             client.cpp:33    INFO| Client 1 request status from server
2024-05-30 23:37:56.038 (  40.348s) [        91B681D9]             client.cpp:171   INFO| Client 1 status changed to 0
2024-05-30 23:37:57.039 (  41.349s) [        91B681D9]             client.cpp:33    INFO| Client 1 request status from server
2024-05-30 23:37:57.039 (  41.349s) [        91B681D9]             client.cpp:171   INFO| Client 1 status changed to 0
2024-05-30 23:37:58.043 (  42.353s) [        91B681D9]             client.cpp:33    INFO| Client 1 request status from server
2024-05-30 23:37:58.043 (  42.353s) [        91B681D9]             client.cpp:171   INFO| Client 1 status changed to 0
2024-05-30 23:37:59.048 (  43.358s) [        91B681D9]             client.cpp:33    INFO| Client 1 request status from server
2024-05-30 23:37:59.048 (  43.358s) [        91B681D9]             client.cpp:171   INFO| Client 1 status changed to 0
2024-05-30 23:38:00.057 (  44.367s) [        91B681D9]             client.cpp:33    INFO| Client 1 request status from server
2024-05-30 23:38:00.057 (  44.367s) [        91B681D9]             client.cpp:171   INFO| Client 1 status changed to 0
2024-05-30 23:38:01.058 (  45.368s) [        91B681D9]             client.cpp:33    INFO| Client 1 request status from server
2024-05-30 23:38:01.059 (  45.369s) [        91B681D9]             client.cpp:171   INFO| Client 1 status changed to 0
2024-05-30 23:38:01.847 (  46.157s) [        F224FCF7]             client.cpp:109   INFO| Client 1 cur temp changed to 11.000000
2024-05-30 23:38:02.066 (  46.376s) [        91B681D9]             client.cpp:33    INFO| Client 1 request status from server
2024-05-30 23:38:02.066 (  46.377s) [        91B681D9]             client.cpp:171   INFO| Client 1 status changed to 0
2024-05-30 23:38:03.072 (  47.382s) [        91B681D9]             client.cpp:33    INFO| Client 1 request status from server
2024-05-30 23:38:03.072 (  47.382s) [        91B681D9]             client.cpp:171   INFO| Client 1 status changed to 0
2024-05-30 23:38:04.078 (  48.388s) [        91B681D9]             client.cpp:33    INFO| Client 1 request status from server
2024-05-30 23:38:04.078 (  48.388s) [        91B681D9]             client.cpp:171   INFO| Client 1 status changed to 0
2024-05-30 23:38:05.087 (  49.397s) [        91B681D9]             client.cpp:33    INFO| Client 1 request status from server
2024-05-30 23:38:05.088 (  49.398s) [        91B681D9]             client.cpp:171   INFO| Client 1 status changed to 0
2024-05-30 23:38:05.753 (  50.063s) [         969E85C]             client.cpp:145   INFO| Client 1 wind speed changed to 3
2024-05-30 23:38:06.094 (  50.404s) [        91B681D9]             client.cpp:33    INFO| Client 1 request status from server
2024-05-30 23:38:06.094 (  50.404s) [        91B681D9]             client.cpp:171   INFO| Client 1 status changed to 0
2024-05-30 23:38:07.102 (  51.412s) [        91B681D9]             client.cpp:33    INFO| Client 1 request status from server
2024-05-30 23:38:07.103 (  51.413s) [        91B681D9]             client.cpp:171   INFO| Client 1 status changed to 0
2024-05-30 23:38:08.108 (  52.418s) [        91B681D9]             client.cpp:33    INFO| Client 1 request status from server
2024-05-30 23:38:08.109 (  52.419s) [        91B681D9]             client.cpp:171   INFO| Client 1 status changed to 0
2024-05-30 23:38:09.115 (  53.425s) [        91B681D9]             client.cpp:33    INFO| Client 1 request status from server
2024-05-30 23:38:09.115 (  53.425s) [        91B681D9]             client.cpp:171   INFO| Client 1 status changed to 0
2024-05-30 23:38:10.125 (  54.435s) [        91B681D9]             client.cpp:33    INFO| Client 1 request status from server
2024-05-30 23:38:10.125 (  54.435s) [        91B681D9]             client.cpp:171   INFO| Client 1 status changed to 0
2024-05-30 23:38:11.136 (  55.446s) [        91B681D9]             client.cpp:33    INFO| Client 1 request status from server
2024-05-30 23:38:11.136 (  55.446s) [        91B681D9]             client.cpp:171   INFO| Client 1 status changed to 0
2024-05-30 23:38:11.861 (  56.171s) [        F224FCF7]             client.cpp:109   INFO| Client 1 cur temp changed to 10.500000
2024-05-30 23:38:12.140 (  56.451s) [        91B681D9]             client.cpp:33    INFO| Client 1 request status from server
2024-05-30 23:38:12.141 (  56.451s) [        91B681D9]             client.cpp:171   INFO| Client 1 status changed to 1
2024-05-30 23:38:13.147 (  57.457s) [        91B681D9]             client.cpp:33    INFO| Client 1 request status from server
2024-05-30 23:38:13.148 (  57.458s) [        91B681D9]             client.cpp:171   INFO| Client 1 status changed to 1
2024-05-30 23:38:14.161 (  58.471s) [        91B681D9]             client.cpp:33    INFO| Client 1 request status from server
2024-05-30 23:38:14.162 (  58.472s) [        91B681D9]             client.cpp:171   INFO| Client 1 status changed to 1
2024-05-30 23:38:15.168 (  59.478s) [        91B681D9]             client.cpp:33    INFO| Client 1 request status from server
2024-05-30 23:38:15.168 (  59.478s) [        91B681D9]             client.cpp:171   INFO| Client 1 status changed to 1
2024-05-30 23:38:16.174 (  60.484s) [        91B681D9]             client.cpp:33    INFO| Client 1 request status from server
2024-05-30 23:38:16.174 (  60.484s) [        91B681D9]             client.cpp:171   INFO| Client 1 status changed to 1
2024-05-30 23:38:17.181 (  61.491s) [        91B681D9]             client.cpp:33    INFO| Client 1 request status from server
2024-05-30 23:38:17.181 (  61.491s) [        91B681D9]             client.cpp:171   INFO| Client 1 status changed to 1
2024-05-30 23:38:18.190 (  62.500s) [        91B681D9]             client.cpp:33    INFO| Client 1 request status from server
2024-05-30 23:38:18.190 (  62.500s) [        91B681D9]             client.cpp:171   INFO| Client 1 status changed to 1
2024-05-30 23:38:19.198 (  63.508s) [        91B681D9]             client.cpp:33    INFO| Client 1 request status from server
2024-05-30 23:38:19.198 (  63.508s) [        91B681D9]             client.cpp:171   INFO| Client 1 status changed to 1
2024-05-30 23:38:20.206 (  64.516s) [        91B681D9]             client.cpp:33    INFO| Client 1 request status from server
2024-05-30 23:38:20.207 (  64.517s) [        91B681D9]             client.cpp:171   INFO| Client 1 status changed to 1
2024-05-30 23:38:21.214 (  65.524s) [        91B681D9]             client.cpp:33    INFO| Client 1 request status from server
2024-05-30 23:38:21.214 (  65.524s) [        91B681D9]             client.cpp:171   INFO| Client 1 status changed to 1
2024-05-30 23:38:21.865 (  66.175s) [        F224FCF7]             client.cpp:109   INFO| Client 1 cur temp changed to 11.500000
2024-05-30 23:38:22.225 (  66.535s) [        91B681D9]             client.cpp:33    INFO| Client 1 request status from server
2024-05-30 23:38:22.225 (  66.535s) [        91B681D9]             client.cpp:171   INFO| Client 1 status changed to 1
2024-05-30 23:38:23.230 (  67.540s) [        91B681D9]             client.cpp:33    INFO| Client 1 request status from server
2024-05-30 23:38:23.230 (  67.540s) [        91B681D9]             client.cpp:171   INFO| Client 1 status changed to 1
2024-05-30 23:38:24.234 (  68.544s) [        91B681D9]             client.cpp:33    INFO| Client 1 request status from server
2024-05-30 23:38:24.235 (  68.545s) [        91B681D9]             client.cpp:171   INFO| Client 1 status changed to 1
2024-05-30 23:38:25.245 (  69.555s) [        91B681D9]             client.cpp:33    INFO| Client 1 request status from server
2024-05-30 23:38:25.245 (  69.556s) [        91B681D9]             client.cpp:171   INFO| Client 1 status changed to 1
2024-05-30 23:38:26.254 (  70.564s) [        91B681D9]             client.cpp:33    INFO| Client 1 request status from server
2024-05-30 23:38:26.255 (  70.565s) [        91B681D9]             client.cpp:171   INFO| Client 1 status changed to 1
2024-05-30 23:38:27.270 (  71.580s) [        91B681D9]             client.cpp:33    INFO| Client 1 request status from server
2024-05-30 23:38:27.270 (  71.580s) [        91B681D9]             client.cpp:171   INFO| Client 1 status changed to 1
2024-05-30 23:38:28.280 (  72.590s) [        91B681D9]             client.cpp:33    INFO| Client 1 request status from server
2024-05-30 23:38:28.280 (  72.590s) [        91B681D9]             client.cpp:171   INFO| Client 1 status changed to 1
2024-05-30 23:38:29.286 (  73.596s) [        91B681D9]             client.cpp:33    INFO| Client 1 request status from server
2024-05-30 23:38:29.286 (  73.596s) [        91B681D9]             client.cpp:171   INFO| Client 1 status changed to 1
2024-05-30 23:38:30.291 (  74.601s) [        91B681D9]             client.cpp:33    INFO| Client 1 request status from server
2024-05-30 23:38:30.291 (  74.601s) [        91B681D9]             client.cpp:171   INFO| Client 1 status changed to 1
2024-05-30 23:38:31.297 (  75.607s) [        91B681D9]             client.cpp:33    INFO| Client 1 request status from server
2024-05-30 23:38:31.297 (  75.607s) [        91B681D9]             client.cpp:171   INFO| Client 1 status changed to 1
2024-05-30 23:38:31.866 (  76.176s) [        F224FCF7]             client.cpp:109   INFO| Client 1 cur temp changed to 12.500000
2024-05-30 23:38:32.300 (  76.610s) [        91B681D9]             client.cpp:33    INFO| Client 1 request status from server
2024-05-30 23:38:32.301 (  76.611s) [        91B681D9]             client.cpp:171   INFO| Client 1 status changed to 1
2024-05-30 23:38:33.307 (  77.617s) [        91B681D9]             client.cpp:33    INFO| Client 1 request status from server
2024-05-30 23:38:33.307 (  77.617s) [        91B681D9]             client.cpp:171   INFO| Client 1 status changed to 1
2024-05-30 23:38:34.310 (  78.620s) [        91B681D9]             client.cpp:33    INFO| Client 1 request status from server
2024-05-30 23:38:34.310 (  78.621s) [        91B681D9]             client.cpp:171   INFO| Client 1 status changed to 1
2024-05-30 23:38:35.316 (  79.626s) [        91B681D9]             client.cpp:33    INFO| Client 1 request status from server
2024-05-30 23:38:35.317 (  79.627s) [        91B681D9]             client.cpp:171   INFO| Client 1 status changed to 1
2024-05-30 23:38:36.323 (  80.633s) [        91B681D9]             client.cpp:33    INFO| Client 1 request status from server
2024-05-30 23:38:36.323 (  80.633s) [        91B681D9]             client.cpp:171   INFO| Client 1 status changed to 1
2024-05-30 23:38:37.328 (  81.638s) [        91B681D9]             client.cpp:33    INFO| Client 1 request status from server
2024-05-30 23:38:37.328 (  81.638s) [        91B681D9]             client.cpp:171   INFO| Client 1 status changed to 1
2024-05-30 23:38:38.334 (  82.644s) [        91B681D9]             client.cpp:33    INFO| Client 1 request status from server
2024-05-30 23:38:38.335 (  82.645s) [        91B681D9]             client.cpp:171   INFO| Client 1 status changed to 1
2024-05-30 23:38:39.345 (  83.655s) [        91B681D9]             client.cpp:33    INFO| Client 1 request status from server
2024-05-30 23:38:39.345 (  83.655s) [        91B681D9]             client.cpp:171   INFO| Client 1 status changed to 1
2024-05-30 23:38:40.355 (  84.665s) [        91B681D9]             client.cpp:33    INFO| Client 1 request status from server
2024-05-30 23:38:40.355 (  84.665s) [        91B681D9]             client.cpp:171   INFO| Client 1 status changed to 1
2024-05-30 23:38:41.364 (  85.674s) [        91B681D9]             client.cpp:33    INFO| Client 1 request status from server
2024-05-30 23:38:41.365 (  85.675s) [        91B681D9]             client.cpp:171   INFO| Client 1 status changed to 1
2024-05-30 23:38:41.875 (  86.185s) [        F224FCF7]             client.cpp:109   INFO| Client 1 cur temp changed to 13.500000
2024-05-30 23:38:42.372 (  86.682s) [        91B681D9]             client.cpp:33    INFO| Client 1 request status from server
2024-05-30 23:38:42.372 (  86.682s) [        91B681D9]             client.cpp:171   INFO| Client 1 status changed to 1
2024-05-30 23:38:43.380 (  87.690s) [        91B681D9]             client.cpp:33    INFO| Client 1 request status from server
2024-05-30 23:38:43.381 (  87.691s) [        91B681D9]             client.cpp:171   INFO| Client 1 status changed to 1
2024-05-30 23:38:44.389 (  88.699s) [        91B681D9]             client.cpp:33    INFO| Client 1 request status from server
2024-05-30 23:38:44.389 (  88.699s) [        91B681D9]             client.cpp:171   INFO| Client 1 status changed to 1
2024-05-30 23:38:45.395 (  89.705s) [        91B681D9]             client.cpp:33    INFO| Client 1 request status from server
2024-05-30 23:38:45.395 (  89.705s) [        91B681D9]             client.cpp:171   INFO| Client 1 status changed to 1
2024-05-30 23:38:45.782 (  90.092s) [         969E85C]             client.cpp:160   INFO| Client 1 target temp changed to 28.000000
2024-05-30 23:38:46.402 (  90.712s) [        91B681D9]             client.cpp:33    INFO| Client 1 request status from server
2024-05-30 23:38:46.403 (  90.713s) [        91B681D9]             client.cpp:171   INFO| Client 1 status changed to 1
2024-05-30 23:38:47.408 (  91.718s) [        91B681D9]             client.cpp:33    INFO| Client 1 request status from server
2024-05-30 23:38:47.408 (  91.718s) [        91B681D9]             client.cpp:171   INFO| Client 1 status changed to 1
2024-05-30 23:38:48.413 (  92.723s) [        91B681D9]             client.cpp:33    INFO| Client 1 request status from server
2024-05-30 23:38:48.414 (  92.724s) [        91B681D9]             client.cpp:171   INFO| Client 1 status changed to 1
2024-05-30 23:38:49.425 (  93.735s) [        91B681D9]             client.cpp:33    INFO| Client 1 request status from server
2024-05-30 23:38:49.426 (  93.736s) [        91B681D9]             client.cpp:171   INFO| Client 1 status changed to 1
2024-05-30 23:38:50.433 (  94.743s) [        91B681D9]             client.cpp:33    INFO| Client 1 request status from server
2024-05-30 23:38:50.434 (  94.744s) [        91B681D9]             client.cpp:171   INFO| Client 1 status changed to 1
2024-05-30 23:38:51.442 (  95.752s) [        91B681D9]             client.cpp:33    INFO| Client 1 request status from server
2024-05-30 23:38:51.442 (  95.752s) [        91B681D9]             client.cpp:171   INFO| Client 1 status changed to 1
2024-05-30 23:38:51.878 (  96.188s) [        F224FCF7]             client.cpp:109   INFO| Client 1 cur temp changed to 14.500000
2024-05-30 23:38:52.453 (  96.763s) [        91B681D9]             client.cpp:33    INFO| Client 1 request status from server
2024-05-30 23:38:52.453 (  96.763s) [        91B681D9]             client.cpp:171   INFO| Client 1 status changed to 1
2024-05-30 23:38:53.456 (  97.766s) [        91B681D9]             client.cpp:33    INFO| Client 1 request status from server
2024-05-30 23:38:53.457 (  97.767s) [        91B681D9]             client.cpp:171   INFO| Client 1 status changed to 1
2024-05-30 23:38:54.461 (  98.772s) [        91B681D9]             client.cpp:33    INFO| Client 1 request status from server
2024-05-30 23:38:54.462 (  98.772s) [        91B681D9]             client.cpp:171   INFO| Client 1 status changed to 1
2024-05-30 23:38:55.469 (  99.779s) [        91B681D9]             client.cpp:33    INFO| Client 1 request status from server
2024-05-30 23:38:55.470 (  99.780s) [        91B681D9]             client.cpp:171   INFO| Client 1 status changed to 1
2024-05-30 23:38:56.474 ( 100.784s) [        91B681D9]             client.cpp:33    INFO| Client 1 request status from server
2024-05-30 23:38:56.474 ( 100.784s) [        91B681D9]             client.cpp:171   INFO| Client 1 status changed to 1
2024-05-30 23:38:57.483 ( 101.793s) [        91B681D9]             client.cpp:33    INFO| Client 1 request status from server
2024-05-30 23:38:57.483 ( 101.793s) [        91B681D9]             client.cpp:171   INFO| Client 1 status changed to 1
2024-05-30 23:38:58.488 ( 102.798s) [        91B681D9]             client.cpp:33    INFO| Client 1 request status from server
2024-05-30 23:38:58.488 ( 102.798s) [        91B681D9]             client.cpp:171   INFO| Client 1 status changed to 1
2024-05-30 23:38:59.495 ( 103.805s) [        91B681D9]             client.cpp:33    INFO| Client 1 request status from server
2024-05-30 23:38:59.495 ( 103.805s) [        91B681D9]             client.cpp:171   INFO| Client 1 status changed to 1
2024-05-30 23:39:00.510 ( 104.820s) [        91B681D9]             client.cpp:33    INFO| Client 1 request status from server
2024-05-30 23:39:00.511 ( 104.821s) [        91B681D9]             client.cpp:171   INFO| Client 1 status changed to 1
2024-05-30 23:39:01.517 ( 105.827s) [        91B681D9]             client.cpp:33    INFO| Client 1 request status from server
2024-05-30 23:39:01.518 ( 105.828s) [        91B681D9]             client.cpp:171   INFO| Client 1 status changed to 1
2024-05-30 23:39:01.889 ( 106.199s) [        F224FCF7]             client.cpp:109   INFO| Client 1 cur temp changed to 15.500000
2024-05-30 23:39:02.525 ( 106.835s) [        91B681D9]             client.cpp:33    INFO| Client 1 request status from server
2024-05-30 23:39:02.525 ( 106.835s) [        91B681D9]             client.cpp:171   INFO| Client 1 status changed to 1
2024-05-30 23:39:03.537 ( 107.847s) [        91B681D9]             client.cpp:33    INFO| Client 1 request status from server
2024-05-30 23:39:03.537 ( 107.847s) [        91B681D9]             client.cpp:171   INFO| Client 1 status changed to 1
2024-05-30 23:39:04.546 ( 108.856s) [        91B681D9]             client.cpp:33    INFO| Client 1 request status from server
2024-05-30 23:39:04.546 ( 108.856s) [        91B681D9]             client.cpp:171   INFO| Client 1 status changed to 1
2024-05-30 23:39:05.555 ( 109.865s) [        91B681D9]             client.cpp:33    INFO| Client 1 request status from server
2024-05-30 23:39:05.556 ( 109.866s) [        91B681D9]             client.cpp:171   INFO| Client 1 status changed to 1
2024-05-30 23:39:06.557 ( 110.867s) [        91B681D9]             client.cpp:33    INFO| Client 1 request status from server
2024-05-30 23:39:06.557 ( 110.867s) [        91B681D9]             client.cpp:171   INFO| Client 1 status changed to 1
2024-05-30 23:39:07.565 ( 111.875s) [        91B681D9]             client.cpp:33    INFO| Client 1 request status from server
2024-05-30 23:39:07.565 ( 111.875s) [        91B681D9]             client.cpp:171   INFO| Client 1 status changed to 1
2024-05-30 23:39:08.569 ( 112.879s) [        91B681D9]             client.cpp:33    INFO| Client 1 request status from server
2024-05-30 23:39:08.569 ( 112.879s) [        91B681D9]             client.cpp:171   INFO| Client 1 status changed to 1
2024-05-30 23:39:09.573 ( 113.883s) [        91B681D9]             client.cpp:33    INFO| Client 1 request status from server
2024-05-30 23:39:09.573 ( 113.883s) [        91B681D9]             client.cpp:171   INFO| Client 1 status changed to 1
2024-05-30 23:39:10.580 ( 114.890s) [        91B681D9]             client.cpp:33    INFO| Client 1 request status from server
2024-05-30 23:39:10.580 ( 114.890s) [        91B681D9]             client.cpp:171   INFO| Client 1 status changed to 1
2024-05-30 23:39:11.589 ( 115.899s) [        91B681D9]             client.cpp:33    INFO| Client 1 request status from server
2024-05-30 23:39:11.589 ( 115.899s) [        91B681D9]             client.cpp:171   INFO| Client 1 status changed to 1
2024-05-30 23:39:11.901 ( 116.211s) [        F224FCF7]             client.cpp:109   INFO| Client 1 cur temp changed to 16.500000
2024-05-30 23:39:12.602 ( 116.912s) [        91B681D9]             client.cpp:33    INFO| Client 1 request status from server
2024-05-30 23:39:12.603 ( 116.913s) [        91B681D9]             client.cpp:171   INFO| Client 1 status changed to 1
2024-05-30 23:39:13.611 ( 117.921s) [        91B681D9]             client.cpp:33    INFO| Client 1 request status from server
2024-05-30 23:39:13.611 ( 117.921s) [        91B681D9]             client.cpp:171   INFO| Client 1 status changed to 1
2024-05-30 23:39:14.615 ( 118.925s) [        91B681D9]             client.cpp:33    INFO| Client 1 request status from server
2024-05-30 23:39:14.615 ( 118.925s) [        91B681D9]             client.cpp:171   INFO| Client 1 status changed to 1
2024-05-30 23:39:15.623 ( 119.933s) [        91B681D9]             client.cpp:33    INFO| Client 1 request status from server
2024-05-30 23:39:15.624 ( 119.934s) [        91B681D9]             client.cpp:171   INFO| Client 1 status changed to 1
2024-05-30 23:39:16.634 ( 120.944s) [        91B681D9]             client.cpp:33    INFO| Client 1 request status from server
2024-05-30 23:39:16.634 ( 120.944s) [        91B681D9]             client.cpp:171   INFO| Client 1 status changed to 1
2024-05-30 23:39:17.646 ( 121.956s) [        91B681D9]             client.cpp:33    INFO| Client 1 request status from server
2024-05-30 23:39:17.646 ( 121.956s) [        91B681D9]             client.cpp:171   INFO| Client 1 status changed to 1
2024-05-30 23:39:18.653 ( 122.963s) [        91B681D9]             client.cpp:33    INFO| Client 1 request status from server
2024-05-30 23:39:18.653 ( 122.964s) [        91B681D9]             client.cpp:171   INFO| Client 1 status changed to 1
2024-05-30 23:39:19.662 ( 123.972s) [        91B681D9]             client.cpp:33    INFO| Client 1 request status from server
2024-05-30 23:39:19.662 ( 123.972s) [        91B681D9]             client.cpp:171   INFO| Client 1 status changed to 1
2024-05-30 23:39:20.667 ( 124.977s) [        91B681D9]             client.cpp:33    INFO| Client 1 request status from server
2024-05-30 23:39:20.667 ( 124.977s) [        91B681D9]             client.cpp:171   INFO| Client 1 status changed to 1
2024-05-30 23:39:21.673 ( 125.983s) [        91B681D9]             client.cpp:33    INFO| Client 1 request status from server
2024-05-30 23:39:21.673 ( 125.983s) [        91B681D9]             client.cpp:171   INFO| Client 1 status changed to 1
2024-05-30 23:39:21.905 ( 126.215s) [        F224FCF7]             client.cpp:109   INFO| Client 1 cur temp changed to 17.500000
2024-05-30 23:39:22.682 ( 126.992s) [        91B681D9]             client.cpp:33    INFO| Client 1 request status from server
2024-05-30 23:39:22.682 ( 126.992s) [        91B681D9]             client.cpp:171   INFO| Client 1 status changed to 1
2024-05-30 23:39:23.694 ( 128.004s) [        91B681D9]             client.cpp:33    INFO| Client 1 request status from server
2024-05-30 23:39:23.694 ( 128.004s) [        91B681D9]             client.cpp:171   INFO| Client 1 status changed to 1
2024-05-30 23:39:24.704 ( 129.014s) [        91B681D9]             client.cpp:33    INFO| Client 1 request status from server
2024-05-30 23:39:24.705 ( 129.015s) [        91B681D9]             client.cpp:171   INFO| Client 1 status changed to 1
2024-05-30 23:39:25.712 ( 130.022s) [        91B681D9]             client.cpp:33    INFO| Client 1 request status from server
2024-05-30 23:39:25.713 ( 130.023s) [        91B681D9]             client.cpp:171   INFO| Client 1 status changed to 1
2024-05-30 23:39:26.725 ( 131.035s) [        91B681D9]             client.cpp:33    INFO| Client 1 request status from server
2024-05-30 23:39:26.725 ( 131.035s) [        91B681D9]             client.cpp:171   INFO| Client 1 status changed to 1
2024-05-30 23:39:27.728 ( 132.038s) [        91B681D9]             client.cpp:33    INFO| Client 1 request status from server
2024-05-30 23:39:27.728 ( 132.038s) [        91B681D9]             client.cpp:171   INFO| Client 1 status changed to 1
2024-05-30 23:39:28.740 ( 133.050s) [        91B681D9]             client.cpp:33    INFO| Client 1 request status from server
2024-05-30 23:39:28.740 ( 133.050s) [        91B681D9]             client.cpp:171   INFO| Client 1 status changed to 1
2024-05-30 23:39:29.766 ( 134.076s) [        91B681D9]             client.cpp:33    INFO| Client 1 request status from server
2024-05-30 23:39:29.792 ( 134.102s) [        91B681D9]             client.cpp:171   INFO| Client 1 status changed to 1
2024-05-30 23:39:30.806 ( 135.116s) [        91B681D9]             client.cpp:33    INFO| Client 1 request status from server
2024-05-30 23:39:30.806 ( 135.116s) [        91B681D9]             client.cpp:171   INFO| Client 1 status changed to 1
2024-05-30 23:39:31.814 ( 136.124s) [        91B681D9]             client.cpp:33    INFO| Client 1 request status from server
2024-05-30 23:39:31.814 ( 136.124s) [        91B681D9]             client.cpp:171   INFO| Client 1 status changed to 1
2024-05-30 23:39:31.909 ( 136.219s) [        F224FCF7]             client.cpp:109   INFO| Client 1 cur temp changed to 18.500000
2024-05-30 23:39:32.828 ( 137.138s) [        91B681D9]             client.cpp:33    INFO| Client 1 request status from server
2024-05-30 23:39:32.829 ( 137.139s) [        91B681D9]             client.cpp:171   INFO| Client 1 status changed to 1
2024-05-30 23:39:33.837 ( 138.147s) [        91B681D9]             client.cpp:33    INFO| Client 1 request status from server
2024-05-30 23:39:33.837 ( 138.147s) [        91B681D9]             client.cpp:171   INFO| Client 1 status changed to 1
2024-05-30 23:39:34.845 ( 139.155s) [        91B681D9]             client.cpp:33    INFO| Client 1 request status from server
2024-05-30 23:39:34.845 ( 139.155s) [        91B681D9]             client.cpp:171   INFO| Client 1 status changed to 1
2024-05-30 23:39:35.830 ( 140.140s) [         969E85C]             client.cpp:213   INFO| Client 1 power off
2024-05-30 23:39:35.846 ( 140.156s) [        91B681D9]             client.cpp:33    INFO| Client 1 request status from server
2024-05-30 23:39:35.846 ( 140.156s) [        91B681D9]             client.cpp:171   INFO| Client 1 status changed to 1
2024-05-30 23:39:41.913 ( 146.223s) [        F224FCF7]             client.cpp:109   INFO| Client 1 cur temp changed to 18.000000
2024-05-30 23:39:51.918 ( 156.228s) [        F224FCF7]             client.cpp:109   INFO| Client 1 cur temp changed to 17.500000
2024-05-30 23:40:01.927 ( 166.237s) [        F224FCF7]             client.cpp:109   INFO| Client 1 cur temp changed to 17.000000
2024-05-30 23:40:11.943 ( 176.253s) [        F224FCF7]             client.cpp:109   INFO| Client 1 cur temp changed to 16.500000
2024-05-30 23:40:15.853 ( 180.163s) [         969E85C]             client.cpp:202   INFO| Client 1 power on
2024-05-30 23:40:17.145 ( 181.455s) [        91B681D9]             client.cpp:33    INFO| Client 1 request status from server
2024-05-30 23:40:18.153 ( 182.463s) [        91B681D9]             client.cpp:33    INFO| Client 1 request status from server
2024-05-30 23:40:18.153 ( 182.463s) [        91B681D9]             client.cpp:171   INFO| Client 1 status changed to 0
2024-05-30 23:40:19.158 ( 183.468s) [        91B681D9]             client.cpp:33    INFO| Client 1 request status from server
2024-05-30 23:40:19.158 ( 183.468s) [        91B681D9]             client.cpp:171   INFO| Client 1 status changed to 0
2024-05-30 23:40:20.167 ( 184.477s) [        91B681D9]             client.cpp:33    INFO| Client 1 request status from server
2024-05-30 23:40:20.167 ( 184.477s) [        91B681D9]             client.cpp:171   INFO| Client 1 status changed to 0
2024-05-30 23:40:21.174 ( 185.484s) [        91B681D9]             client.cpp:33    INFO| Client 1 request status from server
2024-05-30 23:40:21.174 ( 185.484s) [        91B681D9]             client.cpp:171   INFO| Client 1 status changed to 0
2024-05-30 23:40:21.950 ( 186.260s) [        F224FCF7]             client.cpp:109   INFO| Client 1 cur temp changed to 16.000000
2024-05-30 23:40:22.184 ( 186.494s) [        91B681D9]             client.cpp:33    INFO| Client 1 request status from server
2024-05-30 23:40:22.185 ( 186.495s) [        91B681D9]             client.cpp:171   INFO| Client 1 status changed to 0
2024-05-30 23:40:23.193 ( 187.503s) [        91B681D9]             client.cpp:33    INFO| Client 1 request status from server
2024-05-30 23:40:23.194 ( 187.504s) [        91B681D9]             client.cpp:171   INFO| Client 1 status changed to 0
2024-05-30 23:40:24.197 ( 188.507s) [        91B681D9]             client.cpp:33    INFO| Client 1 request status from server
2024-05-30 23:40:24.197 ( 188.507s) [        91B681D9]             client.cpp:171   INFO| Client 1 status changed to 0
2024-05-30 23:40:25.205 ( 189.515s) [        91B681D9]             client.cpp:33    INFO| Client 1 request status from server
2024-05-30 23:40:25.205 ( 189.515s) [        91B681D9]             client.cpp:171   INFO| Client 1 status changed to 0
2024-05-30 23:40:26.212 ( 190.522s) [        91B681D9]             client.cpp:33    INFO| Client 1 request status from server
2024-05-30 23:40:26.212 ( 190.522s) [        91B681D9]             client.cpp:171   INFO| Client 1 status changed to 0
2024-05-30 23:40:27.222 ( 191.533s) [        91B681D9]             client.cpp:33    INFO| Client 1 request status from server
2024-05-30 23:40:27.223 ( 191.533s) [        91B681D9]             client.cpp:171   INFO| Client 1 status changed to 0
2024-05-30 23:40:28.229 ( 192.539s) [        91B681D9]             client.cpp:33    INFO| Client 1 request status from server
2024-05-30 23:40:28.230 ( 192.540s) [        91B681D9]             client.cpp:171   INFO| Client 1 status changed to 0
2024-05-30 23:40:29.236 ( 193.546s) [        91B681D9]             client.cpp:33    INFO| Client 1 request status from server
2024-05-30 23:40:29.237 ( 193.547s) [        91B681D9]             client.cpp:171   INFO| Client 1 status changed to 0
2024-05-30 23:40:30.247 ( 194.557s) [        91B681D9]             client.cpp:33    INFO| Client 1 request status from server
2024-05-30 23:40:30.247 ( 194.557s) [        91B681D9]             client.cpp:171   INFO| Client 1 status changed to 0
2024-05-30 23:40:31.255 ( 195.565s) [        91B681D9]             client.cpp:33    INFO| Client 1 request status from server
2024-05-30 23:40:31.255 ( 195.565s) [        91B681D9]             client.cpp:171   INFO| Client 1 status changed to 0
2024-05-30 23:40:31.965 ( 196.275s) [        F224FCF7]             client.cpp:109   INFO| Client 1 cur temp changed to 15.500000
2024-05-30 23:40:32.259 ( 196.569s) [        91B681D9]             client.cpp:33    INFO| Client 1 request status from server
2024-05-30 23:40:32.259 ( 196.569s) [        91B681D9]             client.cpp:171   INFO| Client 1 status changed to 1
2024-05-30 23:40:33.268 ( 197.578s) [        91B681D9]             client.cpp:33    INFO| Client 1 request status from server
2024-05-30 23:40:33.268 ( 197.579s) [        91B681D9]             client.cpp:171   INFO| Client 1 status changed to 1
2024-05-30 23:40:34.273 ( 198.583s) [        91B681D9]             client.cpp:33    INFO| Client 1 request status from server
2024-05-30 23:40:34.274 ( 198.584s) [        91B681D9]             client.cpp:171   INFO| Client 1 status changed to 1
2024-05-30 23:40:35.281 ( 199.591s) [        91B681D9]             client.cpp:33    INFO| Client 1 request status from server
2024-05-30 23:40:35.281 ( 199.591s) [        91B681D9]             client.cpp:171   INFO| Client 1 status changed to 1
2024-05-30 23:40:36.288 ( 200.598s) [        91B681D9]             client.cpp:33    INFO| Client 1 request status from server
2024-05-30 23:40:36.288 ( 200.598s) [        91B681D9]             client.cpp:171   INFO| Client 1 status changed to 1
2024-05-30 23:40:37.298 ( 201.608s) [        91B681D9]             client.cpp:33    INFO| Client 1 request status from server
2024-05-30 23:40:37.298 ( 201.608s) [        91B681D9]             client.cpp:171   INFO| Client 1 status changed to 1
2024-05-30 23:40:38.306 ( 202.616s) [        91B681D9]             client.cpp:33    INFO| Client 1 request status from server
2024-05-30 23:40:38.307 ( 202.617s) [        91B681D9]             client.cpp:171   INFO| Client 1 status changed to 1
2024-05-30 23:40:39.322 ( 203.632s) [        91B681D9]             client.cpp:33    INFO| Client 1 request status from server
2024-05-30 23:40:39.322 ( 203.632s) [        91B681D9]             client.cpp:171   INFO| Client 1 status changed to 1
2024-05-30 23:40:40.327 ( 204.637s) [        91B681D9]             client.cpp:33    INFO| Client 1 request status from server
2024-05-30 23:40:40.328 ( 204.638s) [        91B681D9]             client.cpp:171   INFO| Client 1 status changed to 1
2024-05-30 23:40:41.335 ( 205.645s) [        91B681D9]             client.cpp:33    INFO| Client 1 request status from server
2024-05-30 23:40:41.335 ( 205.645s) [        91B681D9]             client.cpp:171   INFO| Client 1 status changed to 1
2024-05-30 23:40:41.970 ( 206.280s) [        F224FCF7]             client.cpp:109   INFO| Client 1 cur temp changed to 16.000000
2024-05-30 23:40:42.342 ( 206.652s) [        91B681D9]             client.cpp:33    INFO| Client 1 request status from server
2024-05-30 23:40:42.342 ( 206.652s) [        91B681D9]             client.cpp:171   INFO| Client 1 status changed to 1
2024-05-30 23:40:43.345 ( 207.655s) [        91B681D9]             client.cpp:33    INFO| Client 1 request status from server
2024-05-30 23:40:43.346 ( 207.656s) [        91B681D9]             client.cpp:171   INFO| Client 1 status changed to 1
2024-05-30 23:40:44.350 ( 208.660s) [        91B681D9]             client.cpp:33    INFO| Client 1 request status from server
2024-05-30 23:40:44.351 ( 208.661s) [        91B681D9]             client.cpp:171   INFO| Client 1 status changed to 1
2024-05-30 23:40:45.356 ( 209.666s) [        91B681D9]             client.cpp:33    INFO| Client 1 request status from server
2024-05-30 23:40:45.356 ( 209.666s) [        91B681D9]             client.cpp:171   INFO| Client 1 status changed to 1
2024-05-30 23:40:46.365 ( 210.675s) [        91B681D9]             client.cpp:33    INFO| Client 1 request status from server
2024-05-30 23:40:46.366 ( 210.676s) [        91B681D9]             client.cpp:171   INFO| Client 1 status changed to 1
2024-05-30 23:40:47.371 ( 211.681s) [        91B681D9]             client.cpp:33    INFO| Client 1 request status from server
2024-05-30 23:40:47.371 ( 211.682s) [        91B681D9]             client.cpp:171   INFO| Client 1 status changed to 1
2024-05-30 23:40:48.376 ( 212.686s) [        91B681D9]             client.cpp:33    INFO| Client 1 request status from server
2024-05-30 23:40:48.377 ( 212.687s) [        91B681D9]             client.cpp:171   INFO| Client 1 status changed to 1
2024-05-30 23:40:49.380 ( 213.690s) [        91B681D9]             client.cpp:33    INFO| Client 1 request status from server
2024-05-30 23:40:49.381 ( 213.691s) [        91B681D9]             client.cpp:171   INFO| Client 1 status changed to 1
2024-05-30 23:40:50.388 ( 214.698s) [        91B681D9]             client.cpp:33    INFO| Client 1 request status from server
2024-05-30 23:40:50.389 ( 214.699s) [        91B681D9]             client.cpp:171   INFO| Client 1 status changed to 1
2024-05-30 23:40:51.403 ( 215.713s) [        91B681D9]             client.cpp:33    INFO| Client 1 request status from server
2024-05-30 23:40:51.404 ( 215.714s) [        91B681D9]             client.cpp:171   INFO| Client 1 status changed to 1
2024-05-30 23:40:51.979 ( 216.289s) [        F224FCF7]             client.cpp:109   INFO| Client 1 cur temp changed to 16.500000
2024-05-30 23:40:52.410 ( 216.720s) [        91B681D9]             client.cpp:33    INFO| Client 1 request status from server
2024-05-30 23:40:52.410 ( 216.720s) [        91B681D9]             client.cpp:171   INFO| Client 1 status changed to 0
2024-05-30 23:40:53.416 ( 217.726s) [        91B681D9]             client.cpp:33    INFO| Client 1 request status from server
2024-05-30 23:40:53.417 ( 217.727s) [        91B681D9]             client.cpp:171   INFO| Client 1 status changed to 0
2024-05-30 23:40:54.426 ( 218.736s) [        91B681D9]             client.cpp:33    INFO| Client 1 request status from server
2024-05-30 23:40:54.426 ( 218.736s) [        91B681D9]             client.cpp:171   INFO| Client 1 status changed to 0
2024-05-30 23:40:55.438 ( 219.748s) [        91B681D9]             client.cpp:33    INFO| Client 1 request status from server
2024-05-30 23:40:55.438 ( 219.748s) [        91B681D9]             client.cpp:171   INFO| Client 1 status changed to 0
2024-05-30 23:40:56.445 ( 220.755s) [        91B681D9]             client.cpp:33    INFO| Client 1 request status from server
2024-05-30 23:40:56.446 ( 220.756s) [        91B681D9]             client.cpp:171   INFO| Client 1 status changed to 0
2024-05-30 23:40:57.453 ( 221.763s) [        91B681D9]             client.cpp:33    INFO| Client 1 request status from server
2024-05-30 23:40:57.454 ( 221.764s) [        91B681D9]             client.cpp:171   INFO| Client 1 status changed to 0
2024-05-30 23:40:58.466 ( 222.776s) [        91B681D9]             client.cpp:33    INFO| Client 1 request status from server
2024-05-30 23:40:58.466 ( 222.776s) [        91B681D9]             client.cpp:171   INFO| Client 1 status changed to 0
2024-05-30 23:40:59.473 ( 223.783s) [        91B681D9]             client.cpp:33    INFO| Client 1 request status from server
2024-05-30 23:40:59.473 ( 223.783s) [        91B681D9]             client.cpp:171   INFO| Client 1 status changed to 0
2024-05-30 23:41:00.479 ( 224.789s) [        91B681D9]             client.cpp:33    INFO| Client 1 request status from server
2024-05-30 23:41:00.479 ( 224.789s) [        91B681D9]             client.cpp:171   INFO| Client 1 status changed to 0
2024-05-30 23:41:01.486 ( 225.796s) [        91B681D9]             client.cpp:33    INFO| Client 1 request status from server
2024-05-30 23:41:01.486 ( 225.796s) [        91B681D9]             client.cpp:171   INFO| Client 1 status changed to 0
2024-05-30 23:41:01.984 ( 226.294s) [        F224FCF7]             client.cpp:109   INFO| Client 1 cur temp changed to 16.000000
2024-05-30 23:41:02.496 ( 226.806s) [        91B681D9]             client.cpp:33    INFO| Client 1 request status from server
2024-05-30 23:41:02.496 ( 226.807s) [        91B681D9]             client.cpp:171   INFO| Client 1 status changed to 0
2024-05-30 23:41:03.507 ( 227.817s) [        91B681D9]             client.cpp:33    INFO| Client 1 request status from server
2024-05-30 23:41:03.507 ( 227.817s) [        91B681D9]             client.cpp:171   INFO| Client 1 status changed to 0
2024-05-30 23:41:04.508 ( 228.818s) [        91B681D9]             client.cpp:33    INFO| Client 1 request status from server
2024-05-30 23:41:04.509 ( 228.819s) [        91B681D9]             client.cpp:171   INFO| Client 1 status changed to 0
2024-05-30 23:41:05.515 ( 229.825s) [        91B681D9]             client.cpp:33    INFO| Client 1 request status from server
2024-05-30 23:41:05.516 ( 229.826s) [        91B681D9]             client.cpp:171   INFO| Client 1 status changed to 0
2024-05-30 23:41:06.522 ( 230.832s) [        91B681D9]             client.cpp:33    INFO| Client 1 request status from server
2024-05-30 23:41:06.522 ( 230.832s) [        91B681D9]             client.cpp:171   INFO| Client 1 status changed to 0
2024-05-30 23:41:07.527 ( 231.837s) [        91B681D9]             client.cpp:33    INFO| Client 1 request status from server
2024-05-30 23:41:07.528 ( 231.838s) [        91B681D9]             client.cpp:171   INFO| Client 1 status changed to 0
2024-05-30 23:41:08.531 ( 232.841s) [        91B681D9]             client.cpp:33    INFO| Client 1 request status from server
2024-05-30 23:41:08.532 ( 232.842s) [        91B681D9]             client.cpp:171   INFO| Client 1 status changed to 0
2024-05-30 23:41:09.538 ( 233.848s) [        91B681D9]             client.cpp:33    INFO| Client 1 request status from server
2024-05-30 23:41:09.539 ( 233.849s) [        91B681D9]             client.cpp:171   INFO| Client 1 status changed to 0
2024-05-30 23:41:10.545 ( 234.855s) [        91B681D9]             client.cpp:33    INFO| Client 1 request status from server
2024-05-30 23:41:10.546 ( 234.856s) [        91B681D9]             client.cpp:171   INFO| Client 1 status changed to 0
2024-05-30 23:41:11.548 ( 235.859s) [        91B681D9]             client.cpp:33    INFO| Client 1 request status from server
2024-05-30 23:41:11.549 ( 235.859s) [        91B681D9]             client.cpp:171   INFO| Client 1 status changed to 0
2024-05-30 23:41:11.984 ( 236.294s) [        F224FCF7]             client.cpp:109   INFO| Client 1 cur temp changed to 15.500000
2024-05-30 23:41:12.558 ( 236.868s) [        91B681D9]             client.cpp:33    INFO| Client 1 request status from server
2024-05-30 23:41:12.558 ( 236.868s) [        91B681D9]             client.cpp:171   INFO| Client 1 status changed to 1
2024-05-30 23:41:13.567 ( 237.877s) [        91B681D9]             client.cpp:33    INFO| Client 1 request status from server
2024-05-30 23:41:13.567 ( 237.878s) [        91B681D9]             client.cpp:171   INFO| Client 1 status changed to 1
2024-05-30 23:41:14.572 ( 238.882s) [        91B681D9]             client.cpp:33    INFO| Client 1 request status from server
2024-05-30 23:41:14.572 ( 238.882s) [        91B681D9]             client.cpp:171   INFO| Client 1 status changed to 1
2024-05-30 23:41:15.585 ( 239.895s) [        91B681D9]             client.cpp:33    INFO| Client 1 request status from server
2024-05-30 23:41:15.585 ( 239.895s) [        91B681D9]             client.cpp:171   INFO| Client 1 status changed to 1
2024-05-30 23:41:15.896 ( 240.206s) [         969E85C]             client.cpp:213   INFO| Client 1 power off
2024-05-30 23:41:16.594 ( 240.904s) [        91B681D9]             client.cpp:33    INFO| Client 1 request status from server
2024-05-30 23:41:16.595 ( 240.905s) [        91B681D9]             client.cpp:171   INFO| Client 1 status changed to 1
2024-05-30 23:41:21.990 ( 246.300s) [        F224FCF7]             client.cpp:109   INFO| Client 1 cur temp changed to 15.000000
2024-05-30 23:41:32.001 ( 256.311s) [        F224FCF7]             client.cpp:109   INFO| Client 1 cur temp changed to 14.500000
2024-05-30 23:41:42.002 ( 266.312s) [        F224FCF7]             client.cpp:109   INFO| Client 1 cur temp changed to 14.000000
