File verbosity level: 9
date       time         ( uptime  ) [ thread name/id ]                   file:line     v| 
2024-05-30 23:37:14.823 (   0.001s) [        6D1C2321]             loguru.cpp:841   INFO| Logging to 'client2.log', mode: 'w', verbosity: 9
2024-05-30 23:37:14.825 (   0.002s) [        6D1C2321]             socket.cpp:21    INFO| Socket init for 2
2024-05-30 23:37:14.827 (   0.004s) [        6D1C2321]             client.cpp:21    INFO| Client 2 init
2024-05-30 23:37:14.827 (   0.004s) [        6D1C2321]             client.cpp:328   INFO| Client 2 thread start working
2024-05-30 23:37:24.829 (  10.006s) [        6D1C2321]             client.cpp:202   INFO| Client 2 power on
2024-05-30 23:37:25.936 (  11.113s) [        6D9C0321]             client.cpp:33    INFO| Client 2 request status from server
2024-05-30 23:37:26.943 (  12.120s) [        6D9C0321]             client.cpp:33    INFO| Client 2 request status from server
2024-05-30 23:37:26.944 (  12.121s) [        6D9C0321]             client.cpp:171   INFO| Client 2 status changed to 0
2024-05-30 23:37:27.949 (  13.126s) [        6D9C0321]             client.cpp:33    INFO| Client 2 request status from server
2024-05-30 23:37:27.949 (  13.126s) [        6D9C0321]             client.cpp:171   INFO| Client 2 status changed to 0
2024-05-30 23:37:28.959 (  14.136s) [        6D9C0321]             client.cpp:33    INFO| Client 2 request status from server
2024-05-30 23:37:28.959 (  14.136s) [        6D9C0321]             client.cpp:171   INFO| Client 2 status changed to 0
2024-05-30 23:37:29.969 (  15.146s) [        6D9C0321]             client.cpp:33    INFO| Client 2 request status from server
2024-05-30 23:37:29.970 (  15.147s) [        6D9C0321]             client.cpp:171   INFO| Client 2 status changed to 0
2024-05-30 23:37:30.971 (  16.148s) [        6D9C0321]             client.cpp:33    INFO| Client 2 request status from server
2024-05-30 23:37:30.971 (  16.148s) [        6D9C0321]             client.cpp:171   INFO| Client 2 status changed to 0
2024-05-30 23:37:31.978 (  17.155s) [        6D9C0321]             client.cpp:33    INFO| Client 2 request status from server
2024-05-30 23:37:31.979 (  17.156s) [        6D9C0321]             client.cpp:171   INFO| Client 2 status changed to 1
2024-05-30 23:37:31.979 (  17.156s) [        943FCCF5]             client.cpp:109   INFO| Client 2 cur temp changed to 15.500000
2024-05-30 23:37:32.985 (  18.162s) [        6D9C0321]             client.cpp:33    INFO| Client 2 request status from server
2024-05-30 23:37:32.986 (  18.163s) [        6D9C0321]             client.cpp:171   INFO| Client 2 status changed to 1
2024-05-30 23:37:33.986 (  19.163s) [        6D9C0321]             client.cpp:33    INFO| Client 2 request status from server
2024-05-30 23:37:33.987 (  19.164s) [        6D9C0321]             client.cpp:171   INFO| Client 2 status changed to 1
2024-05-30 23:37:34.993 (  20.170s) [        6D9C0321]             client.cpp:33    INFO| Client 2 request status from server
2024-05-30 23:37:34.993 (  20.170s) [        6D9C0321]             client.cpp:171   INFO| Client 2 status changed to 1
2024-05-30 23:37:35.998 (  21.175s) [        6D9C0321]             client.cpp:33    INFO| Client 2 request status from server
2024-05-30 23:37:35.998 (  21.175s) [        6D9C0321]             client.cpp:171   INFO| Client 2 status changed to 1
2024-05-30 23:37:37.007 (  22.184s) [        6D9C0321]             client.cpp:33    INFO| Client 2 request status from server
2024-05-30 23:37:37.008 (  22.185s) [        6D9C0321]             client.cpp:171   INFO| Client 2 status changed to 1
2024-05-30 23:37:38.016 (  23.193s) [        6D9C0321]             client.cpp:33    INFO| Client 2 request status from server
2024-05-30 23:37:38.016 (  23.193s) [        6D9C0321]             client.cpp:171   INFO| Client 2 status changed to 1
2024-05-30 23:37:39.024 (  24.201s) [        6D9C0321]             client.cpp:33    INFO| Client 2 request status from server
2024-05-30 23:37:39.025 (  24.202s) [        6D9C0321]             client.cpp:171   INFO| Client 2 status changed to 1
2024-05-30 23:37:40.032 (  25.209s) [        6D9C0321]             client.cpp:33    INFO| Client 2 request status from server
2024-05-30 23:37:40.032 (  25.209s) [        6D9C0321]             client.cpp:171   INFO| Client 2 status changed to 1
2024-05-30 23:37:41.041 (  26.218s) [        6D9C0321]             client.cpp:33    INFO| Client 2 request status from server
2024-05-30 23:37:41.042 (  26.219s) [        6D9C0321]             client.cpp:171   INFO| Client 2 status changed to 1
2024-05-30 23:37:41.985 (  27.162s) [        943FCCF5]             client.cpp:109   INFO| Client 2 cur temp changed to 16.000000
2024-05-30 23:37:42.047 (  27.224s) [        6D9C0321]             client.cpp:33    INFO| Client 2 request status from server
2024-05-30 23:37:42.047 (  27.224s) [        6D9C0321]             client.cpp:171   INFO| Client 2 status changed to 1
2024-05-30 23:37:43.056 (  28.233s) [        6D9C0321]             client.cpp:33    INFO| Client 2 request status from server
2024-05-30 23:37:43.057 (  28.234s) [        6D9C0321]             client.cpp:171   INFO| Client 2 status changed to 1
2024-05-30 23:37:44.066 (  29.243s) [        6D9C0321]             client.cpp:33    INFO| Client 2 request status from server
2024-05-30 23:37:44.066 (  29.243s) [        6D9C0321]             client.cpp:171   INFO| Client 2 status changed to 1
2024-05-30 23:37:44.843 (  30.020s) [        6D1C2321]             client.cpp:160   INFO| Client 2 target temp changed to 25.000000
2024-05-30 23:37:45.075 (  30.252s) [        6D9C0321]             client.cpp:33    INFO| Client 2 request status from server
2024-05-30 23:37:45.076 (  30.253s) [        6D9C0321]             client.cpp:171   INFO| Client 2 status changed to 1
2024-05-30 23:37:46.089 (  31.266s) [        6D9C0321]             client.cpp:33    INFO| Client 2 request status from server
2024-05-30 23:37:46.090 (  31.267s) [        6D9C0321]             client.cpp:171   INFO| Client 2 status changed to 1
2024-05-30 23:37:47.099 (  32.276s) [        6D9C0321]             client.cpp:33    INFO| Client 2 request status from server
2024-05-30 23:37:47.099 (  32.276s) [        6D9C0321]             client.cpp:171   INFO| Client 2 status changed to 1
2024-05-30 23:37:48.103 (  33.280s) [        6D9C0321]             client.cpp:33    INFO| Client 2 request status from server
2024-05-30 23:37:48.103 (  33.280s) [        6D9C0321]             client.cpp:171   INFO| Client 2 status changed to 1
2024-05-30 23:37:49.112 (  34.289s) [        6D9C0321]             client.cpp:33    INFO| Client 2 request status from server
2024-05-30 23:37:49.112 (  34.290s) [        6D9C0321]             client.cpp:171   INFO| Client 2 status changed to 1
2024-05-30 23:37:50.124 (  35.301s) [        6D9C0321]             client.cpp:33    INFO| Client 2 request status from server
2024-05-30 23:37:50.124 (  35.302s) [        6D9C0321]             client.cpp:171   INFO| Client 2 status changed to 1
2024-05-30 23:37:51.136 (  36.313s) [        6D9C0321]             client.cpp:33    INFO| Client 2 request status from server
2024-05-30 23:37:51.136 (  36.313s) [        6D9C0321]             client.cpp:171   INFO| Client 2 status changed to 1
2024-05-30 23:37:51.988 (  37.165s) [        943FCCF5]             client.cpp:109   INFO| Client 2 cur temp changed to 16.500000
2024-05-30 23:37:52.142 (  37.319s) [        6D9C0321]             client.cpp:33    INFO| Client 2 request status from server
2024-05-30 23:37:52.142 (  37.319s) [        6D9C0321]             client.cpp:171   INFO| Client 2 status changed to 0
2024-05-30 23:37:53.147 (  38.324s) [        6D9C0321]             client.cpp:33    INFO| Client 2 request status from server
2024-05-30 23:37:53.147 (  38.324s) [        6D9C0321]             client.cpp:171   INFO| Client 2 status changed to 0
2024-05-30 23:37:54.156 (  39.333s) [        6D9C0321]             client.cpp:33    INFO| Client 2 request status from server
2024-05-30 23:37:54.156 (  39.333s) [        6D9C0321]             client.cpp:171   INFO| Client 2 status changed to 0
2024-05-30 23:37:55.163 (  40.340s) [        6D9C0321]             client.cpp:33    INFO| Client 2 request status from server
2024-05-30 23:37:55.163 (  40.340s) [        6D9C0321]             client.cpp:171   INFO| Client 2 status changed to 0
2024-05-30 23:37:56.177 (  41.354s) [        6D9C0321]             client.cpp:33    INFO| Client 2 request status from server
2024-05-30 23:37:56.177 (  41.354s) [        6D9C0321]             client.cpp:171   INFO| Client 2 status changed to 0
2024-05-30 23:37:57.178 (  42.355s) [        6D9C0321]             client.cpp:33    INFO| Client 2 request status from server
2024-05-30 23:37:57.178 (  42.355s) [        6D9C0321]             client.cpp:171   INFO| Client 2 status changed to 0
2024-05-30 23:37:58.180 (  43.357s) [        6D9C0321]             client.cpp:33    INFO| Client 2 request status from server
2024-05-30 23:37:58.180 (  43.357s) [        6D9C0321]             client.cpp:171   INFO| Client 2 status changed to 0
2024-05-30 23:37:59.188 (  44.365s) [        6D9C0321]             client.cpp:33    INFO| Client 2 request status from server
2024-05-30 23:37:59.188 (  44.365s) [        6D9C0321]             client.cpp:171   INFO| Client 2 status changed to 0
2024-05-30 23:38:00.197 (  45.374s) [        6D9C0321]             client.cpp:33    INFO| Client 2 request status from server
2024-05-30 23:38:00.198 (  45.375s) [        6D9C0321]             client.cpp:171   INFO| Client 2 status changed to 0
2024-05-30 23:38:01.213 (  46.390s) [        6D9C0321]             client.cpp:33    INFO| Client 2 request status from server
2024-05-30 23:38:01.213 (  46.390s) [        6D9C0321]             client.cpp:171   INFO| Client 2 status changed to 0
2024-05-30 23:38:02.003 (  47.180s) [        943FCCF5]             client.cpp:109   INFO| Client 2 cur temp changed to 16.000000
2024-05-30 23:38:02.222 (  47.399s) [        6D9C0321]             client.cpp:33    INFO| Client 2 request status from server
2024-05-30 23:38:02.223 (  47.400s) [        6D9C0321]             client.cpp:171   INFO| Client 2 status changed to 0
2024-05-30 23:38:03.226 (  48.403s) [        6D9C0321]             client.cpp:33    INFO| Client 2 request status from server
2024-05-30 23:38:03.226 (  48.403s) [        6D9C0321]             client.cpp:171   INFO| Client 2 status changed to 0
2024-05-30 23:38:04.232 (  49.409s) [        6D9C0321]             client.cpp:33    INFO| Client 2 request status from server
2024-05-30 23:38:04.232 (  49.409s) [        6D9C0321]             client.cpp:171   INFO| Client 2 status changed to 0
2024-05-30 23:38:05.240 (  50.417s) [        6D9C0321]             client.cpp:33    INFO| Client 2 request status from server
2024-05-30 23:38:05.241 (  50.418s) [        6D9C0321]             client.cpp:171   INFO| Client 2 status changed to 0
2024-05-30 23:38:06.249 (  51.426s) [        6D9C0321]             client.cpp:33    INFO| Client 2 request status from server
2024-05-30 23:38:06.250 (  51.427s) [        6D9C0321]             client.cpp:171   INFO| Client 2 status changed to 0
2024-05-30 23:38:07.255 (  52.432s) [        6D9C0321]             client.cpp:33    INFO| Client 2 request status from server
2024-05-30 23:38:07.256 (  52.433s) [        6D9C0321]             client.cpp:171   INFO| Client 2 status changed to 0
2024-05-30 23:38:08.264 (  53.441s) [        6D9C0321]             client.cpp:33    INFO| Client 2 request status from server
2024-05-30 23:38:08.264 (  53.441s) [        6D9C0321]             client.cpp:171   INFO| Client 2 status changed to 0
2024-05-30 23:38:09.272 (  54.449s) [        6D9C0321]             client.cpp:33    INFO| Client 2 request status from server
2024-05-30 23:38:09.273 (  54.450s) [        6D9C0321]             client.cpp:171   INFO| Client 2 status changed to 0
2024-05-30 23:38:10.280 (  55.457s) [        6D9C0321]             client.cpp:33    INFO| Client 2 request status from server
2024-05-30 23:38:10.280 (  55.457s) [        6D9C0321]             client.cpp:171   INFO| Client 2 status changed to 0
2024-05-30 23:38:11.290 (  56.467s) [        6D9C0321]             client.cpp:33    INFO| Client 2 request status from server
2024-05-30 23:38:11.290 (  56.467s) [        6D9C0321]             client.cpp:171   INFO| Client 2 status changed to 0
2024-05-30 23:38:12.017 (  57.194s) [        943FCCF5]             client.cpp:109   INFO| Client 2 cur temp changed to 15.500000
2024-05-30 23:38:12.296 (  57.473s) [        6D9C0321]             client.cpp:33    INFO| Client 2 request status from server
2024-05-30 23:38:12.296 (  57.473s) [        6D9C0321]             client.cpp:171   INFO| Client 2 status changed to 1
2024-05-30 23:38:13.301 (  58.478s) [        6D9C0321]             client.cpp:33    INFO| Client 2 request status from server
2024-05-30 23:38:13.301 (  58.478s) [        6D9C0321]             client.cpp:171   INFO| Client 2 status changed to 1
2024-05-30 23:38:14.317 (  59.494s) [        6D9C0321]             client.cpp:33    INFO| Client 2 request status from server
2024-05-30 23:38:14.318 (  59.495s) [        6D9C0321]             client.cpp:171   INFO| Client 2 status changed to 1
2024-05-30 23:38:15.323 (  60.500s) [        6D9C0321]             client.cpp:33    INFO| Client 2 request status from server
2024-05-30 23:38:15.324 (  60.501s) [        6D9C0321]             client.cpp:171   INFO| Client 2 status changed to 1
2024-05-30 23:38:16.328 (  61.505s) [        6D9C0321]             client.cpp:33    INFO| Client 2 request status from server
2024-05-30 23:38:16.328 (  61.505s) [        6D9C0321]             client.cpp:171   INFO| Client 2 status changed to 1
2024-05-30 23:38:17.336 (  62.513s) [        6D9C0321]             client.cpp:33    INFO| Client 2 request status from server
2024-05-30 23:38:17.337 (  62.514s) [        6D9C0321]             client.cpp:171   INFO| Client 2 status changed to 1
2024-05-30 23:38:18.344 (  63.521s) [        6D9C0321]             client.cpp:33    INFO| Client 2 request status from server
2024-05-30 23:38:18.344 (  63.521s) [        6D9C0321]             client.cpp:171   INFO| Client 2 status changed to 1
2024-05-30 23:38:19.352 (  64.529s) [        6D9C0321]             client.cpp:33    INFO| Client 2 request status from server
2024-05-30 23:38:19.353 (  64.530s) [        6D9C0321]             client.cpp:171   INFO| Client 2 status changed to 1
2024-05-30 23:38:20.361 (  65.538s) [        6D9C0321]             client.cpp:33    INFO| Client 2 request status from server
2024-05-30 23:38:20.362 (  65.539s) [        6D9C0321]             client.cpp:171   INFO| Client 2 status changed to 1
2024-05-30 23:38:21.369 (  66.546s) [        6D9C0321]             client.cpp:33    INFO| Client 2 request status from server
2024-05-30 23:38:21.370 (  66.547s) [        6D9C0321]             client.cpp:171   INFO| Client 2 status changed to 1
2024-05-30 23:38:22.020 (  67.197s) [        943FCCF5]             client.cpp:109   INFO| Client 2 cur temp changed to 16.000000
2024-05-30 23:38:22.380 (  67.557s) [        6D9C0321]             client.cpp:33    INFO| Client 2 request status from server
2024-05-30 23:38:22.380 (  67.557s) [        6D9C0321]             client.cpp:171   INFO| Client 2 status changed to 1
2024-05-30 23:38:23.386 (  68.563s) [        6D9C0321]             client.cpp:33    INFO| Client 2 request status from server
2024-05-30 23:38:23.387 (  68.564s) [        6D9C0321]             client.cpp:171   INFO| Client 2 status changed to 1
2024-05-30 23:38:24.393 (  69.570s) [        6D9C0321]             client.cpp:33    INFO| Client 2 request status from server
2024-05-30 23:38:24.394 (  69.571s) [        6D9C0321]             client.cpp:171   INFO| Client 2 status changed to 1
2024-05-30 23:38:25.401 (  70.578s) [        6D9C0321]             client.cpp:33    INFO| Client 2 request status from server
2024-05-30 23:38:25.401 (  70.578s) [        6D9C0321]             client.cpp:171   INFO| Client 2 status changed to 1
2024-05-30 23:38:26.410 (  71.587s) [        6D9C0321]             client.cpp:33    INFO| Client 2 request status from server
2024-05-30 23:38:26.410 (  71.587s) [        6D9C0321]             client.cpp:171   INFO| Client 2 status changed to 1
2024-05-30 23:38:27.425 (  72.602s) [        6D9C0321]             client.cpp:33    INFO| Client 2 request status from server
2024-05-30 23:38:27.425 (  72.602s) [        6D9C0321]             client.cpp:171   INFO| Client 2 status changed to 1
2024-05-30 23:38:28.433 (  73.610s) [        6D9C0321]             client.cpp:33    INFO| Client 2 request status from server
2024-05-30 23:38:28.434 (  73.611s) [        6D9C0321]             client.cpp:171   INFO| Client 2 status changed to 1
2024-05-30 23:38:29.440 (  74.617s) [        6D9C0321]             client.cpp:33    INFO| Client 2 request status from server
2024-05-30 23:38:29.440 (  74.618s) [        6D9C0321]             client.cpp:171   INFO| Client 2 status changed to 1
2024-05-30 23:38:30.443 (  75.620s) [        6D9C0321]             client.cpp:33    INFO| Client 2 request status from server
2024-05-30 23:38:30.443 (  75.620s) [        6D9C0321]             client.cpp:171   INFO| Client 2 status changed to 1
2024-05-30 23:38:31.451 (  76.628s) [        6D9C0321]             client.cpp:33    INFO| Client 2 request status from server
2024-05-30 23:38:31.452 (  76.629s) [        6D9C0321]             client.cpp:171   INFO| Client 2 status changed to 1
2024-05-30 23:38:32.035 (  77.212s) [        943FCCF5]             client.cpp:109   INFO| Client 2 cur temp changed to 16.500000
2024-05-30 23:38:32.454 (  77.631s) [        6D9C0321]             client.cpp:33    INFO| Client 2 request status from server
2024-05-30 23:38:32.454 (  77.631s) [        6D9C0321]             client.cpp:171   INFO| Client 2 status changed to 0
2024-05-30 23:38:33.461 (  78.638s) [        6D9C0321]             client.cpp:33    INFO| Client 2 request status from server
2024-05-30 23:38:33.461 (  78.638s) [        6D9C0321]             client.cpp:171   INFO| Client 2 status changed to 0
2024-05-30 23:38:34.466 (  79.643s) [        6D9C0321]             client.cpp:33    INFO| Client 2 request status from server
2024-05-30 23:38:34.467 (  79.644s) [        6D9C0321]             client.cpp:171   INFO| Client 2 status changed to 0
2024-05-30 23:38:35.470 (  80.647s) [        6D9C0321]             client.cpp:33    INFO| Client 2 request status from server
2024-05-30 23:38:35.471 (  80.648s) [        6D9C0321]             client.cpp:171   INFO| Client 2 status changed to 0
2024-05-30 23:38:36.477 (  81.654s) [        6D9C0321]             client.cpp:33    INFO| Client 2 request status from server
2024-05-30 23:38:36.477 (  81.654s) [        6D9C0321]             client.cpp:171   INFO| Client 2 status changed to 0
2024-05-30 23:38:37.483 (  82.660s) [        6D9C0321]             client.cpp:33    INFO| Client 2 request status from server
2024-05-30 23:38:37.483 (  82.660s) [        6D9C0321]             client.cpp:171   INFO| Client 2 status changed to 0
2024-05-30 23:38:38.488 (  83.665s) [        6D9C0321]             client.cpp:33    INFO| Client 2 request status from server
2024-05-30 23:38:38.489 (  83.666s) [        6D9C0321]             client.cpp:171   INFO| Client 2 status changed to 0
2024-05-30 23:38:39.500 (  84.677s) [        6D9C0321]             client.cpp:33    INFO| Client 2 request status from server
2024-05-30 23:38:39.501 (  84.678s) [        6D9C0321]             client.cpp:171   INFO| Client 2 status changed to 0
2024-05-30 23:38:40.510 (  85.687s) [        6D9C0321]             client.cpp:33    INFO| Client 2 request status from server
2024-05-30 23:38:40.510 (  85.687s) [        6D9C0321]             client.cpp:171   INFO| Client 2 status changed to 0
2024-05-30 23:38:41.520 (  86.697s) [        6D9C0321]             client.cpp:33    INFO| Client 2 request status from server
2024-05-30 23:38:41.520 (  86.697s) [        6D9C0321]             client.cpp:171   INFO| Client 2 status changed to 0
2024-05-30 23:38:42.046 (  87.223s) [        943FCCF5]             client.cpp:109   INFO| Client 2 cur temp changed to 16.000000
2024-05-30 23:38:42.528 (  87.705s) [        6D9C0321]             client.cpp:33    INFO| Client 2 request status from server
2024-05-30 23:38:42.528 (  87.705s) [        6D9C0321]             client.cpp:171   INFO| Client 2 status changed to 0
2024-05-30 23:38:43.535 (  88.712s) [        6D9C0321]             client.cpp:33    INFO| Client 2 request status from server
2024-05-30 23:38:43.536 (  88.713s) [        6D9C0321]             client.cpp:171   INFO| Client 2 status changed to 0
2024-05-30 23:38:44.543 (  89.720s) [        6D9C0321]             client.cpp:33    INFO| Client 2 request status from server
2024-05-30 23:38:44.543 (  89.720s) [        6D9C0321]             client.cpp:171   INFO| Client 2 status changed to 0
2024-05-30 23:38:45.551 (  90.728s) [        6D9C0321]             client.cpp:33    INFO| Client 2 request status from server
2024-05-30 23:38:45.552 (  90.729s) [        6D9C0321]             client.cpp:171   INFO| Client 2 status changed to 0
2024-05-30 23:38:46.558 (  91.735s) [        6D9C0321]             client.cpp:33    INFO| Client 2 request status from server
2024-05-30 23:38:46.559 (  91.736s) [        6D9C0321]             client.cpp:171   INFO| Client 2 status changed to 0
2024-05-30 23:38:47.565 (  92.742s) [        6D9C0321]             client.cpp:33    INFO| Client 2 request status from server
2024-05-30 23:38:47.565 (  92.742s) [        6D9C0321]             client.cpp:171   INFO| Client 2 status changed to 0
2024-05-30 23:38:48.567 (  93.744s) [        6D9C0321]             client.cpp:33    INFO| Client 2 request status from server
2024-05-30 23:38:48.568 (  93.745s) [        6D9C0321]             client.cpp:171   INFO| Client 2 status changed to 0
2024-05-30 23:38:49.580 (  94.757s) [        6D9C0321]             client.cpp:33    INFO| Client 2 request status from server
2024-05-30 23:38:49.581 (  94.758s) [        6D9C0321]             client.cpp:171   INFO| Client 2 status changed to 0
2024-05-30 23:38:50.590 (  95.767s) [        6D9C0321]             client.cpp:33    INFO| Client 2 request status from server
2024-05-30 23:38:50.590 (  95.767s) [        6D9C0321]             client.cpp:171   INFO| Client 2 status changed to 0
2024-05-30 23:38:51.596 (  96.773s) [        6D9C0321]             client.cpp:33    INFO| Client 2 request status from server
2024-05-30 23:38:51.597 (  96.774s) [        6D9C0321]             client.cpp:171   INFO| Client 2 status changed to 0
2024-05-30 23:38:52.049 (  97.226s) [        943FCCF5]             client.cpp:109   INFO| Client 2 cur temp changed to 15.500000
2024-05-30 23:38:52.609 (  97.786s) [        6D9C0321]             client.cpp:33    INFO| Client 2 request status from server
2024-05-30 23:38:52.609 (  97.786s) [        6D9C0321]             client.cpp:171   INFO| Client 2 status changed to 0
2024-05-30 23:38:53.612 (  98.789s) [        6D9C0321]             client.cpp:33    INFO| Client 2 request status from server
2024-05-30 23:38:53.613 (  98.790s) [        6D9C0321]             client.cpp:171   INFO| Client 2 status changed to 0
2024-05-30 23:38:54.617 (  99.794s) [        6D9C0321]             client.cpp:33    INFO| Client 2 request status from server
2024-05-30 23:38:54.617 (  99.794s) [        6D9C0321]             client.cpp:171   INFO| Client 2 status changed to 0
2024-05-30 23:38:55.624 ( 100.801s) [        6D9C0321]             client.cpp:33    INFO| Client 2 request status from server
2024-05-30 23:38:55.625 ( 100.802s) [        6D9C0321]             client.cpp:171   INFO| Client 2 status changed to 0
2024-05-30 23:38:56.630 ( 101.807s) [        6D9C0321]             client.cpp:33    INFO| Client 2 request status from server
2024-05-30 23:38:56.631 ( 101.808s) [        6D9C0321]             client.cpp:171   INFO| Client 2 status changed to 0
2024-05-30 23:38:57.638 ( 102.815s) [        6D9C0321]             client.cpp:33    INFO| Client 2 request status from server
2024-05-30 23:38:57.638 ( 102.815s) [        6D9C0321]             client.cpp:171   INFO| Client 2 status changed to 0
2024-05-30 23:38:58.641 ( 103.818s) [        6D9C0321]             client.cpp:33    INFO| Client 2 request status from server
2024-05-30 23:38:58.641 ( 103.818s) [        6D9C0321]             client.cpp:171   INFO| Client 2 status changed to 0
2024-05-30 23:38:59.649 ( 104.826s) [        6D9C0321]             client.cpp:33    INFO| Client 2 request status from server
2024-05-30 23:38:59.649 ( 104.826s) [        6D9C0321]             client.cpp:171   INFO| Client 2 status changed to 0
2024-05-30 23:39:00.650 ( 105.827s) [        6D9C0321]             client.cpp:33    INFO| Client 2 request status from server
2024-05-30 23:39:00.651 ( 105.828s) [        6D9C0321]             client.cpp:171   INFO| Client 2 status changed to 0
2024-05-30 23:39:01.657 ( 106.834s) [        6D9C0321]             client.cpp:33    INFO| Client 2 request status from server
2024-05-30 23:39:01.657 ( 106.834s) [        6D9C0321]             client.cpp:171   INFO| Client 2 status changed to 0
2024-05-30 23:39:02.058 ( 107.235s) [        943FCCF5]             client.cpp:109   INFO| Client 2 cur temp changed to 15.000000
2024-05-30 23:39:02.665 ( 107.842s) [        6D9C0321]             client.cpp:33    INFO| Client 2 request status from server
2024-05-30 23:39:02.665 ( 107.842s) [        6D9C0321]             client.cpp:171   INFO| Client 2 status changed to 0
2024-05-30 23:39:03.676 ( 108.853s) [        6D9C0321]             client.cpp:33    INFO| Client 2 request status from server
2024-05-30 23:39:03.677 ( 108.854s) [        6D9C0321]             client.cpp:171   INFO| Client 2 status changed to 0
2024-05-30 23:39:04.686 ( 109.863s) [        6D9C0321]             client.cpp:33    INFO| Client 2 request status from server
2024-05-30 23:39:04.687 ( 109.864s) [        6D9C0321]             client.cpp:171   INFO| Client 2 status changed to 0
2024-05-30 23:39:05.695 ( 110.872s) [        6D9C0321]             client.cpp:33    INFO| Client 2 request status from server
2024-05-30 23:39:05.695 ( 110.872s) [        6D9C0321]             client.cpp:171   INFO| Client 2 status changed to 0
2024-05-30 23:39:06.698 ( 111.875s) [        6D9C0321]             client.cpp:33    INFO| Client 2 request status from server
2024-05-30 23:39:06.699 ( 111.876s) [        6D9C0321]             client.cpp:171   INFO| Client 2 status changed to 0
2024-05-30 23:39:07.703 ( 112.880s) [        6D9C0321]             client.cpp:33    INFO| Client 2 request status from server
2024-05-30 23:39:07.704 ( 112.881s) [        6D9C0321]             client.cpp:171   INFO| Client 2 status changed to 0
2024-05-30 23:39:08.707 ( 113.884s) [        6D9C0321]             client.cpp:33    INFO| Client 2 request status from server
2024-05-30 23:39:08.707 ( 113.884s) [        6D9C0321]             client.cpp:171   INFO| Client 2 status changed to 0
2024-05-30 23:39:09.713 ( 114.890s) [        6D9C0321]             client.cpp:33    INFO| Client 2 request status from server
2024-05-30 23:39:09.713 ( 114.890s) [        6D9C0321]             client.cpp:171   INFO| Client 2 status changed to 0
2024-05-30 23:39:10.719 ( 115.896s) [        6D9C0321]             client.cpp:33    INFO| Client 2 request status from server
2024-05-30 23:39:10.719 ( 115.896s) [        6D9C0321]             client.cpp:171   INFO| Client 2 status changed to 0
2024-05-30 23:39:11.731 ( 116.908s) [        6D9C0321]             client.cpp:33    INFO| Client 2 request status from server
2024-05-30 23:39:11.731 ( 116.908s) [        6D9C0321]             client.cpp:171   INFO| Client 2 status changed to 0
2024-05-30 23:39:12.743 ( 117.920s) [        6D9C0321]             client.cpp:33    INFO| Client 2 request status from server
2024-05-30 23:39:12.744 ( 117.921s) [        6D9C0321]             client.cpp:171   INFO| Client 2 status changed to 0
2024-05-30 23:39:13.748 ( 118.925s) [        6D9C0321]             client.cpp:33    INFO| Client 2 request status from server
2024-05-30 23:39:13.749 ( 118.926s) [        6D9C0321]             client.cpp:171   INFO| Client 2 status changed to 0
2024-05-30 23:39:14.753 ( 119.930s) [        6D9C0321]             client.cpp:33    INFO| Client 2 request status from server
2024-05-30 23:39:14.753 ( 119.930s) [        6D9C0321]             client.cpp:171   INFO| Client 2 status changed to 0
2024-05-30 23:39:14.909 ( 120.086s) [        6D1C2321]             client.cpp:145   INFO| Client 2 wind speed changed to 3
2024-05-30 23:39:15.764 ( 120.941s) [        6D9C0321]             client.cpp:33    INFO| Client 2 request status from server
2024-05-30 23:39:15.765 ( 120.942s) [        6D9C0321]             client.cpp:171   INFO| Client 2 status changed to 0
2024-05-30 23:39:16.772 ( 121.949s) [        6D9C0321]             client.cpp:33    INFO| Client 2 request status from server
2024-05-30 23:39:16.773 ( 121.950s) [        6D9C0321]             client.cpp:171   INFO| Client 2 status changed to 0
2024-05-30 23:39:17.786 ( 122.963s) [        6D9C0321]             client.cpp:33    INFO| Client 2 request status from server
2024-05-30 23:39:17.796 ( 122.973s) [        6D9C0321]             client.cpp:171   INFO| Client 2 status changed to 0
2024-05-30 23:39:18.807 ( 123.984s) [        6D9C0321]             client.cpp:33    INFO| Client 2 request status from server
2024-05-30 23:39:18.808 ( 123.985s) [        6D9C0321]             client.cpp:171   INFO| Client 2 status changed to 0
2024-05-30 23:39:19.817 ( 124.994s) [        6D9C0321]             client.cpp:33    INFO| Client 2 request status from server
2024-05-30 23:39:19.817 ( 124.994s) [        6D9C0321]             client.cpp:171   INFO| Client 2 status changed to 0
2024-05-30 23:39:20.822 ( 125.999s) [        6D9C0321]             client.cpp:33    INFO| Client 2 request status from server
2024-05-30 23:39:20.822 ( 125.999s) [        6D9C0321]             client.cpp:171   INFO| Client 2 status changed to 0
2024-05-30 23:39:21.827 ( 127.004s) [        6D9C0321]             client.cpp:33    INFO| Client 2 request status from server
2024-05-30 23:39:21.827 ( 127.004s) [        6D9C0321]             client.cpp:171   INFO| Client 2 status changed to 0
2024-05-30 23:39:22.838 ( 128.015s) [        6D9C0321]             client.cpp:33    INFO| Client 2 request status from server
2024-05-30 23:39:22.838 ( 128.015s) [        6D9C0321]             client.cpp:171   INFO| Client 2 status changed to 0
2024-05-30 23:39:23.850 ( 129.027s) [        6D9C0321]             client.cpp:33    INFO| Client 2 request status from server
2024-05-30 23:39:23.850 ( 129.027s) [        6D9C0321]             client.cpp:171   INFO| Client 2 status changed to 0
2024-05-30 23:39:24.863 ( 130.040s) [        6D9C0321]             client.cpp:33    INFO| Client 2 request status from server
2024-05-30 23:39:24.863 ( 130.040s) [        6D9C0321]             client.cpp:171   INFO| Client 2 status changed to 0
2024-05-30 23:39:25.867 ( 131.044s) [        6D9C0321]             client.cpp:33    INFO| Client 2 request status from server
2024-05-30 23:39:25.867 ( 131.044s) [        6D9C0321]             client.cpp:171   INFO| Client 2 status changed to 0
2024-05-30 23:39:26.879 ( 132.056s) [        6D9C0321]             client.cpp:33    INFO| Client 2 request status from server
2024-05-30 23:39:26.879 ( 132.057s) [        6D9C0321]             client.cpp:171   INFO| Client 2 status changed to 0
2024-05-30 23:39:27.881 ( 133.058s) [        6D9C0321]             client.cpp:33    INFO| Client 2 request status from server
2024-05-30 23:39:27.881 ( 133.058s) [        6D9C0321]             client.cpp:171   INFO| Client 2 status changed to 0
2024-05-30 23:39:28.895 ( 134.072s) [        6D9C0321]             client.cpp:33    INFO| Client 2 request status from server
2024-05-30 23:39:28.895 ( 134.072s) [        6D9C0321]             client.cpp:171   INFO| Client 2 status changed to 0
2024-05-30 23:39:29.904 ( 135.081s) [        6D9C0321]             client.cpp:33    INFO| Client 2 request status from server
2024-05-30 23:39:29.904 ( 135.081s) [        6D9C0321]             client.cpp:171   INFO| Client 2 status changed to 0
2024-05-30 23:39:30.918 ( 136.095s) [        6D9C0321]             client.cpp:33    INFO| Client 2 request status from server
2024-05-30 23:39:30.921 ( 136.098s) [        6D9C0321]             client.cpp:171   INFO| Client 2 status changed to 0
2024-05-30 23:39:31.955 ( 137.132s) [        6D9C0321]             client.cpp:33    INFO| Client 2 request status from server
2024-05-30 23:39:31.956 ( 137.133s) [        6D9C0321]             client.cpp:171   INFO| Client 2 status changed to 0
2024-05-30 23:39:32.968 ( 138.145s) [        6D9C0321]             client.cpp:33    INFO| Client 2 request status from server
2024-05-30 23:39:32.969 ( 138.146s) [        6D9C0321]             client.cpp:171   INFO| Client 2 status changed to 1
2024-05-30 23:39:32.969 ( 138.146s) [        943FCCF5]             client.cpp:109   INFO| Client 2 cur temp changed to 16.000000
2024-05-30 23:39:33.976 ( 139.153s) [        6D9C0321]             client.cpp:33    INFO| Client 2 request status from server
2024-05-30 23:39:33.976 ( 139.153s) [        6D9C0321]             client.cpp:171   INFO| Client 2 status changed to 1
2024-05-30 23:39:34.983 ( 140.160s) [        6D9C0321]             client.cpp:33    INFO| Client 2 request status from server
2024-05-30 23:39:34.983 ( 140.160s) [        6D9C0321]             client.cpp:171   INFO| Client 2 status changed to 1
2024-05-30 23:39:35.985 ( 141.162s) [        6D9C0321]             client.cpp:33    INFO| Client 2 request status from server
2024-05-30 23:39:35.986 ( 141.163s) [        6D9C0321]             client.cpp:171   INFO| Client 2 status changed to 1
2024-05-30 23:39:36.998 ( 142.175s) [        6D9C0321]             client.cpp:33    INFO| Client 2 request status from server
2024-05-30 23:39:36.998 ( 142.175s) [        6D9C0321]             client.cpp:171   INFO| Client 2 status changed to 1
2024-05-30 23:39:38.005 ( 143.182s) [        6D9C0321]             client.cpp:33    INFO| Client 2 request status from server
2024-05-30 23:39:38.005 ( 143.182s) [        6D9C0321]             client.cpp:171   INFO| Client 2 status changed to 1
2024-05-30 23:39:39.015 ( 144.192s) [        6D9C0321]             client.cpp:33    INFO| Client 2 request status from server
2024-05-30 23:39:39.016 ( 144.193s) [        6D9C0321]             client.cpp:171   INFO| Client 2 status changed to 1
2024-05-30 23:39:40.025 ( 145.202s) [        6D9C0321]             client.cpp:33    INFO| Client 2 request status from server
2024-05-30 23:39:40.025 ( 145.202s) [        6D9C0321]             client.cpp:171   INFO| Client 2 status changed to 1
2024-05-30 23:39:41.027 ( 146.204s) [        6D9C0321]             client.cpp:33    INFO| Client 2 request status from server
2024-05-30 23:39:41.027 ( 146.204s) [        6D9C0321]             client.cpp:171   INFO| Client 2 status changed to 1
2024-05-30 23:39:42.038 ( 147.215s) [        6D9C0321]             client.cpp:33    INFO| Client 2 request status from server
2024-05-30 23:39:42.038 ( 147.215s) [        6D9C0321]             client.cpp:171   INFO| Client 2 status changed to 1
2024-05-30 23:39:42.970 ( 148.147s) [        943FCCF5]             client.cpp:109   INFO| Client 2 cur temp changed to 17.000000
2024-05-30 23:39:43.049 ( 148.226s) [        6D9C0321]             client.cpp:33    INFO| Client 2 request status from server
2024-05-30 23:39:43.049 ( 148.226s) [        6D9C0321]             client.cpp:171   INFO| Client 2 status changed to 1
2024-05-30 23:39:44.057 ( 149.234s) [        6D9C0321]             client.cpp:33    INFO| Client 2 request status from server
2024-05-30 23:39:44.057 ( 149.234s) [        6D9C0321]             client.cpp:171   INFO| Client 2 status changed to 1
2024-05-30 23:39:45.060 ( 150.237s) [        6D9C0321]             client.cpp:33    INFO| Client 2 request status from server
2024-05-30 23:39:45.061 ( 150.238s) [        6D9C0321]             client.cpp:171   INFO| Client 2 status changed to 1
2024-05-30 23:39:46.069 ( 151.246s) [        6D9C0321]             client.cpp:33    INFO| Client 2 request status from server
2024-05-30 23:39:46.069 ( 151.246s) [        6D9C0321]             client.cpp:171   INFO| Client 2 status changed to 1
2024-05-30 23:39:47.070 ( 152.247s) [        6D9C0321]             client.cpp:33    INFO| Client 2 request status from server
2024-05-30 23:39:47.071 ( 152.248s) [        6D9C0321]             client.cpp:171   INFO| Client 2 status changed to 1
2024-05-30 23:39:48.076 ( 153.253s) [        6D9C0321]             client.cpp:33    INFO| Client 2 request status from server
2024-05-30 23:39:48.076 ( 153.253s) [        6D9C0321]             client.cpp:171   INFO| Client 2 status changed to 1
2024-05-30 23:39:49.083 ( 154.260s) [        6D9C0321]             client.cpp:33    INFO| Client 2 request status from server
2024-05-30 23:39:49.084 ( 154.261s) [        6D9C0321]             client.cpp:171   INFO| Client 2 status changed to 1
2024-05-30 23:39:50.092 ( 155.269s) [        6D9C0321]             client.cpp:33    INFO| Client 2 request status from server
2024-05-30 23:39:50.092 ( 155.269s) [        6D9C0321]             client.cpp:171   INFO| Client 2 status changed to 1
2024-05-30 23:39:51.098 ( 156.275s) [        6D9C0321]             client.cpp:33    INFO| Client 2 request status from server
2024-05-30 23:39:51.098 ( 156.275s) [        6D9C0321]             client.cpp:171   INFO| Client 2 status changed to 1
2024-05-30 23:39:52.105 ( 157.282s) [        6D9C0321]             client.cpp:33    INFO| Client 2 request status from server
2024-05-30 23:39:52.105 ( 157.282s) [        6D9C0321]             client.cpp:171   INFO| Client 2 status changed to 1
2024-05-30 23:39:52.985 ( 158.162s) [        943FCCF5]             client.cpp:109   INFO| Client 2 cur temp changed to 18.000000
2024-05-30 23:39:53.111 ( 158.288s) [        6D9C0321]             client.cpp:33    INFO| Client 2 request status from server
2024-05-30 23:39:53.111 ( 158.288s) [        6D9C0321]             client.cpp:171   INFO| Client 2 status changed to 1
2024-05-30 23:39:54.118 ( 159.295s) [        6D9C0321]             client.cpp:33    INFO| Client 2 request status from server
2024-05-30 23:39:54.119 ( 159.296s) [        6D9C0321]             client.cpp:171   INFO| Client 2 status changed to 1
2024-05-30 23:39:55.129 ( 160.306s) [        6D9C0321]             client.cpp:33    INFO| Client 2 request status from server
2024-05-30 23:39:55.129 ( 160.306s) [        6D9C0321]             client.cpp:171   INFO| Client 2 status changed to 1
2024-05-30 23:39:56.134 ( 161.311s) [        6D9C0321]             client.cpp:33    INFO| Client 2 request status from server
2024-05-30 23:39:56.135 ( 161.312s) [        6D9C0321]             client.cpp:171   INFO| Client 2 status changed to 1
2024-05-30 23:39:57.141 ( 162.318s) [        6D9C0321]             client.cpp:33    INFO| Client 2 request status from server
2024-05-30 23:39:57.141 ( 162.318s) [        6D9C0321]             client.cpp:171   INFO| Client 2 status changed to 1
2024-05-30 23:39:58.152 ( 163.329s) [        6D9C0321]             client.cpp:33    INFO| Client 2 request status from server
2024-05-30 23:39:58.152 ( 163.329s) [        6D9C0321]             client.cpp:171   INFO| Client 2 status changed to 1
2024-05-30 23:39:59.158 ( 164.335s) [        6D9C0321]             client.cpp:33    INFO| Client 2 request status from server
2024-05-30 23:39:59.159 ( 164.336s) [        6D9C0321]             client.cpp:171   INFO| Client 2 status changed to 1
2024-05-30 23:40:00.164 ( 165.341s) [        6D9C0321]             client.cpp:33    INFO| Client 2 request status from server
2024-05-30 23:40:00.165 ( 165.342s) [        6D9C0321]             client.cpp:171   INFO| Client 2 status changed to 1
2024-05-30 23:40:01.170 ( 166.347s) [        6D9C0321]             client.cpp:33    INFO| Client 2 request status from server
2024-05-30 23:40:01.170 ( 166.347s) [        6D9C0321]             client.cpp:171   INFO| Client 2 status changed to 1
2024-05-30 23:40:02.176 ( 167.353s) [        6D9C0321]             client.cpp:33    INFO| Client 2 request status from server
2024-05-30 23:40:02.177 ( 167.354s) [        6D9C0321]             client.cpp:171   INFO| Client 2 status changed to 1
2024-05-30 23:40:02.992 ( 168.169s) [        943FCCF5]             client.cpp:109   INFO| Client 2 cur temp changed to 19.000000
2024-05-30 23:40:03.178 ( 168.355s) [        6D9C0321]             client.cpp:33    INFO| Client 2 request status from server
2024-05-30 23:40:03.178 ( 168.355s) [        6D9C0321]             client.cpp:171   INFO| Client 2 status changed to 1
2024-05-30 23:40:04.185 ( 169.362s) [        6D9C0321]             client.cpp:33    INFO| Client 2 request status from server
2024-05-30 23:40:04.186 ( 169.363s) [        6D9C0321]             client.cpp:171   INFO| Client 2 status changed to 1
2024-05-30 23:40:05.190 ( 170.367s) [        6D9C0321]             client.cpp:33    INFO| Client 2 request status from server
2024-05-30 23:40:05.190 ( 170.367s) [        6D9C0321]             client.cpp:171   INFO| Client 2 status changed to 1
2024-05-30 23:40:06.200 ( 171.378s) [        6D9C0321]             client.cpp:33    INFO| Client 2 request status from server
2024-05-30 23:40:06.201 ( 171.378s) [        6D9C0321]             client.cpp:171   INFO| Client 2 status changed to 1
2024-05-30 23:40:07.204 ( 172.381s) [        6D9C0321]             client.cpp:33    INFO| Client 2 request status from server
2024-05-30 23:40:07.205 ( 172.382s) [        6D9C0321]             client.cpp:171   INFO| Client 2 status changed to 1
2024-05-30 23:40:08.212 ( 173.389s) [        6D9C0321]             client.cpp:33    INFO| Client 2 request status from server
2024-05-30 23:40:08.213 ( 173.390s) [        6D9C0321]             client.cpp:171   INFO| Client 2 status changed to 1
2024-05-30 23:40:09.217 ( 174.394s) [        6D9C0321]             client.cpp:33    INFO| Client 2 request status from server
2024-05-30 23:40:09.217 ( 174.394s) [        6D9C0321]             client.cpp:171   INFO| Client 2 status changed to 1
2024-05-30 23:40:10.224 ( 175.401s) [        6D9C0321]             client.cpp:33    INFO| Client 2 request status from server
2024-05-30 23:40:10.224 ( 175.401s) [        6D9C0321]             client.cpp:171   INFO| Client 2 status changed to 1
2024-05-30 23:40:11.232 ( 176.409s) [        6D9C0321]             client.cpp:33    INFO| Client 2 request status from server
2024-05-30 23:40:11.233 ( 176.410s) [        6D9C0321]             client.cpp:171   INFO| Client 2 status changed to 1
2024-05-30 23:40:12.239 ( 177.417s) [        6D9C0321]             client.cpp:33    INFO| Client 2 request status from server
2024-05-30 23:40:12.240 ( 177.417s) [        6D9C0321]             client.cpp:171   INFO| Client 2 status changed to 1
2024-05-30 23:40:12.998 ( 178.175s) [        943FCCF5]             client.cpp:109   INFO| Client 2 cur temp changed to 20.000000
2024-05-30 23:40:13.246 ( 178.423s) [        6D9C0321]             client.cpp:33    INFO| Client 2 request status from server
2024-05-30 23:40:13.247 ( 178.424s) [        6D9C0321]             client.cpp:171   INFO| Client 2 status changed to 1
2024-05-30 23:40:14.258 ( 179.435s) [        6D9C0321]             client.cpp:33    INFO| Client 2 request status from server
2024-05-30 23:40:14.258 ( 179.435s) [        6D9C0321]             client.cpp:171   INFO| Client 2 status changed to 1
2024-05-30 23:40:15.265 ( 180.442s) [        6D9C0321]             client.cpp:33    INFO| Client 2 request status from server
2024-05-30 23:40:15.265 ( 180.442s) [        6D9C0321]             client.cpp:171   INFO| Client 2 status changed to 1
2024-05-30 23:40:16.274 ( 181.451s) [        6D9C0321]             client.cpp:33    INFO| Client 2 request status from server
2024-05-30 23:40:16.274 ( 181.451s) [        6D9C0321]             client.cpp:171   INFO| Client 2 status changed to 1
2024-05-30 23:40:17.284 ( 182.461s) [        6D9C0321]             client.cpp:33    INFO| Client 2 request status from server
2024-05-30 23:40:17.284 ( 182.461s) [        6D9C0321]             client.cpp:171   INFO| Client 2 status changed to 1
2024-05-30 23:40:18.293 ( 183.470s) [        6D9C0321]             client.cpp:33    INFO| Client 2 request status from server
2024-05-30 23:40:18.294 ( 183.471s) [        6D9C0321]             client.cpp:171   INFO| Client 2 status changed to 1
2024-05-30 23:40:19.297 ( 184.475s) [        6D9C0321]             client.cpp:33    INFO| Client 2 request status from server
2024-05-30 23:40:19.298 ( 184.475s) [        6D9C0321]             client.cpp:171   INFO| Client 2 status changed to 1
2024-05-30 23:40:20.306 ( 185.483s) [        6D9C0321]             client.cpp:33    INFO| Client 2 request status from server
2024-05-30 23:40:20.306 ( 185.483s) [        6D9C0321]             client.cpp:171   INFO| Client 2 status changed to 1
2024-05-30 23:40:21.314 ( 186.491s) [        6D9C0321]             client.cpp:33    INFO| Client 2 request status from server
2024-05-30 23:40:21.314 ( 186.491s) [        6D9C0321]             client.cpp:171   INFO| Client 2 status changed to 1
2024-05-30 23:40:22.324 ( 187.502s) [        6D9C0321]             client.cpp:33    INFO| Client 2 request status from server
2024-05-30 23:40:22.325 ( 187.502s) [        6D9C0321]             client.cpp:171   INFO| Client 2 status changed to 1
2024-05-30 23:40:23.006 ( 188.183s) [        943FCCF5]             client.cpp:109   INFO| Client 2 cur temp changed to 21.000000
2024-05-30 23:40:23.332 ( 188.509s) [        6D9C0321]             client.cpp:33    INFO| Client 2 request status from server
2024-05-30 23:40:23.332 ( 188.509s) [        6D9C0321]             client.cpp:171   INFO| Client 2 status changed to 1
2024-05-30 23:40:24.337 ( 189.514s) [        6D9C0321]             client.cpp:33    INFO| Client 2 request status from server
2024-05-30 23:40:24.337 ( 189.514s) [        6D9C0321]             client.cpp:171   INFO| Client 2 status changed to 1
2024-05-30 23:40:25.343 ( 190.520s) [        6D9C0321]             client.cpp:33    INFO| Client 2 request status from server
2024-05-30 23:40:25.343 ( 190.521s) [        6D9C0321]             client.cpp:171   INFO| Client 2 status changed to 1
2024-05-30 23:40:26.350 ( 191.527s) [        6D9C0321]             client.cpp:33    INFO| Client 2 request status from server
2024-05-30 23:40:26.350 ( 191.527s) [        6D9C0321]             client.cpp:171   INFO| Client 2 status changed to 1
2024-05-30 23:40:27.362 ( 192.539s) [        6D9C0321]             client.cpp:33    INFO| Client 2 request status from server
2024-05-30 23:40:27.362 ( 192.539s) [        6D9C0321]             client.cpp:171   INFO| Client 2 status changed to 1
2024-05-30 23:40:28.369 ( 193.546s) [        6D9C0321]             client.cpp:33    INFO| Client 2 request status from server
2024-05-30 23:40:28.369 ( 193.546s) [        6D9C0321]             client.cpp:171   INFO| Client 2 status changed to 1
2024-05-30 23:40:29.377 ( 194.554s) [        6D9C0321]             client.cpp:33    INFO| Client 2 request status from server
2024-05-30 23:40:29.377 ( 194.554s) [        6D9C0321]             client.cpp:171   INFO| Client 2 status changed to 1
2024-05-30 23:40:30.388 ( 195.565s) [        6D9C0321]             client.cpp:33    INFO| Client 2 request status from server
2024-05-30 23:40:30.388 ( 195.565s) [        6D9C0321]             client.cpp:171   INFO| Client 2 status changed to 1
2024-05-30 23:40:31.394 ( 196.572s) [        6D9C0321]             client.cpp:33    INFO| Client 2 request status from server
2024-05-30 23:40:31.395 ( 196.572s) [        6D9C0321]             client.cpp:171   INFO| Client 2 status changed to 1
2024-05-30 23:40:32.399 ( 197.576s) [        6D9C0321]             client.cpp:33    INFO| Client 2 request status from server
2024-05-30 23:40:32.400 ( 197.577s) [        6D9C0321]             client.cpp:171   INFO| Client 2 status changed to 1
2024-05-30 23:40:33.018 ( 198.195s) [        943FCCF5]             client.cpp:109   INFO| Client 2 cur temp changed to 22.000000
2024-05-30 23:40:33.407 ( 198.584s) [        6D9C0321]             client.cpp:33    INFO| Client 2 request status from server
2024-05-30 23:40:33.408 ( 198.585s) [        6D9C0321]             client.cpp:171   INFO| Client 2 status changed to 1
2024-05-30 23:40:34.414 ( 199.591s) [        6D9C0321]             client.cpp:33    INFO| Client 2 request status from server
2024-05-30 23:40:34.414 ( 199.591s) [        6D9C0321]             client.cpp:171   INFO| Client 2 status changed to 1
2024-05-30 23:40:35.003 ( 200.180s) [        6D1C2321]             client.cpp:160   INFO| Client 2 target temp changed to 27.000000
2024-05-30 23:40:35.004 ( 200.181s) [        6D1C2321]             client.cpp:145   INFO| Client 2 wind speed changed to 2
2024-05-30 23:40:35.420 ( 200.597s) [        6D9C0321]             client.cpp:33    INFO| Client 2 request status from server
2024-05-30 23:40:35.420 ( 200.597s) [        6D9C0321]             client.cpp:171   INFO| Client 2 status changed to 1
2024-05-30 23:40:36.428 ( 201.605s) [        6D9C0321]             client.cpp:33    INFO| Client 2 request status from server
2024-05-30 23:40:36.428 ( 201.605s) [        6D9C0321]             client.cpp:171   INFO| Client 2 status changed to 1
2024-05-30 23:40:37.437 ( 202.614s) [        6D9C0321]             client.cpp:33    INFO| Client 2 request status from server
2024-05-30 23:40:37.438 ( 202.615s) [        6D9C0321]             client.cpp:171   INFO| Client 2 status changed to 1
2024-05-30 23:40:38.445 ( 203.622s) [        6D9C0321]             client.cpp:33    INFO| Client 2 request status from server
2024-05-30 23:40:38.445 ( 203.622s) [        6D9C0321]             client.cpp:171   INFO| Client 2 status changed to 1
2024-05-30 23:40:39.460 ( 204.637s) [        6D9C0321]             client.cpp:33    INFO| Client 2 request status from server
2024-05-30 23:40:39.460 ( 204.637s) [        6D9C0321]             client.cpp:171   INFO| Client 2 status changed to 1
2024-05-30 23:40:40.467 ( 205.644s) [        6D9C0321]             client.cpp:33    INFO| Client 2 request status from server
2024-05-30 23:40:40.467 ( 205.644s) [        6D9C0321]             client.cpp:171   INFO| Client 2 status changed to 1
2024-05-30 23:40:41.475 ( 206.652s) [        6D9C0321]             client.cpp:33    INFO| Client 2 request status from server
2024-05-30 23:40:41.475 ( 206.652s) [        6D9C0321]             client.cpp:171   INFO| Client 2 status changed to 1
2024-05-30 23:40:42.481 ( 207.658s) [        6D9C0321]             client.cpp:33    INFO| Client 2 request status from server
2024-05-30 23:40:42.481 ( 207.658s) [        6D9C0321]             client.cpp:171   INFO| Client 2 status changed to 1
2024-05-30 23:40:43.019 ( 208.196s) [        943FCCF5]             client.cpp:109   INFO| Client 2 cur temp changed to 22.500000
2024-05-30 23:40:43.487 ( 208.664s) [        6D9C0321]             client.cpp:33    INFO| Client 2 request status from server
2024-05-30 23:40:43.487 ( 208.664s) [        6D9C0321]             client.cpp:171   INFO| Client 2 status changed to 1
2024-05-30 23:40:44.491 ( 209.668s) [        6D9C0321]             client.cpp:33    INFO| Client 2 request status from server
2024-05-30 23:40:44.492 ( 209.669s) [        6D9C0321]             client.cpp:171   INFO| Client 2 status changed to 1
2024-05-30 23:40:45.493 ( 210.670s) [        6D9C0321]             client.cpp:33    INFO| Client 2 request status from server
2024-05-30 23:40:45.494 ( 210.671s) [        6D9C0321]             client.cpp:171   INFO| Client 2 status changed to 1
2024-05-30 23:40:46.504 ( 211.681s) [        6D9C0321]             client.cpp:33    INFO| Client 2 request status from server
2024-05-30 23:40:46.505 ( 211.682s) [        6D9C0321]             client.cpp:171   INFO| Client 2 status changed to 1
2024-05-30 23:40:47.509 ( 212.686s) [        6D9C0321]             client.cpp:33    INFO| Client 2 request status from server
2024-05-30 23:40:47.510 ( 212.687s) [        6D9C0321]             client.cpp:171   INFO| Client 2 status changed to 1
2024-05-30 23:40:48.515 ( 213.692s) [        6D9C0321]             client.cpp:33    INFO| Client 2 request status from server
2024-05-30 23:40:48.516 ( 213.693s) [        6D9C0321]             client.cpp:171   INFO| Client 2 status changed to 1
2024-05-30 23:40:49.519 ( 214.696s) [        6D9C0321]             client.cpp:33    INFO| Client 2 request status from server
2024-05-30 23:40:49.519 ( 214.696s) [        6D9C0321]             client.cpp:171   INFO| Client 2 status changed to 1
2024-05-30 23:40:50.529 ( 215.707s) [        6D9C0321]             client.cpp:33    INFO| Client 2 request status from server
2024-05-30 23:40:50.530 ( 215.707s) [        6D9C0321]             client.cpp:171   INFO| Client 2 status changed to 1
2024-05-30 23:40:51.543 ( 216.720s) [        6D9C0321]             client.cpp:33    INFO| Client 2 request status from server
2024-05-30 23:40:51.544 ( 216.721s) [        6D9C0321]             client.cpp:171   INFO| Client 2 status changed to 1
2024-05-30 23:40:52.548 ( 217.725s) [        6D9C0321]             client.cpp:33    INFO| Client 2 request status from server
2024-05-30 23:40:52.549 ( 217.726s) [        6D9C0321]             client.cpp:171   INFO| Client 2 status changed to 0
2024-05-30 23:40:53.029 ( 218.206s) [        943FCCF5]             client.cpp:109   INFO| Client 2 cur temp changed to 22.000000
2024-05-30 23:40:53.556 ( 218.733s) [        6D9C0321]             client.cpp:33    INFO| Client 2 request status from server
2024-05-30 23:40:53.556 ( 218.733s) [        6D9C0321]             client.cpp:171   INFO| Client 2 status changed to 0
2024-05-30 23:40:54.566 ( 219.743s) [        6D9C0321]             client.cpp:33    INFO| Client 2 request status from server
2024-05-30 23:40:54.577 ( 219.754s) [        6D9C0321]             client.cpp:171   INFO| Client 2 status changed to 0
2024-05-30 23:40:55.592 ( 220.769s) [        6D9C0321]             client.cpp:33    INFO| Client 2 request status from server
2024-05-30 23:40:55.592 ( 220.769s) [        6D9C0321]             client.cpp:171   INFO| Client 2 status changed to 0
2024-05-30 23:40:56.602 ( 221.779s) [        6D9C0321]             client.cpp:33    INFO| Client 2 request status from server
2024-05-30 23:40:56.603 ( 221.780s) [        6D9C0321]             client.cpp:171   INFO| Client 2 status changed to 0
2024-05-30 23:40:57.611 ( 222.788s) [        6D9C0321]             client.cpp:33    INFO| Client 2 request status from server
2024-05-30 23:40:57.611 ( 222.788s) [        6D9C0321]             client.cpp:171   INFO| Client 2 status changed to 0
2024-05-30 23:40:58.619 ( 223.796s) [        6D9C0321]             client.cpp:33    INFO| Client 2 request status from server
2024-05-30 23:40:58.619 ( 223.796s) [        6D9C0321]             client.cpp:171   INFO| Client 2 status changed to 0
2024-05-30 23:40:59.629 ( 224.806s) [        6D9C0321]             client.cpp:33    INFO| Client 2 request status from server
2024-05-30 23:40:59.629 ( 224.806s) [        6D9C0321]             client.cpp:171   INFO| Client 2 status changed to 0
2024-05-30 23:41:00.632 ( 225.809s) [        6D9C0321]             client.cpp:33    INFO| Client 2 request status from server
2024-05-30 23:41:00.632 ( 225.809s) [        6D9C0321]             client.cpp:171   INFO| Client 2 status changed to 0
2024-05-30 23:41:01.642 ( 226.819s) [        6D9C0321]             client.cpp:33    INFO| Client 2 request status from server
2024-05-30 23:41:01.642 ( 226.819s) [        6D9C0321]             client.cpp:171   INFO| Client 2 status changed to 0
2024-05-30 23:41:02.651 ( 227.828s) [        6D9C0321]             client.cpp:33    INFO| Client 2 request status from server
2024-05-30 23:41:02.652 ( 227.829s) [        6D9C0321]             client.cpp:171   INFO| Client 2 status changed to 0
2024-05-30 23:41:03.040 ( 228.217s) [        943FCCF5]             client.cpp:109   INFO| Client 2 cur temp changed to 21.500000
2024-05-30 23:41:03.659 ( 228.836s) [        6D9C0321]             client.cpp:33    INFO| Client 2 request status from server
2024-05-30 23:41:03.660 ( 228.837s) [        6D9C0321]             client.cpp:171   INFO| Client 2 status changed to 0
2024-05-30 23:41:04.662 ( 229.839s) [        6D9C0321]             client.cpp:33    INFO| Client 2 request status from server
2024-05-30 23:41:04.662 ( 229.839s) [        6D9C0321]             client.cpp:171   INFO| Client 2 status changed to 0
2024-05-30 23:41:05.669 ( 230.846s) [        6D9C0321]             client.cpp:33    INFO| Client 2 request status from server
2024-05-30 23:41:05.670 ( 230.847s) [        6D9C0321]             client.cpp:171   INFO| Client 2 status changed to 0
2024-05-30 23:41:06.676 ( 231.853s) [        6D9C0321]             client.cpp:33    INFO| Client 2 request status from server
2024-05-30 23:41:06.677 ( 231.854s) [        6D9C0321]             client.cpp:171   INFO| Client 2 status changed to 0
2024-05-30 23:41:07.681 ( 232.858s) [        6D9C0321]             client.cpp:33    INFO| Client 2 request status from server
2024-05-30 23:41:07.682 ( 232.859s) [        6D9C0321]             client.cpp:171   INFO| Client 2 status changed to 0
2024-05-30 23:41:08.686 ( 233.863s) [        6D9C0321]             client.cpp:33    INFO| Client 2 request status from server
2024-05-30 23:41:08.686 ( 233.863s) [        6D9C0321]             client.cpp:171   INFO| Client 2 status changed to 0
2024-05-30 23:41:09.694 ( 234.871s) [        6D9C0321]             client.cpp:33    INFO| Client 2 request status from server
2024-05-30 23:41:09.694 ( 234.871s) [        6D9C0321]             client.cpp:171   INFO| Client 2 status changed to 0
2024-05-30 23:41:10.698 ( 235.875s) [        6D9C0321]             client.cpp:33    INFO| Client 2 request status from server
2024-05-30 23:41:10.698 ( 235.875s) [        6D9C0321]             client.cpp:171   INFO| Client 2 status changed to 0
2024-05-30 23:41:11.706 ( 236.883s) [        6D9C0321]             client.cpp:33    INFO| Client 2 request status from server
2024-05-30 23:41:11.706 ( 236.883s) [        6D9C0321]             client.cpp:171   INFO| Client 2 status changed to 0
2024-05-30 23:41:12.712 ( 237.889s) [        6D9C0321]             client.cpp:33    INFO| Client 2 request status from server
2024-05-30 23:41:12.712 ( 237.889s) [        6D9C0321]             client.cpp:171   INFO| Client 2 status changed to 1
2024-05-30 23:41:13.053 ( 238.230s) [        943FCCF5]             client.cpp:109   INFO| Client 2 cur temp changed to 22.000000
2024-05-30 23:41:13.722 ( 238.899s) [        6D9C0321]             client.cpp:33    INFO| Client 2 request status from server
2024-05-30 23:41:13.722 ( 238.899s) [        6D9C0321]             client.cpp:171   INFO| Client 2 status changed to 1
2024-05-30 23:41:14.729 ( 239.906s) [        6D9C0321]             client.cpp:33    INFO| Client 2 request status from server
2024-05-30 23:41:14.729 ( 239.906s) [        6D9C0321]             client.cpp:171   INFO| Client 2 status changed to 1
2024-05-30 23:41:15.739 ( 240.916s) [        6D9C0321]             client.cpp:33    INFO| Client 2 request status from server
2024-05-30 23:41:15.740 ( 240.917s) [        6D9C0321]             client.cpp:171   INFO| Client 2 status changed to 1
2024-05-30 23:41:16.750 ( 241.927s) [        6D9C0321]             client.cpp:33    INFO| Client 2 request status from server
2024-05-30 23:41:16.751 ( 241.928s) [        6D9C0321]             client.cpp:171   INFO| Client 2 status changed to 1
2024-05-30 23:41:17.764 ( 242.941s) [        6D9C0321]             client.cpp:33    INFO| Client 2 request status from server
2024-05-30 23:41:17.764 ( 242.941s) [        6D9C0321]             client.cpp:171   INFO| Client 2 status changed to 1
2024-05-30 23:41:18.772 ( 243.949s) [        6D9C0321]             client.cpp:33    INFO| Client 2 request status from server
2024-05-30 23:41:18.772 ( 243.949s) [        6D9C0321]             client.cpp:171   INFO| Client 2 status changed to 1
2024-05-30 23:41:19.777 ( 244.954s) [        6D9C0321]             client.cpp:33    INFO| Client 2 request status from server
2024-05-30 23:41:19.777 ( 244.954s) [        6D9C0321]             client.cpp:171   INFO| Client 2 status changed to 1
2024-05-30 23:41:20.780 ( 245.957s) [        6D9C0321]             client.cpp:33    INFO| Client 2 request status from server
2024-05-30 23:41:20.780 ( 245.957s) [        6D9C0321]             client.cpp:171   INFO| Client 2 status changed to 1
2024-05-30 23:41:21.786 ( 246.963s) [        6D9C0321]             client.cpp:33    INFO| Client 2 request status from server
2024-05-30 23:41:21.786 ( 246.963s) [        6D9C0321]             client.cpp:171   INFO| Client 2 status changed to 1
2024-05-30 23:41:22.798 ( 247.975s) [        6D9C0321]             client.cpp:33    INFO| Client 2 request status from server
2024-05-30 23:41:22.798 ( 247.975s) [        6D9C0321]             client.cpp:171   INFO| Client 2 status changed to 1
2024-05-30 23:41:23.062 ( 248.239s) [        943FCCF5]             client.cpp:109   INFO| Client 2 cur temp changed to 22.500000
2024-05-30 23:41:23.804 ( 248.981s) [        6D9C0321]             client.cpp:33    INFO| Client 2 request status from server
2024-05-30 23:41:23.804 ( 248.981s) [        6D9C0321]             client.cpp:171   INFO| Client 2 status changed to 1
2024-05-30 23:41:24.815 ( 249.992s) [        6D9C0321]             client.cpp:33    INFO| Client 2 request status from server
2024-05-30 23:41:24.815 ( 249.992s) [        6D9C0321]             client.cpp:171   INFO| Client 2 status changed to 1
2024-05-30 23:41:25.047 ( 250.225s) [        6D1C2321]             client.cpp:213   INFO| Client 2 power off
2024-05-30 23:41:25.822 ( 250.999s) [        6D9C0321]             client.cpp:33    INFO| Client 2 request status from server
2024-05-30 23:41:25.823 ( 251.000s) [        6D9C0321]             client.cpp:171   INFO| Client 2 status changed to 1
2024-05-30 23:41:33.070 ( 258.247s) [        943FCCF5]             client.cpp:109   INFO| Client 2 cur temp changed to 22.000000
2024-05-30 23:41:43.086 ( 268.263s) [        943FCCF5]             client.cpp:109   INFO| Client 2 cur temp changed to 21.500000
